--------------- Build Started: 10/09/2015 14:02:23 Project: Design01, Configuration: ARM GCC 4.8.4 Debug ---------------
The code generation step is up to date.
arm-none-eabi-gcc.exe -mcpu=cortex-m3 -mthumb -Wno-main -I..\..\CMSIS_project\CMSIS_project.cydsn\CMSISfile\CMSIS\Include -I. -IGenerated_Source\PSoC5 -Wa,-alh=.\CortexM3\ARM_GCC_484\Debug/main.lst -g -D DEBUG -D ARM_MATH_CM3 -Wall -ffunction-sections -O0 -c .\main.c -o .\CortexM3\ARM_GCC_484\Debug\main.o
.\main.c: In function 'main':
.\main.c:129:15: warning: unused variable 'flashptr' [-Wunused-variable]
       int16 * flashptr = CY_FLASH_BASE;
               ^
.\main.c:128:13: warning: unused variable 'Difference' [-Wunused-variable]
       q15_t Difference[buffer_size/2];
             ^
.\main.c:127:13: warning: unused variable 'testOutput1' [-Wunused-variable]
       q15_t testOutput1[buffer_size/2];
             ^
.\main.c:126:13: warning: unused variable 'testOutput0' [-Wunused-variable]
       q15_t testOutput0[buffer_size/2];
             ^
.\main.c:125:15: warning: unused variable 'doBitReverse' [-Wunused-variable]
       uint8_t doBitReverse = 1;
               ^
.\main.c:124:15: warning: unused variable 'ifftFlag' [-Wunused-variable]
       uint8_t ifftFlag = 0;
               ^
.\main.c:123:16: warning: unused variable 'fftSize' [-Wunused-variable]
       uint16_t fftSize = 1024;
                ^
.\main.c:122:16: warning: unused variable 'srcColumns' [-Wunused-variable]
       uint32_t srcColumns = buffer_size/2; 
                ^
.\main.c:121:16: warning: unused variable 'srcRows' [-Wunused-variable]
       uint32_t srcRows = 1;
                ^
.\main.c: At top level:
.\main.c:78:15: warning: 'fftlength' defined but not used [-Wunused-variable]
 static uint32 fftlength=buffer_size/2;
               ^
.\main.c:79:15: warning: 'i' defined but not used [-Wunused-variable]
 static uint32 i=0;
               ^
.\main.c:80:15: warning: 'count' defined but not used [-Wunused-variable]
 static uint16 count=0;
               ^
.\main.c:81:15: warning: 'end1' defined but not used [-Wunused-variable]
 static uint16 end1,end2,end3,end4,end5;
               ^
.\main.c:81:20: warning: 'end2' defined but not used [-Wunused-variable]
 static uint16 end1,end2,end3,end4,end5;
                    ^
.\main.c:81:25: warning: 'end3' defined but not used [-Wunused-variable]
 static uint16 end1,end2,end3,end4,end5;
                         ^
.\main.c:81:30: warning: 'end4' defined but not used [-Wunused-variable]
 static uint16 end1,end2,end3,end4,end5;
                              ^
.\main.c:81:35: warning: 'end5' defined but not used [-Wunused-variable]
 static uint16 end1,end2,end3,end4,end5;
                                   ^
.\main.c:82:14: warning: 'maxValue' defined but not used [-Wunused-variable]
 static q15_t maxValue;
              ^
.\main.c:83:15: warning: 'testIndex' defined but not used [-Wunused-variable]
 static uint32 testIndex;
               ^
.\main.c:86:14: warning: 'onset' defined but not used [-Wunused-variable]
 static uint8 onset=0;
              ^
arm-none-eabi-ar.exe -rs .\CortexM3\ARM_GCC_484\Debug\Design01.a .\CortexM3\ARM_GCC_484\Debug\cyfitter_cfg.o .\CortexM3\ARM_GCC_484\Debug\CyBootAsmGnu.o .\CortexM3\ARM_GCC_484\Debug\CyDmac.o .\CortexM3\ARM_GCC_484\Debug\CyFlash.o .\CortexM3\ARM_GCC_484\Debug\CyLib.o .\CortexM3\ARM_GCC_484\Debug\cyPm.o .\CortexM3\ARM_GCC_484\Debug\CySpc.o .\CortexM3\ARM_GCC_484\Debug\cyutils.o .\CortexM3\ARM_GCC_484\Debug\LCD_Char_1.o .\CortexM3\ARM_GCC_484\Debug\LCD_Char_1_PM.o .\CortexM3\ARM_GCC_484\Debug\LCD_Char_1_LCDPort.o .\CortexM3\ARM_GCC_484\Debug\P0_0.o .\CortexM3\ARM_GCC_484\Debug\ADC_DelSig_1.o .\CortexM3\ARM_GCC_484\Debug\ADC_DelSig_1_PM.o .\CortexM3\ARM_GCC_484\Debug\ADC_DelSig_1_INT.o .\CortexM3\ARM_GCC_484\Debug\DMA_1_dma.o .\CortexM3\ARM_GCC_484\Debug\ADC_DelSig_1_AMux.o .\CortexM3\ARM_GCC_484\Debug\ADC_DelSig_1_Ext_CP_Clk.o .\CortexM3\ARM_GCC_484\Debug\ADC_DelSig_1_IRQ.o .\CortexM3\ARM_GCC_484\Debug\ADC_DelSig_1_theACLK.o .\CortexM3\ARM_GCC_484\Debug\Pin_1.o .\CortexM3\ARM_GCC_484\Debug\DMA_2_dma.o .\CortexM3\ARM_GCC_484\Debug\Pin_2.o .\CortexM3\ARM_GCC_484\Debug\isr_1.o .\CortexM3\ARM_GCC_484\Debug\isr_2.o .\CortexM3\ARM_GCC_484\Debug\Red_LED.o .\CortexM3\ARM_GCC_484\Debug\Filter.o .\CortexM3\ARM_GCC_484\Debug\Filter_PM.o .\CortexM3\ARM_GCC_484\Debug\Filter_PVT.o .\CortexM3\ARM_GCC_484\Debug\Filter_RAM_Data.o .\CortexM3\ARM_GCC_484\Debug\Filter_Coefficients.o .\CortexM3\ARM_GCC_484\Debug\ADC2Filter_DMA_dma.o .\CortexM3\ARM_GCC_484\Debug\Pin_3.o .\CortexM3\ARM_GCC_484\Debug\Pin_4.o .\CortexM3\ARM_GCC_484\Debug\Pin_5.o .\CortexM3\ARM_GCC_484\Debug\DMA_4_dma.o .\CortexM3\ARM_GCC_484\Debug\DMA_3_dma.o .\CortexM3\ARM_GCC_484\Debug\Pin_6.o .\CortexM3\ARM_GCC_484\Debug\Pin_7.o
arm-none-eabi-ar.exe: creating .\CortexM3\ARM_GCC_484\Debug\Design01.a
arm-none-eabi-gcc.exe -Wl,--start-group -o .\CortexM3\ARM_GCC_484\Debug\Design01.elf .\CortexM3\ARM_GCC_484\Debug\main.o .\CortexM3\ARM_GCC_484\Debug\math_helper.o .\CortexM3\ARM_GCC_484\Debug\cymetadata.o .\CortexM3\ARM_GCC_484\Debug\Cm3Start.o .\CortexM3\ARM_GCC_484\Debug\Design01.a "C:\Program Files\Cypress\PSoC Creator\3.2\PSoC Creator\psoc\content\cycomponentlibrary\CyComponentLibrary.cylib\CortexM3\ARM_GCC_484\Debug\CyComponentLibrary.a" -mcpu=cortex-m3 -mthumb -g -ffunction-sections -O0 -l arm_cortexM3l_math -L ..\..\CMSIS_project\CMSIS_project.cydsn\CMSISfile\CMSIS\Lib\GCC -Wl,-Map,.\CortexM3\ARM_GCC_484\Debug/Design01.map -T Generated_Source\PSoC5\cm3gcc.ld -specs=nano.specs -Wl,--gc-sections -lm -Wl,--end-group
cyelftool.exe -C "\\vmware-host\Shared Folders\scottcarlson On My Mac\Code\PSoC_Creator\Design01\Design01.cydsn\CortexM3\ARM_GCC_484\Debug\Design01.elf" --flash_row_size 256 --flash_size 262144
cyelftool.exe -S "\\vmware-host\Shared Folders\scottcarlson On My Mac\Code\PSoC_Creator\Design01\Design01.cydsn\CortexM3\ARM_GCC_484\Debug\Design01.elf"
Flash used: 10752 of 262144 bytes (4.1 %).
SRAM used: 39381 of 65536 bytes (60.1 %). Stack: 16384 bytes. Heap: 4096 bytes.
--------------- Build Succeeded: 10/09/2015 14:02:30 ---------------
