ARM GAS  C:\Users\SCOTTC~1\AppData\Local\Temp\cc9BdAnk.s 			page 1


   1              		.syntax unified
   2              		.cpu cortex-m3
   3              		.fpu softvfp
   4              		.eabi_attribute 20, 1
   5              		.eabi_attribute 21, 1
   6              		.eabi_attribute 23, 3
   7              		.eabi_attribute 24, 1
   8              		.eabi_attribute 25, 1
   9              		.eabi_attribute 26, 1
  10              		.eabi_attribute 30, 6
  11              		.eabi_attribute 34, 1
  12              		.eabi_attribute 18, 4
  13              		.thumb
  14              		.file	"Filter_RAM_Data.c"
  15              		.text
  16              	.Ltext0:
  17              		.cfi_sections	.debug_frame
  18              		.global	Filter_control
  19              		.section	.rodata
  20              		.align	2
  21              		.type	Filter_control, %object
  22              		.size	Filter_control, 256
  23              	Filter_control:
  24 0000 20       		.byte	32
  25 0001 13       		.byte	19
  26 0002 00       		.byte	0
  27 0003 25       		.byte	37
  28 0004 61       		.byte	97
  29 0005 17       		.byte	23
  30 0006 80       		.byte	-128
  31 0007 26       		.byte	38
  32 0008 01       		.byte	1
  33 0009 00       		.byte	0
  34 000a 80       		.byte	-128
  35 000b 26       		.byte	38
  36 000c 01       		.byte	1
  37 000d 00       		.byte	0
  38 000e 80       		.byte	-128
  39 000f 26       		.byte	38
  40 0010 01       		.byte	1
  41 0011 00       		.byte	0
  42 0012 80       		.byte	-128
  43 0013 26       		.byte	38
  44 0014 E0       		.byte	-32
  45 0015 0E       		.byte	14
  46 0016 80       		.byte	-128
  47 0017 26       		.byte	38
  48 0018 C2       		.byte	-62
  49 0019 0C       		.byte	12
  50 001a 80       		.byte	-128
  51 001b 26       		.byte	38
  52 001c 02       		.byte	2
  53 001d 00       		.byte	0
  54 001e 80       		.byte	-128
  55 001f 06       		.byte	6
  56 0020 65       		.byte	101
  57 0021 87       		.byte	-121
ARM GAS  C:\Users\SCOTTC~1\AppData\Local\Temp\cc9BdAnk.s 			page 2


  58 0022 18       		.byte	24
  59 0023 6D       		.byte	109
  60 0024 64       		.byte	100
  61 0025 09       		.byte	9
  62 0026 18       		.byte	24
  63 0027 3E       		.byte	62
  64 0028 00       		.byte	0
  65 0029 00       		.byte	0
  66 002a 80       		.byte	-128
  67 002b 26       		.byte	38
  68 002c 03       		.byte	3
  69 002d 20       		.byte	32
  70 002e 80       		.byte	-128
  71 002f 26       		.byte	38
  72 0030 21       		.byte	33
  73 0031 02       		.byte	2
  74 0032 18       		.byte	24
  75 0033 7F       		.byte	127
  76 0034 E6       		.byte	-26
  77 0035 0E       		.byte	14
  78 0036 80       		.byte	-128
  79 0037 26       		.byte	38
  80 0038 C8       		.byte	-56
  81 0039 0C       		.byte	12
  82 003a 80       		.byte	-128
  83 003b 26       		.byte	38
  84 003c 00       		.byte	0
  85 003d 00       		.byte	0
  86 003e 80       		.byte	-128
  87 003f 06       		.byte	6
  88 0040 6B       		.byte	107
  89 0041 87       		.byte	-121
  90 0042 18       		.byte	24
  91 0043 6D       		.byte	109
  92 0044 6A       		.byte	106
  93 0045 09       		.byte	9
  94 0046 18       		.byte	24
  95 0047 3E       		.byte	62
  96 0048 00       		.byte	0
  97 0049 00       		.byte	0
  98 004a 80       		.byte	-128
  99 004b 26       		.byte	38
 100 004c 01       		.byte	1
 101 004d 20       		.byte	32
 102 004e 80       		.byte	-128
 103 004f 26       		.byte	38
 104 0050 21       		.byte	33
 105 0051 02       		.byte	2
 106 0052 18       		.byte	24
 107 0053 7F       		.byte	127
 108 0054 00       		.byte	0
 109 0055 00       		.byte	0
 110 0056 00       		.byte	0
 111 0057 00       		.byte	0
 112 0058 00       		.byte	0
 113 0059 00       		.byte	0
 114 005a 00       		.byte	0
ARM GAS  C:\Users\SCOTTC~1\AppData\Local\Temp\cc9BdAnk.s 			page 3


 115 005b 00       		.byte	0
 116 005c 00       		.byte	0
 117 005d 00       		.byte	0
 118 005e 00       		.byte	0
 119 005f 00       		.byte	0
 120 0060 00       		.byte	0
 121 0061 00       		.byte	0
 122 0062 00       		.byte	0
 123 0063 00       		.byte	0
 124 0064 00       		.byte	0
 125 0065 00       		.byte	0
 126 0066 00       		.byte	0
 127 0067 00       		.byte	0
 128 0068 00       		.byte	0
 129 0069 00       		.byte	0
 130 006a 00       		.byte	0
 131 006b 00       		.byte	0
 132 006c 00       		.byte	0
 133 006d 00       		.byte	0
 134 006e 00       		.byte	0
 135 006f 00       		.byte	0
 136 0070 00       		.byte	0
 137 0071 00       		.byte	0
 138 0072 00       		.byte	0
 139 0073 00       		.byte	0
 140 0074 00       		.byte	0
 141 0075 00       		.byte	0
 142 0076 00       		.byte	0
 143 0077 00       		.byte	0
 144 0078 00       		.byte	0
 145 0079 00       		.byte	0
 146 007a 00       		.byte	0
 147 007b 00       		.byte	0
 148 007c 00       		.byte	0
 149 007d 00       		.byte	0
 150 007e 00       		.byte	0
 151 007f 00       		.byte	0
 152 0080 00       		.byte	0
 153 0081 00       		.byte	0
 154 0082 00       		.byte	0
 155 0083 00       		.byte	0
 156 0084 00       		.byte	0
 157 0085 00       		.byte	0
 158 0086 00       		.byte	0
 159 0087 00       		.byte	0
 160 0088 00       		.byte	0
 161 0089 00       		.byte	0
 162 008a 00       		.byte	0
 163 008b 00       		.byte	0
 164 008c 00       		.byte	0
 165 008d 00       		.byte	0
 166 008e 00       		.byte	0
 167 008f 00       		.byte	0
 168 0090 00       		.byte	0
 169 0091 00       		.byte	0
 170 0092 00       		.byte	0
 171 0093 00       		.byte	0
ARM GAS  C:\Users\SCOTTC~1\AppData\Local\Temp\cc9BdAnk.s 			page 4


 172 0094 00       		.byte	0
 173 0095 00       		.byte	0
 174 0096 00       		.byte	0
 175 0097 00       		.byte	0
 176 0098 00       		.byte	0
 177 0099 00       		.byte	0
 178 009a 00       		.byte	0
 179 009b 00       		.byte	0
 180 009c 00       		.byte	0
 181 009d 00       		.byte	0
 182 009e 00       		.byte	0
 183 009f 00       		.byte	0
 184 00a0 00       		.byte	0
 185 00a1 00       		.byte	0
 186 00a2 00       		.byte	0
 187 00a3 00       		.byte	0
 188 00a4 00       		.byte	0
 189 00a5 00       		.byte	0
 190 00a6 00       		.byte	0
 191 00a7 00       		.byte	0
 192 00a8 00       		.byte	0
 193 00a9 00       		.byte	0
 194 00aa 00       		.byte	0
 195 00ab 00       		.byte	0
 196 00ac 00       		.byte	0
 197 00ad 00       		.byte	0
 198 00ae 00       		.byte	0
 199 00af 00       		.byte	0
 200 00b0 00       		.byte	0
 201 00b1 00       		.byte	0
 202 00b2 00       		.byte	0
 203 00b3 00       		.byte	0
 204 00b4 00       		.byte	0
 205 00b5 00       		.byte	0
 206 00b6 00       		.byte	0
 207 00b7 00       		.byte	0
 208 00b8 00       		.byte	0
 209 00b9 00       		.byte	0
 210 00ba 00       		.byte	0
 211 00bb 00       		.byte	0
 212 00bc 00       		.byte	0
 213 00bd 00       		.byte	0
 214 00be 00       		.byte	0
 215 00bf 00       		.byte	0
 216 00c0 00       		.byte	0
 217 00c1 00       		.byte	0
 218 00c2 00       		.byte	0
 219 00c3 00       		.byte	0
 220 00c4 00       		.byte	0
 221 00c5 00       		.byte	0
 222 00c6 00       		.byte	0
 223 00c7 00       		.byte	0
 224 00c8 00       		.byte	0
 225 00c9 00       		.byte	0
 226 00ca 00       		.byte	0
 227 00cb 00       		.byte	0
 228 00cc 00       		.byte	0
ARM GAS  C:\Users\SCOTTC~1\AppData\Local\Temp\cc9BdAnk.s 			page 5


 229 00cd 00       		.byte	0
 230 00ce 00       		.byte	0
 231 00cf 00       		.byte	0
 232 00d0 00       		.byte	0
 233 00d1 00       		.byte	0
 234 00d2 00       		.byte	0
 235 00d3 00       		.byte	0
 236 00d4 00       		.byte	0
 237 00d5 00       		.byte	0
 238 00d6 00       		.byte	0
 239 00d7 00       		.byte	0
 240 00d8 00       		.byte	0
 241 00d9 00       		.byte	0
 242 00da 00       		.byte	0
 243 00db 00       		.byte	0
 244 00dc 00       		.byte	0
 245 00dd 00       		.byte	0
 246 00de 00       		.byte	0
 247 00df 00       		.byte	0
 248 00e0 00       		.byte	0
 249 00e1 00       		.byte	0
 250 00e2 00       		.byte	0
 251 00e3 00       		.byte	0
 252 00e4 00       		.byte	0
 253 00e5 00       		.byte	0
 254 00e6 00       		.byte	0
 255 00e7 00       		.byte	0
 256 00e8 00       		.byte	0
 257 00e9 00       		.byte	0
 258 00ea 00       		.byte	0
 259 00eb 00       		.byte	0
 260 00ec 00       		.byte	0
 261 00ed 00       		.byte	0
 262 00ee 00       		.byte	0
 263 00ef 00       		.byte	0
 264 00f0 00       		.byte	0
 265 00f1 00       		.byte	0
 266 00f2 00       		.byte	0
 267 00f3 00       		.byte	0
 268 00f4 00       		.byte	0
 269 00f5 00       		.byte	0
 270 00f6 00       		.byte	0
 271 00f7 00       		.byte	0
 272 00f8 00       		.byte	0
 273 00f9 00       		.byte	0
 274 00fa 00       		.byte	0
 275 00fb 00       		.byte	0
 276 00fc 00       		.byte	0
 277 00fd 00       		.byte	0
 278 00fe 00       		.byte	0
 279 00ff 00       		.byte	0
 280              		.global	Filter_data_a
 281              		.align	2
 282              		.type	Filter_data_a, %object
 283              		.size	Filter_data_a, 512
 284              	Filter_data_a:
 285 0100 00000000 		.space	512
ARM GAS  C:\Users\SCOTTC~1\AppData\Local\Temp\cc9BdAnk.s 			page 6


 285      00000000 
 285      00000000 
 285      00000000 
 285      00000000 
 286              		.global	Filter_data_b
 287              		.align	2
 288              		.type	Filter_data_b, %object
 289              		.size	Filter_data_b, 512
 290              	Filter_data_b:
 291 0300 33       		.byte	51
 292 0301 02       		.byte	2
 293 0302 00       		.byte	0
 294 0303 00       		.byte	0
 295 0304 DB       		.byte	-37
 296 0305 F2       		.byte	-14
 297 0306 FF       		.byte	-1
 298 0307 00       		.byte	0
 299 0308 D1       		.byte	-47
 300 0309 24       		.byte	36
 301 030a 00       		.byte	0
 302 030b 00       		.byte	0
 303 030c 06       		.byte	6
 304 030d C4       		.byte	-60
 305 030e FF       		.byte	-1
 306 030f 00       		.byte	0
 307 0310 29       		.byte	41
 308 0311 2D       		.byte	45
 309 0312 00       		.byte	0
 310 0313 00       		.byte	0
 311 0314 23       		.byte	35
 312 0315 37       		.byte	55
 313 0316 00       		.byte	0
 314 0317 00       		.byte	0
 315 0318 AE       		.byte	-82
 316 0319 FC       		.byte	-4
 317 031a FE       		.byte	-2
 318 031b 00       		.byte	0
 319 031c 0F       		.byte	15
 320 031d FA       		.byte	-6
 321 031e 01       		.byte	1
 322 031f 00       		.byte	0
 323 0320 1D       		.byte	29
 324 0321 8C       		.byte	-116
 325 0322 FD       		.byte	-3
 326 0323 00       		.byte	0
 327 0324 1C       		.byte	28
 328 0325 85       		.byte	-123
 329 0326 01       		.byte	1
 330 0327 00       		.byte	0
 331 0328 98       		.byte	-104
 332 0329 8C       		.byte	-116
 333 032a 01       		.byte	1
 334 032b 00       		.byte	0
 335 032c 1F       		.byte	31
 336 032d 61       		.byte	97
 337 032e F9       		.byte	-7
 338 032f 00       		.byte	0
ARM GAS  C:\Users\SCOTTC~1\AppData\Local\Temp\cc9BdAnk.s 			page 7


 339 0330 01       		.byte	1
 340 0331 FC       		.byte	-4
 341 0332 0B       		.byte	11
 342 0333 00       		.byte	0
 343 0334 04       		.byte	4
 344 0335 97       		.byte	-105
 345 0336 F2       		.byte	-14
 346 0337 00       		.byte	0
 347 0338 D5       		.byte	-43
 348 0339 FA       		.byte	-6
 349 033a 00       		.byte	0
 350 033b 00       		.byte	0
 351 033c 1D       		.byte	29
 352 033d F7       		.byte	-9
 353 033e 37       		.byte	55
 354 033f 00       		.byte	0
 355 0340 D5       		.byte	-43
 356 0341 FA       		.byte	-6
 357 0342 00       		.byte	0
 358 0343 00       		.byte	0
 359 0344 04       		.byte	4
 360 0345 97       		.byte	-105
 361 0346 F2       		.byte	-14
 362 0347 00       		.byte	0
 363 0348 01       		.byte	1
 364 0349 FC       		.byte	-4
 365 034a 0B       		.byte	11
 366 034b 00       		.byte	0
 367 034c 1F       		.byte	31
 368 034d 61       		.byte	97
 369 034e F9       		.byte	-7
 370 034f 00       		.byte	0
 371 0350 98       		.byte	-104
 372 0351 8C       		.byte	-116
 373 0352 01       		.byte	1
 374 0353 00       		.byte	0
 375 0354 1C       		.byte	28
 376 0355 85       		.byte	-123
 377 0356 01       		.byte	1
 378 0357 00       		.byte	0
 379 0358 1D       		.byte	29
 380 0359 8C       		.byte	-116
 381 035a FD       		.byte	-3
 382 035b 00       		.byte	0
 383 035c 0F       		.byte	15
 384 035d FA       		.byte	-6
 385 035e 01       		.byte	1
 386 035f 00       		.byte	0
 387 0360 AE       		.byte	-82
 388 0361 FC       		.byte	-4
 389 0362 FE       		.byte	-2
 390 0363 00       		.byte	0
 391 0364 23       		.byte	35
 392 0365 37       		.byte	55
 393 0366 00       		.byte	0
 394 0367 00       		.byte	0
 395 0368 29       		.byte	41
ARM GAS  C:\Users\SCOTTC~1\AppData\Local\Temp\cc9BdAnk.s 			page 8


 396 0369 2D       		.byte	45
 397 036a 00       		.byte	0
 398 036b 00       		.byte	0
 399 036c 06       		.byte	6
 400 036d C4       		.byte	-60
 401 036e FF       		.byte	-1
 402 036f 00       		.byte	0
 403 0370 D1       		.byte	-47
 404 0371 24       		.byte	36
 405 0372 00       		.byte	0
 406 0373 00       		.byte	0
 407 0374 DB       		.byte	-37
 408 0375 F2       		.byte	-14
 409 0376 FF       		.byte	-1
 410 0377 00       		.byte	0
 411 0378 33       		.byte	51
 412 0379 02       		.byte	2
 413 037a 00       		.byte	0
 414 037b 00       		.byte	0
 415 037c E0       		.byte	-32
 416 037d 02       		.byte	2
 417 037e 00       		.byte	0
 418 037f 00       		.byte	0
 419 0380 9A       		.byte	-102
 420 0381 03       		.byte	3
 421 0382 00       		.byte	0
 422 0383 00       		.byte	0
 423 0384 C5       		.byte	-59
 424 0385 04       		.byte	4
 425 0386 00       		.byte	0
 426 0387 00       		.byte	0
 427 0388 CB       		.byte	-53
 428 0389 05       		.byte	5
 429 038a 00       		.byte	0
 430 038b 00       		.byte	0
 431 038c D7       		.byte	-41
 432 038d 05       		.byte	5
 433 038e 00       		.byte	0
 434 038f 00       		.byte	0
 435 0390 DC       		.byte	-36
 436 0391 03       		.byte	3
 437 0392 00       		.byte	0
 438 0393 00       		.byte	0
 439 0394 B0       		.byte	-80
 440 0395 FE       		.byte	-2
 441 0396 FF       		.byte	-1
 442 0397 00       		.byte	0
 443 0398 36       		.byte	54
 444 0399 F5       		.byte	-11
 445 039a FF       		.byte	-1
 446 039b 00       		.byte	0
 447 039c 8A       		.byte	-118
 448 039d E6       		.byte	-26
 449 039e FF       		.byte	-1
 450 039f 00       		.byte	0
 451 03a0 4B       		.byte	75
 452 03a1 D2       		.byte	-46
ARM GAS  C:\Users\SCOTTC~1\AppData\Local\Temp\cc9BdAnk.s 			page 9


 453 03a2 FF       		.byte	-1
 454 03a3 00       		.byte	0
 455 03a4 D9       		.byte	-39
 456 03a5 B8       		.byte	-72
 457 03a6 FF       		.byte	-1
 458 03a7 00       		.byte	0
 459 03a8 A0       		.byte	-96
 460 03a9 9B       		.byte	-101
 461 03aa FF       		.byte	-1
 462 03ab 00       		.byte	0
 463 03ac 42       		.byte	66
 464 03ad 7D       		.byte	125
 465 03ae FF       		.byte	-1
 466 03af 00       		.byte	0
 467 03b0 B7       		.byte	-73
 468 03b1 61       		.byte	97
 469 03b2 FF       		.byte	-1
 470 03b3 00       		.byte	0
 471 03b4 3A       		.byte	58
 472 03b5 4E       		.byte	78
 473 03b6 FF       		.byte	-1
 474 03b7 00       		.byte	0
 475 03b8 0D       		.byte	13
 476 03b9 49       		.byte	73
 477 03ba FF       		.byte	-1
 478 03bb 00       		.byte	0
 479 03bc 0E       		.byte	14
 480 03bd 59       		.byte	89
 481 03be FF       		.byte	-1
 482 03bf 00       		.byte	0
 483 03c0 1D       		.byte	29
 484 03c1 85       		.byte	-123
 485 03c2 FF       		.byte	-1
 486 03c3 00       		.byte	0
 487 03c4 65       		.byte	101
 488 03c5 D3       		.byte	-45
 489 03c6 FF       		.byte	-1
 490 03c7 00       		.byte	0
 491 03c8 96       		.byte	-106
 492 03c9 48       		.byte	72
 493 03ca 00       		.byte	0
 494 03cb 00       		.byte	0
 495 03cc 21       		.byte	33
 496 03cd E7       		.byte	-25
 497 03ce 00       		.byte	0
 498 03cf 00       		.byte	0
 499 03d0 98       		.byte	-104
 500 03d1 AE       		.byte	-82
 501 03d2 01       		.byte	1
 502 03d3 00       		.byte	0
 503 03d4 45       		.byte	69
 504 03d5 9B       		.byte	-101
 505 03d6 02       		.byte	2
 506 03d7 00       		.byte	0
 507 03d8 03       		.byte	3
 508 03d9 A6       		.byte	-90
 509 03da 03       		.byte	3
ARM GAS  C:\Users\SCOTTC~1\AppData\Local\Temp\cc9BdAnk.s 			page 10


 510 03db 00       		.byte	0
 511 03dc 74       		.byte	116
 512 03dd C4       		.byte	-60
 513 03de 04       		.byte	4
 514 03df 00       		.byte	0
 515 03e0 87       		.byte	-121
 516 03e1 E9       		.byte	-23
 517 03e2 05       		.byte	5
 518 03e3 00       		.byte	0
 519 03e4 51       		.byte	81
 520 03e5 06       		.byte	6
 521 03e6 07       		.byte	7
 522 03e7 00       		.byte	0
 523 03e8 28       		.byte	40
 524 03e9 0B       		.byte	11
 525 03ea 08       		.byte	8
 526 03eb 00       		.byte	0
 527 03ec DB       		.byte	-37
 528 03ed E8       		.byte	-24
 529 03ee 08       		.byte	8
 530 03ef 00       		.byte	0
 531 03f0 F7       		.byte	-9
 532 03f1 91       		.byte	-111
 533 03f2 09       		.byte	9
 534 03f3 00       		.byte	0
 535 03f4 F0       		.byte	-16
 536 03f5 FB       		.byte	-5
 537 03f6 09       		.byte	9
 538 03f7 00       		.byte	0
 539 03f8 08       		.byte	8
 540 03f9 20       		.byte	32
 541 03fa 0A       		.byte	10
 542 03fb 00       		.byte	0
 543 03fc F0       		.byte	-16
 544 03fd FB       		.byte	-5
 545 03fe 09       		.byte	9
 546 03ff 00       		.byte	0
 547 0400 F7       		.byte	-9
 548 0401 91       		.byte	-111
 549 0402 09       		.byte	9
 550 0403 00       		.byte	0
 551 0404 DB       		.byte	-37
 552 0405 E8       		.byte	-24
 553 0406 08       		.byte	8
 554 0407 00       		.byte	0
 555 0408 28       		.byte	40
 556 0409 0B       		.byte	11
 557 040a 08       		.byte	8
 558 040b 00       		.byte	0
 559 040c 51       		.byte	81
 560 040d 06       		.byte	6
 561 040e 07       		.byte	7
 562 040f 00       		.byte	0
 563 0410 87       		.byte	-121
 564 0411 E9       		.byte	-23
 565 0412 05       		.byte	5
 566 0413 00       		.byte	0
ARM GAS  C:\Users\SCOTTC~1\AppData\Local\Temp\cc9BdAnk.s 			page 11


 567 0414 74       		.byte	116
 568 0415 C4       		.byte	-60
 569 0416 04       		.byte	4
 570 0417 00       		.byte	0
 571 0418 03       		.byte	3
 572 0419 A6       		.byte	-90
 573 041a 03       		.byte	3
 574 041b 00       		.byte	0
 575 041c 45       		.byte	69
 576 041d 9B       		.byte	-101
 577 041e 02       		.byte	2
 578 041f 00       		.byte	0
 579 0420 98       		.byte	-104
 580 0421 AE       		.byte	-82
 581 0422 01       		.byte	1
 582 0423 00       		.byte	0
 583 0424 21       		.byte	33
 584 0425 E7       		.byte	-25
 585 0426 00       		.byte	0
 586 0427 00       		.byte	0
 587 0428 96       		.byte	-106
 588 0429 48       		.byte	72
 589 042a 00       		.byte	0
 590 042b 00       		.byte	0
 591 042c 65       		.byte	101
 592 042d D3       		.byte	-45
 593 042e FF       		.byte	-1
 594 042f 00       		.byte	0
 595 0430 1D       		.byte	29
 596 0431 85       		.byte	-123
 597 0432 FF       		.byte	-1
 598 0433 00       		.byte	0
 599 0434 0E       		.byte	14
 600 0435 59       		.byte	89
 601 0436 FF       		.byte	-1
 602 0437 00       		.byte	0
 603 0438 0D       		.byte	13
 604 0439 49       		.byte	73
 605 043a FF       		.byte	-1
 606 043b 00       		.byte	0
 607 043c 3A       		.byte	58
 608 043d 4E       		.byte	78
 609 043e FF       		.byte	-1
 610 043f 00       		.byte	0
 611 0440 B7       		.byte	-73
 612 0441 61       		.byte	97
 613 0442 FF       		.byte	-1
 614 0443 00       		.byte	0
 615 0444 42       		.byte	66
 616 0445 7D       		.byte	125
 617 0446 FF       		.byte	-1
 618 0447 00       		.byte	0
 619 0448 A0       		.byte	-96
 620 0449 9B       		.byte	-101
 621 044a FF       		.byte	-1
 622 044b 00       		.byte	0
 623 044c D9       		.byte	-39
ARM GAS  C:\Users\SCOTTC~1\AppData\Local\Temp\cc9BdAnk.s 			page 12


 624 044d B8       		.byte	-72
 625 044e FF       		.byte	-1
 626 044f 00       		.byte	0
 627 0450 4B       		.byte	75
 628 0451 D2       		.byte	-46
 629 0452 FF       		.byte	-1
 630 0453 00       		.byte	0
 631 0454 8A       		.byte	-118
 632 0455 E6       		.byte	-26
 633 0456 FF       		.byte	-1
 634 0457 00       		.byte	0
 635 0458 36       		.byte	54
 636 0459 F5       		.byte	-11
 637 045a FF       		.byte	-1
 638 045b 00       		.byte	0
 639 045c B0       		.byte	-80
 640 045d FE       		.byte	-2
 641 045e FF       		.byte	-1
 642 045f 00       		.byte	0
 643 0460 DC       		.byte	-36
 644 0461 03       		.byte	3
 645 0462 00       		.byte	0
 646 0463 00       		.byte	0
 647 0464 D7       		.byte	-41
 648 0465 05       		.byte	5
 649 0466 00       		.byte	0
 650 0467 00       		.byte	0
 651 0468 CB       		.byte	-53
 652 0469 05       		.byte	5
 653 046a 00       		.byte	0
 654 046b 00       		.byte	0
 655 046c C5       		.byte	-59
 656 046d 04       		.byte	4
 657 046e 00       		.byte	0
 658 046f 00       		.byte	0
 659 0470 9A       		.byte	-102
 660 0471 03       		.byte	3
 661 0472 00       		.byte	0
 662 0473 00       		.byte	0
 663 0474 E0       		.byte	-32
 664 0475 02       		.byte	2
 665 0476 00       		.byte	0
 666 0477 00       		.byte	0
 667 0478 00       		.byte	0
 668 0479 00       		.byte	0
 669 047a 00       		.byte	0
 670 047b 00       		.byte	0
 671 047c 00       		.byte	0
 672 047d 00       		.byte	0
 673 047e 00       		.byte	0
 674 047f 00       		.byte	0
 675 0480 00       		.byte	0
 676 0481 00       		.byte	0
 677 0482 00       		.byte	0
 678 0483 00       		.byte	0
 679 0484 00       		.byte	0
 680 0485 00       		.byte	0
ARM GAS  C:\Users\SCOTTC~1\AppData\Local\Temp\cc9BdAnk.s 			page 13


 681 0486 00       		.byte	0
 682 0487 00       		.byte	0
 683 0488 00       		.byte	0
 684 0489 00       		.byte	0
 685 048a 00       		.byte	0
 686 048b 00       		.byte	0
 687 048c 00       		.byte	0
 688 048d 00       		.byte	0
 689 048e 00       		.byte	0
 690 048f 00       		.byte	0
 691 0490 00       		.byte	0
 692 0491 00       		.byte	0
 693 0492 00       		.byte	0
 694 0493 00       		.byte	0
 695 0494 00       		.byte	0
 696 0495 00       		.byte	0
 697 0496 00       		.byte	0
 698 0497 00       		.byte	0
 699 0498 00       		.byte	0
 700 0499 00       		.byte	0
 701 049a 00       		.byte	0
 702 049b 00       		.byte	0
 703 049c 00       		.byte	0
 704 049d 00       		.byte	0
 705 049e 00       		.byte	0
 706 049f 00       		.byte	0
 707 04a0 00       		.byte	0
 708 04a1 00       		.byte	0
 709 04a2 00       		.byte	0
 710 04a3 00       		.byte	0
 711 04a4 00       		.byte	0
 712 04a5 00       		.byte	0
 713 04a6 00       		.byte	0
 714 04a7 00       		.byte	0
 715 04a8 00       		.byte	0
 716 04a9 00       		.byte	0
 717 04aa 00       		.byte	0
 718 04ab 00       		.byte	0
 719 04ac 00       		.byte	0
 720 04ad 00       		.byte	0
 721 04ae 00       		.byte	0
 722 04af 00       		.byte	0
 723 04b0 00       		.byte	0
 724 04b1 00       		.byte	0
 725 04b2 00       		.byte	0
 726 04b3 00       		.byte	0
 727 04b4 00       		.byte	0
 728 04b5 00       		.byte	0
 729 04b6 00       		.byte	0
 730 04b7 00       		.byte	0
 731 04b8 00       		.byte	0
 732 04b9 00       		.byte	0
 733 04ba 00       		.byte	0
 734 04bb 00       		.byte	0
 735 04bc 00       		.byte	0
 736 04bd 00       		.byte	0
 737 04be 00       		.byte	0
ARM GAS  C:\Users\SCOTTC~1\AppData\Local\Temp\cc9BdAnk.s 			page 14


 738 04bf 00       		.byte	0
 739 04c0 00       		.byte	0
 740 04c1 00       		.byte	0
 741 04c2 00       		.byte	0
 742 04c3 00       		.byte	0
 743 04c4 00       		.byte	0
 744 04c5 00       		.byte	0
 745 04c6 00       		.byte	0
 746 04c7 00       		.byte	0
 747 04c8 00       		.byte	0
 748 04c9 00       		.byte	0
 749 04ca 00       		.byte	0
 750 04cb 00       		.byte	0
 751 04cc 00       		.byte	0
 752 04cd 00       		.byte	0
 753 04ce 00       		.byte	0
 754 04cf 00       		.byte	0
 755 04d0 00       		.byte	0
 756 04d1 00       		.byte	0
 757 04d2 00       		.byte	0
 758 04d3 00       		.byte	0
 759 04d4 00       		.byte	0
 760 04d5 00       		.byte	0
 761 04d6 00       		.byte	0
 762 04d7 00       		.byte	0
 763 04d8 00       		.byte	0
 764 04d9 00       		.byte	0
 765 04da 00       		.byte	0
 766 04db 00       		.byte	0
 767 04dc 00       		.byte	0
 768 04dd 00       		.byte	0
 769 04de 00       		.byte	0
 770 04df 00       		.byte	0
 771 04e0 00       		.byte	0
 772 04e1 00       		.byte	0
 773 04e2 00       		.byte	0
 774 04e3 00       		.byte	0
 775 04e4 00       		.byte	0
 776 04e5 00       		.byte	0
 777 04e6 00       		.byte	0
 778 04e7 00       		.byte	0
 779 04e8 00       		.byte	0
 780 04e9 00       		.byte	0
 781 04ea 00       		.byte	0
 782 04eb 00       		.byte	0
 783 04ec 00       		.byte	0
 784 04ed 00       		.byte	0
 785 04ee 00       		.byte	0
 786 04ef 00       		.byte	0
 787 04f0 00       		.byte	0
 788 04f1 00       		.byte	0
 789 04f2 00       		.byte	0
 790 04f3 00       		.byte	0
 791 04f4 00       		.byte	0
 792 04f5 00       		.byte	0
 793 04f6 00       		.byte	0
 794 04f7 00       		.byte	0
ARM GAS  C:\Users\SCOTTC~1\AppData\Local\Temp\cc9BdAnk.s 			page 15


 795 04f8 00       		.byte	0
 796 04f9 00       		.byte	0
 797 04fa 00       		.byte	0
 798 04fb 00       		.byte	0
 799 04fc 00       		.byte	0
 800 04fd 00       		.byte	0
 801 04fe 00       		.byte	0
 802 04ff 00       		.byte	0
 803              		.global	Filter_acu
 804              		.align	2
 805              		.type	Filter_acu, %object
 806              		.size	Filter_acu, 64
 807              	Filter_acu:
 808 0500 1E       		.byte	30
 809 0501 0F       		.byte	15
 810 0502 00       		.byte	0
 811 0503 00       		.byte	0
 812 0504 00       		.byte	0
 813 0505 00       		.byte	0
 814 0506 00       		.byte	0
 815 0507 00       		.byte	0
 816 0508 00       		.byte	0
 817 0509 00       		.byte	0
 818 050a 00       		.byte	0
 819 050b 00       		.byte	0
 820 050c DD       		.byte	-35
 821 050d 2E       		.byte	46
 822 050e 00       		.byte	0
 823 050f 00       		.byte	0
 824 0510 9F       		.byte	-97
 825 0511 0F       		.byte	15
 826 0512 00       		.byte	0
 827 0513 00       		.byte	0
 828 0514 9F       		.byte	-97
 829 0515 0F       		.byte	15
 830 0516 00       		.byte	0
 831 0517 00       		.byte	0
 832 0518 00       		.byte	0
 833 0519 00       		.byte	0
 834 051a 00       		.byte	0
 835 051b 00       		.byte	0
 836 051c 00       		.byte	0
 837 051d 00       		.byte	0
 838 051e 00       		.byte	0
 839 051f 00       		.byte	0
 840 0520 00       		.byte	0
 841 0521 00       		.byte	0
 842 0522 00       		.byte	0
 843 0523 00       		.byte	0
 844 0524 00       		.byte	0
 845 0525 00       		.byte	0
 846 0526 00       		.byte	0
 847 0527 00       		.byte	0
 848 0528 00       		.byte	0
 849 0529 00       		.byte	0
 850 052a 00       		.byte	0
 851 052b 00       		.byte	0
ARM GAS  C:\Users\SCOTTC~1\AppData\Local\Temp\cc9BdAnk.s 			page 16


 852 052c 00       		.byte	0
 853 052d 00       		.byte	0
 854 052e 00       		.byte	0
 855 052f 00       		.byte	0
 856 0530 00       		.byte	0
 857 0531 00       		.byte	0
 858 0532 00       		.byte	0
 859 0533 00       		.byte	0
 860 0534 00       		.byte	0
 861 0535 00       		.byte	0
 862 0536 00       		.byte	0
 863 0537 00       		.byte	0
 864 0538 00       		.byte	0
 865 0539 00       		.byte	0
 866 053a 00       		.byte	0
 867 053b 00       		.byte	0
 868 053c 00       		.byte	0
 869 053d 00       		.byte	0
 870 053e 00       		.byte	0
 871 053f 00       		.byte	0
 872              		.global	Filter_cfsm
 873              		.align	2
 874              		.type	Filter_cfsm, %object
 875              		.size	Filter_cfsm, 256
 876              	Filter_cfsm:
 877 0540 21       		.byte	33
 878 0541 F8       		.byte	-8
 879 0542 05       		.byte	5
 880 0543 01       		.byte	1
 881 0544 44       		.byte	68
 882 0545 F8       		.byte	-8
 883 0546 0B       		.byte	11
 884 0547 40       		.byte	64
 885 0548 67       		.byte	103
 886 0549 F8       		.byte	-8
 887 054a 1B       		.byte	27
 888 054b 80       		.byte	-128
 889 054c 81       		.byte	-127
 890 054d F8       		.byte	-8
 891 054e 05       		.byte	5
 892 054f 01       		.byte	1
 893 0550 A6       		.byte	-90
 894 0551 F8       		.byte	-8
 895 0552 19       		.byte	25
 896 0553 01       		.byte	1
 897 0554 C2       		.byte	-62
 898 0555 F8       		.byte	-8
 899 0556 07       		.byte	7
 900 0557 01       		.byte	1
 901 0558 85       		.byte	-123
 902 0559 61       		.byte	97
 903 055a 92       		.byte	-110
 904 055b 21       		.byte	33
 905 055c 09       		.byte	9
 906 055d F9       		.byte	-7
 907 055e 29       		.byte	41
 908 055f 01       		.byte	1
ARM GAS  C:\Users\SCOTTC~1\AppData\Local\Temp\cc9BdAnk.s 			page 17


 909 0560 21       		.byte	33
 910 0561 F9       		.byte	-7
 911 0562 05       		.byte	5
 912 0563 01       		.byte	1
 913 0564 88       		.byte	-120
 914 0565 A2       		.byte	-94
 915 0566 A2       		.byte	-94
 916 0567 21       		.byte	33
 917 0568 00       		.byte	0
 918 0569 00       		.byte	0
 919 056a 00       		.byte	0
 920 056b 00       		.byte	0
 921 056c 00       		.byte	0
 922 056d 00       		.byte	0
 923 056e 00       		.byte	0
 924 056f 00       		.byte	0
 925 0570 00       		.byte	0
 926 0571 00       		.byte	0
 927 0572 00       		.byte	0
 928 0573 00       		.byte	0
 929 0574 00       		.byte	0
 930 0575 00       		.byte	0
 931 0576 00       		.byte	0
 932 0577 00       		.byte	0
 933 0578 00       		.byte	0
 934 0579 00       		.byte	0
 935 057a 00       		.byte	0
 936 057b 00       		.byte	0
 937 057c 00       		.byte	0
 938 057d 00       		.byte	0
 939 057e 00       		.byte	0
 940 057f 00       		.byte	0
 941 0580 00       		.byte	0
 942 0581 00       		.byte	0
 943 0582 00       		.byte	0
 944 0583 00       		.byte	0
 945 0584 00       		.byte	0
 946 0585 00       		.byte	0
 947 0586 00       		.byte	0
 948 0587 00       		.byte	0
 949 0588 00       		.byte	0
 950 0589 00       		.byte	0
 951 058a 00       		.byte	0
 952 058b 00       		.byte	0
 953 058c 00       		.byte	0
 954 058d 00       		.byte	0
 955 058e 00       		.byte	0
 956 058f 00       		.byte	0
 957 0590 00       		.byte	0
 958 0591 00       		.byte	0
 959 0592 00       		.byte	0
 960 0593 00       		.byte	0
 961 0594 00       		.byte	0
 962 0595 00       		.byte	0
 963 0596 00       		.byte	0
 964 0597 00       		.byte	0
 965 0598 00       		.byte	0
ARM GAS  C:\Users\SCOTTC~1\AppData\Local\Temp\cc9BdAnk.s 			page 18


 966 0599 00       		.byte	0
 967 059a 00       		.byte	0
 968 059b 00       		.byte	0
 969 059c 00       		.byte	0
 970 059d 00       		.byte	0
 971 059e 00       		.byte	0
 972 059f 00       		.byte	0
 973 05a0 00       		.byte	0
 974 05a1 00       		.byte	0
 975 05a2 00       		.byte	0
 976 05a3 00       		.byte	0
 977 05a4 00       		.byte	0
 978 05a5 00       		.byte	0
 979 05a6 00       		.byte	0
 980 05a7 00       		.byte	0
 981 05a8 00       		.byte	0
 982 05a9 00       		.byte	0
 983 05aa 00       		.byte	0
 984 05ab 00       		.byte	0
 985 05ac 00       		.byte	0
 986 05ad 00       		.byte	0
 987 05ae 00       		.byte	0
 988 05af 00       		.byte	0
 989 05b0 00       		.byte	0
 990 05b1 00       		.byte	0
 991 05b2 00       		.byte	0
 992 05b3 00       		.byte	0
 993 05b4 00       		.byte	0
 994 05b5 00       		.byte	0
 995 05b6 00       		.byte	0
 996 05b7 00       		.byte	0
 997 05b8 00       		.byte	0
 998 05b9 00       		.byte	0
 999 05ba 00       		.byte	0
 1000 05bb 00       		.byte	0
 1001 05bc 00       		.byte	0
 1002 05bd 00       		.byte	0
 1003 05be 00       		.byte	0
 1004 05bf 00       		.byte	0
 1005 05c0 00       		.byte	0
 1006 05c1 00       		.byte	0
 1007 05c2 00       		.byte	0
 1008 05c3 00       		.byte	0
 1009 05c4 00       		.byte	0
 1010 05c5 00       		.byte	0
 1011 05c6 00       		.byte	0
 1012 05c7 00       		.byte	0
 1013 05c8 00       		.byte	0
 1014 05c9 00       		.byte	0
 1015 05ca 00       		.byte	0
 1016 05cb 00       		.byte	0
 1017 05cc 00       		.byte	0
 1018 05cd 00       		.byte	0
 1019 05ce 00       		.byte	0
 1020 05cf 00       		.byte	0
 1021 05d0 00       		.byte	0
 1022 05d1 00       		.byte	0
ARM GAS  C:\Users\SCOTTC~1\AppData\Local\Temp\cc9BdAnk.s 			page 19


 1023 05d2 00       		.byte	0
 1024 05d3 00       		.byte	0
 1025 05d4 00       		.byte	0
 1026 05d5 00       		.byte	0
 1027 05d6 00       		.byte	0
 1028 05d7 00       		.byte	0
 1029 05d8 00       		.byte	0
 1030 05d9 00       		.byte	0
 1031 05da 00       		.byte	0
 1032 05db 00       		.byte	0
 1033 05dc 00       		.byte	0
 1034 05dd 00       		.byte	0
 1035 05de 00       		.byte	0
 1036 05df 00       		.byte	0
 1037 05e0 00       		.byte	0
 1038 05e1 00       		.byte	0
 1039 05e2 00       		.byte	0
 1040 05e3 00       		.byte	0
 1041 05e4 00       		.byte	0
 1042 05e5 00       		.byte	0
 1043 05e6 00       		.byte	0
 1044 05e7 00       		.byte	0
 1045 05e8 00       		.byte	0
 1046 05e9 00       		.byte	0
 1047 05ea 00       		.byte	0
 1048 05eb 00       		.byte	0
 1049 05ec 00       		.byte	0
 1050 05ed 00       		.byte	0
 1051 05ee 00       		.byte	0
 1052 05ef 00       		.byte	0
 1053 05f0 00       		.byte	0
 1054 05f1 00       		.byte	0
 1055 05f2 00       		.byte	0
 1056 05f3 00       		.byte	0
 1057 05f4 00       		.byte	0
 1058 05f5 00       		.byte	0
 1059 05f6 00       		.byte	0
 1060 05f7 00       		.byte	0
 1061 05f8 00       		.byte	0
 1062 05f9 00       		.byte	0
 1063 05fa 00       		.byte	0
 1064 05fb 00       		.byte	0
 1065 05fc 00       		.byte	0
 1066 05fd 00       		.byte	0
 1067 05fe 00       		.byte	0
 1068 05ff 00       		.byte	0
 1069 0600 00       		.byte	0
 1070 0601 00       		.byte	0
 1071 0602 00       		.byte	0
 1072 0603 00       		.byte	0
 1073 0604 00       		.byte	0
 1074 0605 00       		.byte	0
 1075 0606 00       		.byte	0
 1076 0607 00       		.byte	0
 1077 0608 00       		.byte	0
 1078 0609 00       		.byte	0
 1079 060a 00       		.byte	0
ARM GAS  C:\Users\SCOTTC~1\AppData\Local\Temp\cc9BdAnk.s 			page 20


 1080 060b 00       		.byte	0
 1081 060c 00       		.byte	0
 1082 060d 00       		.byte	0
 1083 060e 00       		.byte	0
 1084 060f 00       		.byte	0
 1085 0610 00       		.byte	0
 1086 0611 00       		.byte	0
 1087 0612 00       		.byte	0
 1088 0613 00       		.byte	0
 1089 0614 00       		.byte	0
 1090 0615 00       		.byte	0
 1091 0616 00       		.byte	0
 1092 0617 00       		.byte	0
 1093 0618 00       		.byte	0
 1094 0619 00       		.byte	0
 1095 061a 00       		.byte	0
 1096 061b 00       		.byte	0
 1097 061c 00       		.byte	0
 1098 061d 00       		.byte	0
 1099 061e 00       		.byte	0
 1100 061f 00       		.byte	0
 1101 0620 00       		.byte	0
 1102 0621 00       		.byte	0
 1103 0622 00       		.byte	0
 1104 0623 00       		.byte	0
 1105 0624 00       		.byte	0
 1106 0625 00       		.byte	0
 1107 0626 00       		.byte	0
 1108 0627 00       		.byte	0
 1109 0628 00       		.byte	0
 1110 0629 00       		.byte	0
 1111 062a 00       		.byte	0
 1112 062b 00       		.byte	0
 1113 062c 00       		.byte	0
 1114 062d 00       		.byte	0
 1115 062e 00       		.byte	0
 1116 062f 00       		.byte	0
 1117 0630 00       		.byte	0
 1118 0631 00       		.byte	0
 1119 0632 00       		.byte	0
 1120 0633 00       		.byte	0
 1121 0634 00       		.byte	0
 1122 0635 00       		.byte	0
 1123 0636 00       		.byte	0
 1124 0637 00       		.byte	0
 1125 0638 00       		.byte	0
 1126 0639 00       		.byte	0
 1127 063a 00       		.byte	0
 1128 063b 00       		.byte	0
 1129 063c 00       		.byte	0
 1130 063d 00       		.byte	0
 1131 063e 00       		.byte	0
 1132 063f 00       		.byte	0
 1133              		.text
 1134              	.Letext0:
 1135              		.file 1 ".\\Generated_Source\\PSoC5\\Filter_RAM_Data.c"
 1136              		.file 2 ".\\Generated_Source\\PSoC5\\cytypes.h"
ARM GAS  C:\Users\SCOTTC~1\AppData\Local\Temp\cc9BdAnk.s 			page 21


 1137              		.section	.debug_info,"",%progbits
 1138              	.Ldebug_info0:
 1139 0000 26010000 		.4byte	0x126
 1140 0004 0400     		.2byte	0x4
 1141 0006 00000000 		.4byte	.Ldebug_abbrev0
 1142 000a 04       		.byte	0x4
 1143 000b 01       		.uleb128 0x1
 1144 000c 4E010000 		.4byte	.LASF18
 1145 0010 01       		.byte	0x1
 1146 0011 19010000 		.4byte	.LASF19
 1147 0015 0E000000 		.4byte	.LASF20
 1148 0019 00000000 		.4byte	.Ldebug_line0
 1149 001d 02       		.uleb128 0x2
 1150 001e 04       		.byte	0x4
 1151 001f 05       		.byte	0x5
 1152 0020 696E7400 		.ascii	"int\000"
 1153 0024 03       		.uleb128 0x3
 1154 0025 04       		.byte	0x4
 1155 0026 07       		.byte	0x7
 1156 0027 CA010000 		.4byte	.LASF0
 1157 002b 03       		.uleb128 0x3
 1158 002c 01       		.byte	0x1
 1159 002d 06       		.byte	0x6
 1160 002e F8000000 		.4byte	.LASF1
 1161 0032 03       		.uleb128 0x3
 1162 0033 01       		.byte	0x1
 1163 0034 08       		.byte	0x8
 1164 0035 A6000000 		.4byte	.LASF2
 1165 0039 03       		.uleb128 0x3
 1166 003a 02       		.byte	0x2
 1167 003b 05       		.byte	0x5
 1168 003c 44010000 		.4byte	.LASF3
 1169 0040 03       		.uleb128 0x3
 1170 0041 02       		.byte	0x2
 1171 0042 07       		.byte	0x7
 1172 0043 E5000000 		.4byte	.LASF4
 1173 0047 03       		.uleb128 0x3
 1174 0048 04       		.byte	0x4
 1175 0049 05       		.byte	0x5
 1176 004a B9000000 		.4byte	.LASF5
 1177 004e 03       		.uleb128 0x3
 1178 004f 04       		.byte	0x4
 1179 0050 07       		.byte	0x7
 1180 0051 7D000000 		.4byte	.LASF6
 1181 0055 03       		.uleb128 0x3
 1182 0056 08       		.byte	0x8
 1183 0057 05       		.byte	0x5
 1184 0058 00000000 		.4byte	.LASF7
 1185 005c 03       		.uleb128 0x3
 1186 005d 08       		.byte	0x8
 1187 005e 07       		.byte	0x7
 1188 005f 8F000000 		.4byte	.LASF8
 1189 0063 03       		.uleb128 0x3
 1190 0064 04       		.byte	0x4
 1191 0065 07       		.byte	0x7
 1192 0066 E3010000 		.4byte	.LASF9
 1193 006a 03       		.uleb128 0x3
ARM GAS  C:\Users\SCOTTC~1\AppData\Local\Temp\cc9BdAnk.s 			page 22


 1194 006b 01       		.byte	0x1
 1195 006c 08       		.byte	0x8
 1196 006d B4000000 		.4byte	.LASF10
 1197 0071 04       		.uleb128 0x4
 1198 0072 77000000 		.4byte	.LASF21
 1199 0076 02       		.byte	0x2
 1200 0077 A1       		.byte	0xa1
 1201 0078 32000000 		.4byte	0x32
 1202 007c 03       		.uleb128 0x3
 1203 007d 04       		.byte	0x4
 1204 007e 04       		.byte	0x4
 1205 007f 13010000 		.4byte	.LASF11
 1206 0083 03       		.uleb128 0x3
 1207 0084 08       		.byte	0x8
 1208 0085 04       		.byte	0x4
 1209 0086 C2000000 		.4byte	.LASF12
 1210 008a 05       		.uleb128 0x5
 1211 008b 71000000 		.4byte	0x71
 1212 008f 9A000000 		.4byte	0x9a
 1213 0093 06       		.uleb128 0x6
 1214 0094 63000000 		.4byte	0x63
 1215 0098 3F       		.byte	0x3f
 1216 0099 00       		.byte	0
 1217 009a 05       		.uleb128 0x5
 1218 009b 71000000 		.4byte	0x71
 1219 009f AA000000 		.4byte	0xaa
 1220 00a3 06       		.uleb128 0x6
 1221 00a4 63000000 		.4byte	0x63
 1222 00a8 FF       		.byte	0xff
 1223 00a9 00       		.byte	0
 1224 00aa 07       		.uleb128 0x7
 1225 00ab 04010000 		.4byte	.LASF13
 1226 00af 01       		.byte	0x1
 1227 00b0 04       		.byte	0x4
 1228 00b1 BB000000 		.4byte	0xbb
 1229 00b5 05       		.uleb128 0x5
 1230 00b6 03       		.byte	0x3
 1231 00b7 00000000 		.4byte	Filter_control
 1232 00bb 08       		.uleb128 0x8
 1233 00bc 9A000000 		.4byte	0x9a
 1234 00c0 05       		.uleb128 0x5
 1235 00c1 71000000 		.4byte	0x71
 1236 00c5 D1000000 		.4byte	0xd1
 1237 00c9 09       		.uleb128 0x9
 1238 00ca 63000000 		.4byte	0x63
 1239 00ce FF01     		.2byte	0x1ff
 1240 00d0 00       		.byte	0
 1241 00d1 07       		.uleb128 0x7
 1242 00d2 C9000000 		.4byte	.LASF14
 1243 00d6 01       		.byte	0x1
 1244 00d7 28       		.byte	0x28
 1245 00d8 E2000000 		.4byte	0xe2
 1246 00dc 05       		.uleb128 0x5
 1247 00dd 03       		.byte	0x3
 1248 00de 00000000 		.4byte	Filter_data_a
 1249 00e2 08       		.uleb128 0x8
 1250 00e3 C0000000 		.4byte	0xc0
ARM GAS  C:\Users\SCOTTC~1\AppData\Local\Temp\cc9BdAnk.s 			page 23


 1251 00e7 07       		.uleb128 0x7
 1252 00e8 D7000000 		.4byte	.LASF15
 1253 00ec 01       		.byte	0x1
 1254 00ed 6C       		.byte	0x6c
 1255 00ee F8000000 		.4byte	0xf8
 1256 00f2 05       		.uleb128 0x5
 1257 00f3 03       		.byte	0x3
 1258 00f4 00000000 		.4byte	Filter_data_b
 1259 00f8 08       		.uleb128 0x8
 1260 00f9 C0000000 		.4byte	0xc0
 1261 00fd 07       		.uleb128 0x7
 1262 00fe D7010000 		.4byte	.LASF16
 1263 0102 01       		.byte	0x1
 1264 0103 BC       		.byte	0xbc
 1265 0104 0E010000 		.4byte	0x10e
 1266 0108 05       		.uleb128 0x5
 1267 0109 03       		.byte	0x3
 1268 010a 00000000 		.4byte	Filter_cfsm
 1269 010e 08       		.uleb128 0x8
 1270 010f 9A000000 		.4byte	0x9a
 1271 0113 07       		.uleb128 0x7
 1272 0114 6C000000 		.4byte	.LASF17
 1273 0118 01       		.byte	0x1
 1274 0119 B0       		.byte	0xb0
 1275 011a 24010000 		.4byte	0x124
 1276 011e 05       		.uleb128 0x5
 1277 011f 03       		.byte	0x3
 1278 0120 00000000 		.4byte	Filter_acu
 1279 0124 08       		.uleb128 0x8
 1280 0125 8A000000 		.4byte	0x8a
 1281 0129 00       		.byte	0
 1282              		.section	.debug_abbrev,"",%progbits
 1283              	.Ldebug_abbrev0:
 1284 0000 01       		.uleb128 0x1
 1285 0001 11       		.uleb128 0x11
 1286 0002 01       		.byte	0x1
 1287 0003 25       		.uleb128 0x25
 1288 0004 0E       		.uleb128 0xe
 1289 0005 13       		.uleb128 0x13
 1290 0006 0B       		.uleb128 0xb
 1291 0007 03       		.uleb128 0x3
 1292 0008 0E       		.uleb128 0xe
 1293 0009 1B       		.uleb128 0x1b
 1294 000a 0E       		.uleb128 0xe
 1295 000b 10       		.uleb128 0x10
 1296 000c 17       		.uleb128 0x17
 1297 000d 00       		.byte	0
 1298 000e 00       		.byte	0
 1299 000f 02       		.uleb128 0x2
 1300 0010 24       		.uleb128 0x24
 1301 0011 00       		.byte	0
 1302 0012 0B       		.uleb128 0xb
 1303 0013 0B       		.uleb128 0xb
 1304 0014 3E       		.uleb128 0x3e
 1305 0015 0B       		.uleb128 0xb
 1306 0016 03       		.uleb128 0x3
 1307 0017 08       		.uleb128 0x8
ARM GAS  C:\Users\SCOTTC~1\AppData\Local\Temp\cc9BdAnk.s 			page 24


 1308 0018 00       		.byte	0
 1309 0019 00       		.byte	0
 1310 001a 03       		.uleb128 0x3
 1311 001b 24       		.uleb128 0x24
 1312 001c 00       		.byte	0
 1313 001d 0B       		.uleb128 0xb
 1314 001e 0B       		.uleb128 0xb
 1315 001f 3E       		.uleb128 0x3e
 1316 0020 0B       		.uleb128 0xb
 1317 0021 03       		.uleb128 0x3
 1318 0022 0E       		.uleb128 0xe
 1319 0023 00       		.byte	0
 1320 0024 00       		.byte	0
 1321 0025 04       		.uleb128 0x4
 1322 0026 16       		.uleb128 0x16
 1323 0027 00       		.byte	0
 1324 0028 03       		.uleb128 0x3
 1325 0029 0E       		.uleb128 0xe
 1326 002a 3A       		.uleb128 0x3a
 1327 002b 0B       		.uleb128 0xb
 1328 002c 3B       		.uleb128 0x3b
 1329 002d 0B       		.uleb128 0xb
 1330 002e 49       		.uleb128 0x49
 1331 002f 13       		.uleb128 0x13
 1332 0030 00       		.byte	0
 1333 0031 00       		.byte	0
 1334 0032 05       		.uleb128 0x5
 1335 0033 01       		.uleb128 0x1
 1336 0034 01       		.byte	0x1
 1337 0035 49       		.uleb128 0x49
 1338 0036 13       		.uleb128 0x13
 1339 0037 01       		.uleb128 0x1
 1340 0038 13       		.uleb128 0x13
 1341 0039 00       		.byte	0
 1342 003a 00       		.byte	0
 1343 003b 06       		.uleb128 0x6
 1344 003c 21       		.uleb128 0x21
 1345 003d 00       		.byte	0
 1346 003e 49       		.uleb128 0x49
 1347 003f 13       		.uleb128 0x13
 1348 0040 2F       		.uleb128 0x2f
 1349 0041 0B       		.uleb128 0xb
 1350 0042 00       		.byte	0
 1351 0043 00       		.byte	0
 1352 0044 07       		.uleb128 0x7
 1353 0045 34       		.uleb128 0x34
 1354 0046 00       		.byte	0
 1355 0047 03       		.uleb128 0x3
 1356 0048 0E       		.uleb128 0xe
 1357 0049 3A       		.uleb128 0x3a
 1358 004a 0B       		.uleb128 0xb
 1359 004b 3B       		.uleb128 0x3b
 1360 004c 0B       		.uleb128 0xb
 1361 004d 49       		.uleb128 0x49
 1362 004e 13       		.uleb128 0x13
 1363 004f 3F       		.uleb128 0x3f
 1364 0050 19       		.uleb128 0x19
ARM GAS  C:\Users\SCOTTC~1\AppData\Local\Temp\cc9BdAnk.s 			page 25


 1365 0051 02       		.uleb128 0x2
 1366 0052 18       		.uleb128 0x18
 1367 0053 00       		.byte	0
 1368 0054 00       		.byte	0
 1369 0055 08       		.uleb128 0x8
 1370 0056 26       		.uleb128 0x26
 1371 0057 00       		.byte	0
 1372 0058 49       		.uleb128 0x49
 1373 0059 13       		.uleb128 0x13
 1374 005a 00       		.byte	0
 1375 005b 00       		.byte	0
 1376 005c 09       		.uleb128 0x9
 1377 005d 21       		.uleb128 0x21
 1378 005e 00       		.byte	0
 1379 005f 49       		.uleb128 0x49
 1380 0060 13       		.uleb128 0x13
 1381 0061 2F       		.uleb128 0x2f
 1382 0062 05       		.uleb128 0x5
 1383 0063 00       		.byte	0
 1384 0064 00       		.byte	0
 1385 0065 00       		.byte	0
 1386              		.section	.debug_aranges,"",%progbits
 1387 0000 14000000 		.4byte	0x14
 1388 0004 0200     		.2byte	0x2
 1389 0006 00000000 		.4byte	.Ldebug_info0
 1390 000a 04       		.byte	0x4
 1391 000b 00       		.byte	0
 1392 000c 0000     		.2byte	0
 1393 000e 0000     		.2byte	0
 1394 0010 00000000 		.4byte	0
 1395 0014 00000000 		.4byte	0
 1396              		.section	.debug_line,"",%progbits
 1397              	.Ldebug_line0:
 1398 0000 54000000 		.section	.debug_str,"MS",%progbits,1
 1398      02004E00 
 1398      00000201 
 1398      FB0E0D00 
 1398      01010101 
 1399              	.LASF7:
 1400 0000 6C6F6E67 		.ascii	"long long int\000"
 1400      206C6F6E 
 1400      6720696E 
 1400      7400
 1401              	.LASF20:
 1402 000e 5C5C766D 		.ascii	"\\\\vmware-host\\Shared Folders\\scottcarlson On My"
 1402      77617265 
 1402      2D686F73 
 1402      745C5368 
 1402      61726564 
 1403 003d 204D6163 		.ascii	" Mac\\Code\\PSoC_Creator\\Design01\\Design01.cydsn\000"
 1403      5C436F64 
 1403      655C5053 
 1403      6F435F43 
 1403      72656174 
 1404              	.LASF17:
 1405 006c 46696C74 		.ascii	"Filter_acu\000"
 1405      65725F61 
ARM GAS  C:\Users\SCOTTC~1\AppData\Local\Temp\cc9BdAnk.s 			page 26


 1405      637500
 1406              	.LASF21:
 1407 0077 75696E74 		.ascii	"uint8\000"
 1407      3800
 1408              	.LASF6:
 1409 007d 6C6F6E67 		.ascii	"long unsigned int\000"
 1409      20756E73 
 1409      69676E65 
 1409      6420696E 
 1409      7400
 1410              	.LASF8:
 1411 008f 6C6F6E67 		.ascii	"long long unsigned int\000"
 1411      206C6F6E 
 1411      6720756E 
 1411      7369676E 
 1411      65642069 
 1412              	.LASF2:
 1413 00a6 756E7369 		.ascii	"unsigned char\000"
 1413      676E6564 
 1413      20636861 
 1413      7200
 1414              	.LASF10:
 1415 00b4 63686172 		.ascii	"char\000"
 1415      00
 1416              	.LASF5:
 1417 00b9 6C6F6E67 		.ascii	"long int\000"
 1417      20696E74 
 1417      00
 1418              	.LASF12:
 1419 00c2 646F7562 		.ascii	"double\000"
 1419      6C6500
 1420              	.LASF14:
 1421 00c9 46696C74 		.ascii	"Filter_data_a\000"
 1421      65725F64 
 1421      6174615F 
 1421      6100
 1422              	.LASF15:
 1423 00d7 46696C74 		.ascii	"Filter_data_b\000"
 1423      65725F64 
 1423      6174615F 
 1423      6200
 1424              	.LASF4:
 1425 00e5 73686F72 		.ascii	"short unsigned int\000"
 1425      7420756E 
 1425      7369676E 
 1425      65642069 
 1425      6E7400
 1426              	.LASF1:
 1427 00f8 7369676E 		.ascii	"signed char\000"
 1427      65642063 
 1427      68617200 
 1428              	.LASF13:
 1429 0104 46696C74 		.ascii	"Filter_control\000"
 1429      65725F63 
 1429      6F6E7472 
 1429      6F6C00
 1430              	.LASF11:
ARM GAS  C:\Users\SCOTTC~1\AppData\Local\Temp\cc9BdAnk.s 			page 27


 1431 0113 666C6F61 		.ascii	"float\000"
 1431      7400
 1432              	.LASF19:
 1433 0119 2E5C4765 		.ascii	".\\Generated_Source\\PSoC5\\Filter_RAM_Data.c\000"
 1433      6E657261 
 1433      7465645F 
 1433      536F7572 
 1433      63655C50 
 1434              	.LASF3:
 1435 0144 73686F72 		.ascii	"short int\000"
 1435      7420696E 
 1435      7400
 1436              	.LASF18:
 1437 014e 474E5520 		.ascii	"GNU C 4.8.4 20140526 (release) [ARM/embedded-4_8-br"
 1437      4320342E 
 1437      382E3420 
 1437      32303134 
 1437      30353236 
 1438 0181 616E6368 		.ascii	"anch revision 211358] -mcpu=cortex-m3 -mthumb -g -O"
 1438      20726576 
 1438      6973696F 
 1438      6E203231 
 1438      31333538 
 1439 01b4 30202D66 		.ascii	"0 -ffunction-sections\000"
 1439      66756E63 
 1439      74696F6E 
 1439      2D736563 
 1439      74696F6E 
 1440              	.LASF0:
 1441 01ca 756E7369 		.ascii	"unsigned int\000"
 1441      676E6564 
 1441      20696E74 
 1441      00
 1442              	.LASF16:
 1443 01d7 46696C74 		.ascii	"Filter_cfsm\000"
 1443      65725F63 
 1443      66736D00 
 1444              	.LASF9:
 1445 01e3 73697A65 		.ascii	"sizetype\000"
 1445      74797065 
 1445      00
 1446              		.ident	"GCC: (GNU Tools for ARM Embedded Processors) 4.8.4 20140526 (release) [ARM/embedded-4_8-br
