ARM GAS  C:\Users\SCOTTC~1\AppData\Local\Temp\ccZexAAI.s 			page 1


   1              		.syntax unified
   2              		.cpu cortex-m3
   3              		.fpu softvfp
   4              		.eabi_attribute 20, 1
   5              		.eabi_attribute 21, 1
   6              		.eabi_attribute 23, 3
   7              		.eabi_attribute 24, 1
   8              		.eabi_attribute 25, 1
   9              		.eabi_attribute 26, 1
  10              		.eabi_attribute 30, 6
  11              		.eabi_attribute 34, 1
  12              		.eabi_attribute 18, 4
  13              		.thumb
  14              		.file	"Filter_Coefficients.c"
  15              		.text
  16              	.Ltext0:
  17              		.cfi_sections	.debug_frame
  18              		.global	Filter_ChannelAFirCoefficients
  19              		.section	.rodata
  20              		.align	2
  21              		.type	Filter_ChannelAFirCoefficients, %object
  22              		.size	Filter_ChannelAFirCoefficients, 124
  23              	Filter_ChannelAFirCoefficients:
  24 0000 33       		.byte	51
  25 0001 02       		.byte	2
  26 0002 00       		.byte	0
  27 0003 00       		.byte	0
  28 0004 DB       		.byte	-37
  29 0005 F2       		.byte	-14
  30 0006 FF       		.byte	-1
  31 0007 00       		.byte	0
  32 0008 D1       		.byte	-47
  33 0009 24       		.byte	36
  34 000a 00       		.byte	0
  35 000b 00       		.byte	0
  36 000c 06       		.byte	6
  37 000d C4       		.byte	-60
  38 000e FF       		.byte	-1
  39 000f 00       		.byte	0
  40 0010 29       		.byte	41
  41 0011 2D       		.byte	45
  42 0012 00       		.byte	0
  43 0013 00       		.byte	0
  44 0014 23       		.byte	35
  45 0015 37       		.byte	55
  46 0016 00       		.byte	0
  47 0017 00       		.byte	0
  48 0018 AE       		.byte	-82
  49 0019 FC       		.byte	-4
  50 001a FE       		.byte	-2
  51 001b 00       		.byte	0
  52 001c 0F       		.byte	15
  53 001d FA       		.byte	-6
  54 001e 01       		.byte	1
  55 001f 00       		.byte	0
  56 0020 1D       		.byte	29
  57 0021 8C       		.byte	-116
ARM GAS  C:\Users\SCOTTC~1\AppData\Local\Temp\ccZexAAI.s 			page 2


  58 0022 FD       		.byte	-3
  59 0023 00       		.byte	0
  60 0024 1C       		.byte	28
  61 0025 85       		.byte	-123
  62 0026 01       		.byte	1
  63 0027 00       		.byte	0
  64 0028 98       		.byte	-104
  65 0029 8C       		.byte	-116
  66 002a 01       		.byte	1
  67 002b 00       		.byte	0
  68 002c 1F       		.byte	31
  69 002d 61       		.byte	97
  70 002e F9       		.byte	-7
  71 002f 00       		.byte	0
  72 0030 01       		.byte	1
  73 0031 FC       		.byte	-4
  74 0032 0B       		.byte	11
  75 0033 00       		.byte	0
  76 0034 04       		.byte	4
  77 0035 97       		.byte	-105
  78 0036 F2       		.byte	-14
  79 0037 00       		.byte	0
  80 0038 D5       		.byte	-43
  81 0039 FA       		.byte	-6
  82 003a 00       		.byte	0
  83 003b 00       		.byte	0
  84 003c 1D       		.byte	29
  85 003d F7       		.byte	-9
  86 003e 37       		.byte	55
  87 003f 00       		.byte	0
  88 0040 D5       		.byte	-43
  89 0041 FA       		.byte	-6
  90 0042 00       		.byte	0
  91 0043 00       		.byte	0
  92 0044 04       		.byte	4
  93 0045 97       		.byte	-105
  94 0046 F2       		.byte	-14
  95 0047 00       		.byte	0
  96 0048 01       		.byte	1
  97 0049 FC       		.byte	-4
  98 004a 0B       		.byte	11
  99 004b 00       		.byte	0
 100 004c 1F       		.byte	31
 101 004d 61       		.byte	97
 102 004e F9       		.byte	-7
 103 004f 00       		.byte	0
 104 0050 98       		.byte	-104
 105 0051 8C       		.byte	-116
 106 0052 01       		.byte	1
 107 0053 00       		.byte	0
 108 0054 1C       		.byte	28
 109 0055 85       		.byte	-123
 110 0056 01       		.byte	1
 111 0057 00       		.byte	0
 112 0058 1D       		.byte	29
 113 0059 8C       		.byte	-116
 114 005a FD       		.byte	-3
ARM GAS  C:\Users\SCOTTC~1\AppData\Local\Temp\ccZexAAI.s 			page 3


 115 005b 00       		.byte	0
 116 005c 0F       		.byte	15
 117 005d FA       		.byte	-6
 118 005e 01       		.byte	1
 119 005f 00       		.byte	0
 120 0060 AE       		.byte	-82
 121 0061 FC       		.byte	-4
 122 0062 FE       		.byte	-2
 123 0063 00       		.byte	0
 124 0064 23       		.byte	35
 125 0065 37       		.byte	55
 126 0066 00       		.byte	0
 127 0067 00       		.byte	0
 128 0068 29       		.byte	41
 129 0069 2D       		.byte	45
 130 006a 00       		.byte	0
 131 006b 00       		.byte	0
 132 006c 06       		.byte	6
 133 006d C4       		.byte	-60
 134 006e FF       		.byte	-1
 135 006f 00       		.byte	0
 136 0070 D1       		.byte	-47
 137 0071 24       		.byte	36
 138 0072 00       		.byte	0
 139 0073 00       		.byte	0
 140 0074 DB       		.byte	-37
 141 0075 F2       		.byte	-14
 142 0076 FF       		.byte	-1
 143 0077 00       		.byte	0
 144 0078 33       		.byte	51
 145 0079 02       		.byte	2
 146 007a 00       		.byte	0
 147 007b 00       		.byte	0
 148              		.global	Filter_ChannelBFirCoefficients
 149              		.align	2
 150              		.type	Filter_ChannelBFirCoefficients, %object
 151              		.size	Filter_ChannelBFirCoefficients, 252
 152              	Filter_ChannelBFirCoefficients:
 153 007c E0       		.byte	-32
 154 007d 02       		.byte	2
 155 007e 00       		.byte	0
 156 007f 00       		.byte	0
 157 0080 9A       		.byte	-102
 158 0081 03       		.byte	3
 159 0082 00       		.byte	0
 160 0083 00       		.byte	0
 161 0084 C5       		.byte	-59
 162 0085 04       		.byte	4
 163 0086 00       		.byte	0
 164 0087 00       		.byte	0
 165 0088 CB       		.byte	-53
 166 0089 05       		.byte	5
 167 008a 00       		.byte	0
 168 008b 00       		.byte	0
 169 008c D7       		.byte	-41
 170 008d 05       		.byte	5
 171 008e 00       		.byte	0
ARM GAS  C:\Users\SCOTTC~1\AppData\Local\Temp\ccZexAAI.s 			page 4


 172 008f 00       		.byte	0
 173 0090 DC       		.byte	-36
 174 0091 03       		.byte	3
 175 0092 00       		.byte	0
 176 0093 00       		.byte	0
 177 0094 B0       		.byte	-80
 178 0095 FE       		.byte	-2
 179 0096 FF       		.byte	-1
 180 0097 00       		.byte	0
 181 0098 36       		.byte	54
 182 0099 F5       		.byte	-11
 183 009a FF       		.byte	-1
 184 009b 00       		.byte	0
 185 009c 8A       		.byte	-118
 186 009d E6       		.byte	-26
 187 009e FF       		.byte	-1
 188 009f 00       		.byte	0
 189 00a0 4B       		.byte	75
 190 00a1 D2       		.byte	-46
 191 00a2 FF       		.byte	-1
 192 00a3 00       		.byte	0
 193 00a4 D9       		.byte	-39
 194 00a5 B8       		.byte	-72
 195 00a6 FF       		.byte	-1
 196 00a7 00       		.byte	0
 197 00a8 A0       		.byte	-96
 198 00a9 9B       		.byte	-101
 199 00aa FF       		.byte	-1
 200 00ab 00       		.byte	0
 201 00ac 42       		.byte	66
 202 00ad 7D       		.byte	125
 203 00ae FF       		.byte	-1
 204 00af 00       		.byte	0
 205 00b0 B7       		.byte	-73
 206 00b1 61       		.byte	97
 207 00b2 FF       		.byte	-1
 208 00b3 00       		.byte	0
 209 00b4 3A       		.byte	58
 210 00b5 4E       		.byte	78
 211 00b6 FF       		.byte	-1
 212 00b7 00       		.byte	0
 213 00b8 0D       		.byte	13
 214 00b9 49       		.byte	73
 215 00ba FF       		.byte	-1
 216 00bb 00       		.byte	0
 217 00bc 0E       		.byte	14
 218 00bd 59       		.byte	89
 219 00be FF       		.byte	-1
 220 00bf 00       		.byte	0
 221 00c0 1D       		.byte	29
 222 00c1 85       		.byte	-123
 223 00c2 FF       		.byte	-1
 224 00c3 00       		.byte	0
 225 00c4 65       		.byte	101
 226 00c5 D3       		.byte	-45
 227 00c6 FF       		.byte	-1
 228 00c7 00       		.byte	0
ARM GAS  C:\Users\SCOTTC~1\AppData\Local\Temp\ccZexAAI.s 			page 5


 229 00c8 96       		.byte	-106
 230 00c9 48       		.byte	72
 231 00ca 00       		.byte	0
 232 00cb 00       		.byte	0
 233 00cc 21       		.byte	33
 234 00cd E7       		.byte	-25
 235 00ce 00       		.byte	0
 236 00cf 00       		.byte	0
 237 00d0 98       		.byte	-104
 238 00d1 AE       		.byte	-82
 239 00d2 01       		.byte	1
 240 00d3 00       		.byte	0
 241 00d4 45       		.byte	69
 242 00d5 9B       		.byte	-101
 243 00d6 02       		.byte	2
 244 00d7 00       		.byte	0
 245 00d8 03       		.byte	3
 246 00d9 A6       		.byte	-90
 247 00da 03       		.byte	3
 248 00db 00       		.byte	0
 249 00dc 74       		.byte	116
 250 00dd C4       		.byte	-60
 251 00de 04       		.byte	4
 252 00df 00       		.byte	0
 253 00e0 87       		.byte	-121
 254 00e1 E9       		.byte	-23
 255 00e2 05       		.byte	5
 256 00e3 00       		.byte	0
 257 00e4 51       		.byte	81
 258 00e5 06       		.byte	6
 259 00e6 07       		.byte	7
 260 00e7 00       		.byte	0
 261 00e8 28       		.byte	40
 262 00e9 0B       		.byte	11
 263 00ea 08       		.byte	8
 264 00eb 00       		.byte	0
 265 00ec DB       		.byte	-37
 266 00ed E8       		.byte	-24
 267 00ee 08       		.byte	8
 268 00ef 00       		.byte	0
 269 00f0 F7       		.byte	-9
 270 00f1 91       		.byte	-111
 271 00f2 09       		.byte	9
 272 00f3 00       		.byte	0
 273 00f4 F0       		.byte	-16
 274 00f5 FB       		.byte	-5
 275 00f6 09       		.byte	9
 276 00f7 00       		.byte	0
 277 00f8 08       		.byte	8
 278 00f9 20       		.byte	32
 279 00fa 0A       		.byte	10
 280 00fb 00       		.byte	0
 281 00fc F0       		.byte	-16
 282 00fd FB       		.byte	-5
 283 00fe 09       		.byte	9
 284 00ff 00       		.byte	0
 285 0100 F7       		.byte	-9
ARM GAS  C:\Users\SCOTTC~1\AppData\Local\Temp\ccZexAAI.s 			page 6


 286 0101 91       		.byte	-111
 287 0102 09       		.byte	9
 288 0103 00       		.byte	0
 289 0104 DB       		.byte	-37
 290 0105 E8       		.byte	-24
 291 0106 08       		.byte	8
 292 0107 00       		.byte	0
 293 0108 28       		.byte	40
 294 0109 0B       		.byte	11
 295 010a 08       		.byte	8
 296 010b 00       		.byte	0
 297 010c 51       		.byte	81
 298 010d 06       		.byte	6
 299 010e 07       		.byte	7
 300 010f 00       		.byte	0
 301 0110 87       		.byte	-121
 302 0111 E9       		.byte	-23
 303 0112 05       		.byte	5
 304 0113 00       		.byte	0
 305 0114 74       		.byte	116
 306 0115 C4       		.byte	-60
 307 0116 04       		.byte	4
 308 0117 00       		.byte	0
 309 0118 03       		.byte	3
 310 0119 A6       		.byte	-90
 311 011a 03       		.byte	3
 312 011b 00       		.byte	0
 313 011c 45       		.byte	69
 314 011d 9B       		.byte	-101
 315 011e 02       		.byte	2
 316 011f 00       		.byte	0
 317 0120 98       		.byte	-104
 318 0121 AE       		.byte	-82
 319 0122 01       		.byte	1
 320 0123 00       		.byte	0
 321 0124 21       		.byte	33
 322 0125 E7       		.byte	-25
 323 0126 00       		.byte	0
 324 0127 00       		.byte	0
 325 0128 96       		.byte	-106
 326 0129 48       		.byte	72
 327 012a 00       		.byte	0
 328 012b 00       		.byte	0
 329 012c 65       		.byte	101
 330 012d D3       		.byte	-45
 331 012e FF       		.byte	-1
 332 012f 00       		.byte	0
 333 0130 1D       		.byte	29
 334 0131 85       		.byte	-123
 335 0132 FF       		.byte	-1
 336 0133 00       		.byte	0
 337 0134 0E       		.byte	14
 338 0135 59       		.byte	89
 339 0136 FF       		.byte	-1
 340 0137 00       		.byte	0
 341 0138 0D       		.byte	13
 342 0139 49       		.byte	73
ARM GAS  C:\Users\SCOTTC~1\AppData\Local\Temp\ccZexAAI.s 			page 7


 343 013a FF       		.byte	-1
 344 013b 00       		.byte	0
 345 013c 3A       		.byte	58
 346 013d 4E       		.byte	78
 347 013e FF       		.byte	-1
 348 013f 00       		.byte	0
 349 0140 B7       		.byte	-73
 350 0141 61       		.byte	97
 351 0142 FF       		.byte	-1
 352 0143 00       		.byte	0
 353 0144 42       		.byte	66
 354 0145 7D       		.byte	125
 355 0146 FF       		.byte	-1
 356 0147 00       		.byte	0
 357 0148 A0       		.byte	-96
 358 0149 9B       		.byte	-101
 359 014a FF       		.byte	-1
 360 014b 00       		.byte	0
 361 014c D9       		.byte	-39
 362 014d B8       		.byte	-72
 363 014e FF       		.byte	-1
 364 014f 00       		.byte	0
 365 0150 4B       		.byte	75
 366 0151 D2       		.byte	-46
 367 0152 FF       		.byte	-1
 368 0153 00       		.byte	0
 369 0154 8A       		.byte	-118
 370 0155 E6       		.byte	-26
 371 0156 FF       		.byte	-1
 372 0157 00       		.byte	0
 373 0158 36       		.byte	54
 374 0159 F5       		.byte	-11
 375 015a FF       		.byte	-1
 376 015b 00       		.byte	0
 377 015c B0       		.byte	-80
 378 015d FE       		.byte	-2
 379 015e FF       		.byte	-1
 380 015f 00       		.byte	0
 381 0160 DC       		.byte	-36
 382 0161 03       		.byte	3
 383 0162 00       		.byte	0
 384 0163 00       		.byte	0
 385 0164 D7       		.byte	-41
 386 0165 05       		.byte	5
 387 0166 00       		.byte	0
 388 0167 00       		.byte	0
 389 0168 CB       		.byte	-53
 390 0169 05       		.byte	5
 391 016a 00       		.byte	0
 392 016b 00       		.byte	0
 393 016c C5       		.byte	-59
 394 016d 04       		.byte	4
 395 016e 00       		.byte	0
 396 016f 00       		.byte	0
 397 0170 9A       		.byte	-102
 398 0171 03       		.byte	3
 399 0172 00       		.byte	0
ARM GAS  C:\Users\SCOTTC~1\AppData\Local\Temp\ccZexAAI.s 			page 8


 400 0173 00       		.byte	0
 401 0174 E0       		.byte	-32
 402 0175 02       		.byte	2
 403 0176 00       		.byte	0
 404 0177 00       		.byte	0
 405              		.text
 406              	.Letext0:
 407              		.file 1 ".\\Generated_Source\\PSoC5\\Filter_Coefficients.c"
 408              		.file 2 ".\\Generated_Source\\PSoC5\\cytypes.h"
 409              		.section	.debug_info,"",%progbits
 410              	.Ldebug_info0:
 411 0000 D3000000 		.4byte	0xd3
 412 0004 0400     		.2byte	0x4
 413 0006 00000000 		.4byte	.Ldebug_abbrev0
 414 000a 04       		.byte	0x4
 415 000b 01       		.uleb128 0x1
 416 000c 31010000 		.4byte	.LASF15
 417 0010 01       		.byte	0x1
 418 0011 02010000 		.4byte	.LASF16
 419 0015 0E000000 		.4byte	.LASF17
 420 0019 00000000 		.4byte	.Ldebug_line0
 421 001d 02       		.uleb128 0x2
 422 001e 04       		.byte	0x4
 423 001f 05       		.byte	0x5
 424 0020 696E7400 		.ascii	"int\000"
 425 0024 03       		.uleb128 0x3
 426 0025 04       		.byte	0x4
 427 0026 07       		.byte	0x7
 428 0027 D6010000 		.4byte	.LASF0
 429 002b 03       		.uleb128 0x3
 430 002c 01       		.byte	0x1
 431 002d 06       		.byte	0x6
 432 002e F6000000 		.4byte	.LASF1
 433 0032 03       		.uleb128 0x3
 434 0033 01       		.byte	0x1
 435 0034 08       		.byte	0x8
 436 0035 C0000000 		.4byte	.LASF2
 437 0039 03       		.uleb128 0x3
 438 003a 02       		.byte	0x2
 439 003b 05       		.byte	0x5
 440 003c AD010000 		.4byte	.LASF3
 441 0040 03       		.uleb128 0x3
 442 0041 02       		.byte	0x2
 443 0042 07       		.byte	0x7
 444 0043 E3000000 		.4byte	.LASF4
 445 0047 03       		.uleb128 0x3
 446 0048 04       		.byte	0x4
 447 0049 05       		.byte	0x5
 448 004a D3000000 		.4byte	.LASF5
 449 004e 03       		.uleb128 0x3
 450 004f 04       		.byte	0x4
 451 0050 07       		.byte	0x7
 452 0051 72000000 		.4byte	.LASF6
 453 0055 03       		.uleb128 0x3
 454 0056 08       		.byte	0x8
 455 0057 05       		.byte	0x5
 456 0058 00000000 		.4byte	.LASF7
ARM GAS  C:\Users\SCOTTC~1\AppData\Local\Temp\ccZexAAI.s 			page 9


 457 005c 03       		.uleb128 0x3
 458 005d 08       		.byte	0x8
 459 005e 07       		.byte	0x7
 460 005f A3000000 		.4byte	.LASF8
 461 0063 03       		.uleb128 0x3
 462 0064 04       		.byte	0x4
 463 0065 07       		.byte	0x7
 464 0066 E3010000 		.4byte	.LASF9
 465 006a 03       		.uleb128 0x3
 466 006b 01       		.byte	0x1
 467 006c 08       		.byte	0x8
 468 006d CE000000 		.4byte	.LASF10
 469 0071 04       		.uleb128 0x4
 470 0072 6C000000 		.4byte	.LASF18
 471 0076 02       		.byte	0x2
 472 0077 A1       		.byte	0xa1
 473 0078 32000000 		.4byte	0x32
 474 007c 03       		.uleb128 0x3
 475 007d 04       		.byte	0x4
 476 007e 04       		.byte	0x4
 477 007f BA000000 		.4byte	.LASF11
 478 0083 03       		.uleb128 0x3
 479 0084 08       		.byte	0x8
 480 0085 04       		.byte	0x4
 481 0086 DC000000 		.4byte	.LASF12
 482 008a 05       		.uleb128 0x5
 483 008b 71000000 		.4byte	0x71
 484 008f 9A000000 		.4byte	0x9a
 485 0093 06       		.uleb128 0x6
 486 0094 63000000 		.4byte	0x63
 487 0098 7B       		.byte	0x7b
 488 0099 00       		.byte	0
 489 009a 07       		.uleb128 0x7
 490 009b B7010000 		.4byte	.LASF13
 491 009f 01       		.byte	0x1
 492 00a0 11       		.byte	0x11
 493 00a1 AB000000 		.4byte	0xab
 494 00a5 05       		.uleb128 0x5
 495 00a6 03       		.byte	0x3
 496 00a7 00000000 		.4byte	Filter_ChannelAFirCoefficients
 497 00ab 08       		.uleb128 0x8
 498 00ac 8A000000 		.4byte	0x8a
 499 00b0 05       		.uleb128 0x5
 500 00b1 71000000 		.4byte	0x71
 501 00b5 C0000000 		.4byte	0xc0
 502 00b9 06       		.uleb128 0x6
 503 00ba 63000000 		.4byte	0x63
 504 00be FB       		.byte	0xfb
 505 00bf 00       		.byte	0
 506 00c0 07       		.uleb128 0x7
 507 00c1 84000000 		.4byte	.LASF14
 508 00c5 01       		.byte	0x1
 509 00c6 5F       		.byte	0x5f
 510 00c7 D1000000 		.4byte	0xd1
 511 00cb 05       		.uleb128 0x5
 512 00cc 03       		.byte	0x3
 513 00cd 00000000 		.4byte	Filter_ChannelBFirCoefficients
ARM GAS  C:\Users\SCOTTC~1\AppData\Local\Temp\ccZexAAI.s 			page 10


 514 00d1 08       		.uleb128 0x8
 515 00d2 B0000000 		.4byte	0xb0
 516 00d6 00       		.byte	0
 517              		.section	.debug_abbrev,"",%progbits
 518              	.Ldebug_abbrev0:
 519 0000 01       		.uleb128 0x1
 520 0001 11       		.uleb128 0x11
 521 0002 01       		.byte	0x1
 522 0003 25       		.uleb128 0x25
 523 0004 0E       		.uleb128 0xe
 524 0005 13       		.uleb128 0x13
 525 0006 0B       		.uleb128 0xb
 526 0007 03       		.uleb128 0x3
 527 0008 0E       		.uleb128 0xe
 528 0009 1B       		.uleb128 0x1b
 529 000a 0E       		.uleb128 0xe
 530 000b 10       		.uleb128 0x10
 531 000c 17       		.uleb128 0x17
 532 000d 00       		.byte	0
 533 000e 00       		.byte	0
 534 000f 02       		.uleb128 0x2
 535 0010 24       		.uleb128 0x24
 536 0011 00       		.byte	0
 537 0012 0B       		.uleb128 0xb
 538 0013 0B       		.uleb128 0xb
 539 0014 3E       		.uleb128 0x3e
 540 0015 0B       		.uleb128 0xb
 541 0016 03       		.uleb128 0x3
 542 0017 08       		.uleb128 0x8
 543 0018 00       		.byte	0
 544 0019 00       		.byte	0
 545 001a 03       		.uleb128 0x3
 546 001b 24       		.uleb128 0x24
 547 001c 00       		.byte	0
 548 001d 0B       		.uleb128 0xb
 549 001e 0B       		.uleb128 0xb
 550 001f 3E       		.uleb128 0x3e
 551 0020 0B       		.uleb128 0xb
 552 0021 03       		.uleb128 0x3
 553 0022 0E       		.uleb128 0xe
 554 0023 00       		.byte	0
 555 0024 00       		.byte	0
 556 0025 04       		.uleb128 0x4
 557 0026 16       		.uleb128 0x16
 558 0027 00       		.byte	0
 559 0028 03       		.uleb128 0x3
 560 0029 0E       		.uleb128 0xe
 561 002a 3A       		.uleb128 0x3a
 562 002b 0B       		.uleb128 0xb
 563 002c 3B       		.uleb128 0x3b
 564 002d 0B       		.uleb128 0xb
 565 002e 49       		.uleb128 0x49
 566 002f 13       		.uleb128 0x13
 567 0030 00       		.byte	0
 568 0031 00       		.byte	0
 569 0032 05       		.uleb128 0x5
 570 0033 01       		.uleb128 0x1
ARM GAS  C:\Users\SCOTTC~1\AppData\Local\Temp\ccZexAAI.s 			page 11


 571 0034 01       		.byte	0x1
 572 0035 49       		.uleb128 0x49
 573 0036 13       		.uleb128 0x13
 574 0037 01       		.uleb128 0x1
 575 0038 13       		.uleb128 0x13
 576 0039 00       		.byte	0
 577 003a 00       		.byte	0
 578 003b 06       		.uleb128 0x6
 579 003c 21       		.uleb128 0x21
 580 003d 00       		.byte	0
 581 003e 49       		.uleb128 0x49
 582 003f 13       		.uleb128 0x13
 583 0040 2F       		.uleb128 0x2f
 584 0041 0B       		.uleb128 0xb
 585 0042 00       		.byte	0
 586 0043 00       		.byte	0
 587 0044 07       		.uleb128 0x7
 588 0045 34       		.uleb128 0x34
 589 0046 00       		.byte	0
 590 0047 03       		.uleb128 0x3
 591 0048 0E       		.uleb128 0xe
 592 0049 3A       		.uleb128 0x3a
 593 004a 0B       		.uleb128 0xb
 594 004b 3B       		.uleb128 0x3b
 595 004c 0B       		.uleb128 0xb
 596 004d 49       		.uleb128 0x49
 597 004e 13       		.uleb128 0x13
 598 004f 3F       		.uleb128 0x3f
 599 0050 19       		.uleb128 0x19
 600 0051 02       		.uleb128 0x2
 601 0052 18       		.uleb128 0x18
 602 0053 00       		.byte	0
 603 0054 00       		.byte	0
 604 0055 08       		.uleb128 0x8
 605 0056 26       		.uleb128 0x26
 606 0057 00       		.byte	0
 607 0058 49       		.uleb128 0x49
 608 0059 13       		.uleb128 0x13
 609 005a 00       		.byte	0
 610 005b 00       		.byte	0
 611 005c 00       		.byte	0
 612              		.section	.debug_aranges,"",%progbits
 613 0000 14000000 		.4byte	0x14
 614 0004 0200     		.2byte	0x2
 615 0006 00000000 		.4byte	.Ldebug_info0
 616 000a 04       		.byte	0x4
 617 000b 00       		.byte	0
 618 000c 0000     		.2byte	0
 619 000e 0000     		.2byte	0
 620 0010 00000000 		.4byte	0
 621 0014 00000000 		.4byte	0
 622              		.section	.debug_line,"",%progbits
 623              	.Ldebug_line0:
 624 0000 58000000 		.section	.debug_str,"MS",%progbits,1
 624      02005200 
 624      00000201 
 624      FB0E0D00 
ARM GAS  C:\Users\SCOTTC~1\AppData\Local\Temp\ccZexAAI.s 			page 12


 624      01010101 
 625              	.LASF7:
 626 0000 6C6F6E67 		.ascii	"long long int\000"
 626      206C6F6E 
 626      6720696E 
 626      7400
 627              	.LASF17:
 628 000e 5C5C766D 		.ascii	"\\\\vmware-host\\Shared Folders\\scottcarlson On My"
 628      77617265 
 628      2D686F73 
 628      745C5368 
 628      61726564 
 629 003d 204D6163 		.ascii	" Mac\\Code\\PSoC_Creator\\Design01\\Design01.cydsn\000"
 629      5C436F64 
 629      655C5053 
 629      6F435F43 
 629      72656174 
 630              	.LASF18:
 631 006c 75696E74 		.ascii	"uint8\000"
 631      3800
 632              	.LASF6:
 633 0072 6C6F6E67 		.ascii	"long unsigned int\000"
 633      20756E73 
 633      69676E65 
 633      6420696E 
 633      7400
 634              	.LASF14:
 635 0084 46696C74 		.ascii	"Filter_ChannelBFirCoefficients\000"
 635      65725F43 
 635      68616E6E 
 635      656C4246 
 635      6972436F 
 636              	.LASF8:
 637 00a3 6C6F6E67 		.ascii	"long long unsigned int\000"
 637      206C6F6E 
 637      6720756E 
 637      7369676E 
 637      65642069 
 638              	.LASF11:
 639 00ba 666C6F61 		.ascii	"float\000"
 639      7400
 640              	.LASF2:
 641 00c0 756E7369 		.ascii	"unsigned char\000"
 641      676E6564 
 641      20636861 
 641      7200
 642              	.LASF10:
 643 00ce 63686172 		.ascii	"char\000"
 643      00
 644              	.LASF5:
 645 00d3 6C6F6E67 		.ascii	"long int\000"
 645      20696E74 
 645      00
 646              	.LASF12:
 647 00dc 646F7562 		.ascii	"double\000"
 647      6C6500
 648              	.LASF4:
ARM GAS  C:\Users\SCOTTC~1\AppData\Local\Temp\ccZexAAI.s 			page 13


 649 00e3 73686F72 		.ascii	"short unsigned int\000"
 649      7420756E 
 649      7369676E 
 649      65642069 
 649      6E7400
 650              	.LASF1:
 651 00f6 7369676E 		.ascii	"signed char\000"
 651      65642063 
 651      68617200 
 652              	.LASF16:
 653 0102 2E5C4765 		.ascii	".\\Generated_Source\\PSoC5\\Filter_Coefficients.c\000"
 653      6E657261 
 653      7465645F 
 653      536F7572 
 653      63655C50 
 654              	.LASF15:
 655 0131 474E5520 		.ascii	"GNU C 4.8.4 20140526 (release) [ARM/embedded-4_8-br"
 655      4320342E 
 655      382E3420 
 655      32303134 
 655      30353236 
 656 0164 616E6368 		.ascii	"anch revision 211358] -mcpu=cortex-m3 -mthumb -g -O"
 656      20726576 
 656      6973696F 
 656      6E203231 
 656      31333538 
 657 0197 30202D66 		.ascii	"0 -ffunction-sections\000"
 657      66756E63 
 657      74696F6E 
 657      2D736563 
 657      74696F6E 
 658              	.LASF3:
 659 01ad 73686F72 		.ascii	"short int\000"
 659      7420696E 
 659      7400
 660              	.LASF13:
 661 01b7 46696C74 		.ascii	"Filter_ChannelAFirCoefficients\000"
 661      65725F43 
 661      68616E6E 
 661      656C4146 
 661      6972436F 
 662              	.LASF0:
 663 01d6 756E7369 		.ascii	"unsigned int\000"
 663      676E6564 
 663      20696E74 
 663      00
 664              	.LASF9:
 665 01e3 73697A65 		.ascii	"sizetype\000"
 665      74797065 
 665      00
 666              		.ident	"GCC: (GNU Tools for ARM Embedded Processors) 4.8.4 20140526 (release) [ARM/embedded-4_8-br
