ARM GAS  C:\Users\SCOTTC~1\AppData\Local\Temp\cc7Q0PuC.s 			page 1


   1              		.syntax unified
   2              		.cpu cortex-m3
   3              		.fpu softvfp
   4              		.eabi_attribute 20, 1
   5              		.eabi_attribute 21, 1
   6              		.eabi_attribute 23, 3
   7              		.eabi_attribute 24, 1
   8              		.eabi_attribute 25, 1
   9              		.eabi_attribute 26, 1
  10              		.eabi_attribute 30, 6
  11              		.eabi_attribute 34, 1
  12              		.eabi_attribute 18, 4
  13              		.thumb
  14              		.file	"main.c"
  15              		.text
  16              	.Ltext0:
  17              		.cfi_sections	.debug_frame
  18              		.comm	DMA_1_Chan,1,1
  19              		.comm	DMA_1_TD,1,4
  20              		.comm	DMA_2_Chan,1,1
  21              		.comm	DMA_2_TD,1,4
  22              		.comm	ADC2Filter_DMA_Chan,1,1
  23              		.comm	ADC2Filter_DMA_TD,2,4
  24              		.comm	DMA_3_Chan,1,1
  25              		.comm	DMA_3_TD,1,4
  26              		.comm	DMA_4_Chan,1,1
  27              		.comm	DMA_4_TD,1,4
  28              		.comm	ADC_buffer1,2048,4
  29              		.comm	ADC_buffer2,2048,4
  30              		.comm	ADC_buffer3,2048,4
  31              		.comm	LPF_samples,2048,4
  32              		.comm	LPF_buffer,2048,4
  33              		.comm	Buffer_samples,2048,4
  34              		.comm	adcBuffer,2048,4
  35              		.comm	ADC_samples,2048,4
  36              		.comm	magoutput1,1024,4
  37              		.comm	magoutput2,1024,4
  38              		.comm	swap,4,4
  39              		.data
  40              		.align	2
  41              		.type	fftlength, %object
  42              		.size	fftlength, 4
  43              	fftlength:
  44 0000 00020000 		.word	512
  45              		.bss
  46              		.align	2
  47              	i:
  48 0000 00000000 		.space	4
  49              		.align	1
  50              	count:
  51 0004 0000     		.space	2
  52              		.align	1
  53              	end1:
  54 0006 0000     		.space	2
  55              		.align	1
  56              	end2:
  57 0008 0000     		.space	2
ARM GAS  C:\Users\SCOTTC~1\AppData\Local\Temp\cc7Q0PuC.s 			page 2


  58              		.align	1
  59              	end3:
  60 000a 0000     		.space	2
  61              		.align	1
  62              	end4:
  63 000c 0000     		.space	2
  64              		.align	1
  65              	end5:
  66 000e 0000     		.space	2
  67              		.align	1
  68              	maxValue:
  69 0010 0000     		.space	2
  70 0012 0000     		.align	2
  71              	testIndex:
  72 0014 00000000 		.space	4
  73              	state:
  74 0018 00       		.space	1
  75              	next_state:
  76 0019 00       		.space	1
  77              	onset:
  78 001a 00       		.space	1
  79              		.comm	SpectralFlux,32,4
  80              		.comm	SpectralFlux3,4,4
  81              		.comm	SpectralFlux2,4,4
  82              		.comm	SpectralFlux1,4,4
  83              		.comm	uppersrcaddr2,2,2
  84              		.comm	lowersrcaddr2,2,2
  85              		.comm	upperdstaddr2,2,2
  86              		.comm	lowerdstaddr2,2,2
  87              		.comm	mvngaverage,4,4
  88              		.global	first_time
  89              		.data
  90              		.type	first_time, %object
  91              		.size	first_time, 1
  92              	first_time:
  93 0004 01       		.byte	1
  94 0005 000000   		.bss
  95              	isr_BC_flag:
  96 001b 00       		.space	1
  97              	isr_LPF_buffer_complete_flag:
  98 001c 00       		.space	1
  99 001d 000000   		.section	.text.Buffer_complete,"ax",%progbits
 100              		.align	2
 101              		.global	Buffer_complete
 102              		.thumb
 103              		.thumb_func
 104              		.type	Buffer_complete, %function
 105              	Buffer_complete:
 106              	.LFB118:
 107              		.file 1 ".\\main.c"
   1:.\main.c      **** /* ----------------------------------------------------------------------
   2:.\main.c      **** ** Include Files
   3:.\main.c      **** ** ------------------------------------------------------------------- */
   4:.\main.c      **** #include <project.h>
   5:.\main.c      **** #include "arm_math.h"
   6:.\main.c      **** #include "arm_const_structs.h"
   7:.\main.c      **** #include "math_helper.h"
ARM GAS  C:\Users\SCOTTC~1\AppData\Local\Temp\cc7Q0PuC.s 			page 3


   8:.\main.c      **** 
   9:.\main.c      **** 
  10:.\main.c      **** /* ----------------------------------------------------------------------
  11:.\main.c      ****  * DMA Definitions
  12:.\main.c      ****  * ------------------------------------------------------------------- */
  13:.\main.c      **** /*First buffer*/
  14:.\main.c      **** uint8 DMA_1_Chan;
  15:.\main.c      **** uint8 DMA_1_TD[1];
  16:.\main.c      **** 
  17:.\main.c      **** uint8 DMA_2_Chan;
  18:.\main.c      **** uint8 DMA_2_TD[1];
  19:.\main.c      **** 
  20:.\main.c      **** uint8 ADC2Filter_DMA_Chan;
  21:.\main.c      **** uint8 ADC2Filter_DMA_TD[2];
  22:.\main.c      **** 
  23:.\main.c      **** uint8 DMA_3_Chan;
  24:.\main.c      **** uint8 DMA_3_TD[1];
  25:.\main.c      **** 
  26:.\main.c      **** uint8 DMA_4_Chan;
  27:.\main.c      **** uint8 DMA_4_TD[1];
  28:.\main.c      **** 
  29:.\main.c      **** #define buffer_size 1024
  30:.\main.c      **** /* Definitions */
  31:.\main.c      **** #define DMA_1_BYTES_PER_BURST 2
  32:.\main.c      **** #define DMA_1_REQUEST_PER_BURST 1
  33:.\main.c      **** #define DMA_1_SRC_BASE (CYDEV_PERIPH_BASE)
  34:.\main.c      **** #define DMA_1_DST_BASE (CYDEV_SRAM_BASE)
  35:.\main.c      **** #define buffersize buffer_size*DMA_1_BYTES_PER_BURST
  36:.\main.c      **** /*Second buffer*/
  37:.\main.c      **** 
  38:.\main.c      **** #define DMA_2_BYTES_PER_BURST 2
  39:.\main.c      **** #define DMA_2_REQUEST_PER_BURST 0
  40:.\main.c      **** #define DMA_2_SRC_BASE (CYDEV_SRAM_BASE)
  41:.\main.c      **** #define DMA_2_DST_BASE (CYDEV_SRAM_BASE)
  42:.\main.c      **** 
  43:.\main.c      **** //#define ADC2Filter_DMA_BYTES_PER_BURST 2
  44:.\main.c      **** //#define ADC2Filter_DMA_REQUEST_PER_BURST 1
  45:.\main.c      **** //#define ADC2Filter_DMA_SRC_BASE (CYDEV_PERIPH_BASE)
  46:.\main.c      **** //#define ADC2Filter_DMA_DST_BASE (CYDEV_PERIPH_BASE)
  47:.\main.c      **** 
  48:.\main.c      **** 
  49:.\main.c      **** #define ADC2Filter_DMA_BYTES_PER_BURST 2
  50:.\main.c      **** #define ADC2Filter_DMA_REQUEST_PER_BURST 1
  51:.\main.c      **** #define ADC2Filter_DMA_SRC_BASE (CYDEV_PERIPH_BASE)
  52:.\main.c      **** #define ADC2Filter_DMA_DST_BASE (CYDEV_PERIPH_BASE)
  53:.\main.c      **** 
  54:.\main.c      **** #define DMA_3_BYTES_PER_BURST 2
  55:.\main.c      **** #define DMA_3_REQUEST_PER_BURST 1
  56:.\main.c      **** #define DMA_3_SRC_BASE (CYDEV_PERIPH_BASE)
  57:.\main.c      **** #define DMA_3_DST_BASE (CYDEV_SRAM_BASE)
  58:.\main.c      **** 
  59:.\main.c      **** #define DMA_4_BYTES_PER_BURST 2
  60:.\main.c      **** #define DMA_4_REQUEST_PER_BURST 0
  61:.\main.c      **** #define DMA_4_SRC_BASE (CYDEV_SRAM_BASE)
  62:.\main.c      **** #define DMA_4_DST_BASE (CYDEV_SRAM_BASE)
  63:.\main.c      **** 
  64:.\main.c      **** #define windowsize 8
ARM GAS  C:\Users\SCOTTC~1\AppData\Local\Temp\cc7Q0PuC.s 			page 4


  65:.\main.c      **** /* static,extern, const declarations*/
  66:.\main.c      **** 
  67:.\main.c      **** /*global vairables*/
  68:.\main.c      **** int16 ADC_buffer1[buffer_size];
  69:.\main.c      **** int16 ADC_buffer2[buffer_size];
  70:.\main.c      **** int16 ADC_buffer3[buffer_size];
  71:.\main.c      **** int16 LPF_samples[buffer_size];
  72:.\main.c      **** int16 LPF_buffer[buffer_size];
  73:.\main.c      **** int16 Buffer_samples[buffer_size];
  74:.\main.c      **** int16 adcBuffer[buffer_size];
  75:.\main.c      **** int16 ADC_samples[buffer_size];
  76:.\main.c      **** q15_t magoutput1[buffer_size/2];
  77:.\main.c      **** q15_t magoutput2[buffer_size/2];
  78:.\main.c      **** q15_t * swap;
  79:.\main.c      **** static uint32 fftlength=buffer_size/2;
  80:.\main.c      **** static uint32 i=0;
  81:.\main.c      **** static uint16 count=0;
  82:.\main.c      **** static uint16 end1,end2,end3,end4,end5;
  83:.\main.c      **** static q15_t maxValue;
  84:.\main.c      **** static uint32 testIndex;
  85:.\main.c      **** static uint8 state=0x00;
  86:.\main.c      **** static uint8 next_state=0x00;
  87:.\main.c      **** static uint8 onset=0;
  88:.\main.c      **** uint32 CYCODE SpectralFlux[windowsize];
  89:.\main.c      **** uint32 CYCODE SpectralFlux3;
  90:.\main.c      **** uint32 CYCODE SpectralFlux2;
  91:.\main.c      **** uint32 CYCODE SpectralFlux1;
  92:.\main.c      **** uint16 uppersrcaddr2;
  93:.\main.c      **** uint16 lowersrcaddr2;
  94:.\main.c      **** uint16 upperdstaddr2;
  95:.\main.c      **** uint16 lowerdstaddr2;
  96:.\main.c      **** uint32 mvngaverage;
  97:.\main.c      **** uint8 first_time=1;
  98:.\main.c      **** 
  99:.\main.c      **** static volatile CYBIT isr_BC_flag = 0;
 100:.\main.c      **** static volatile CYBIT isr_LPF_buffer_complete_flag = 0;
 101:.\main.c      **** //MultAcc_1_ARRAY CYCODE accumulatee[windowsize];
 102:.\main.c      **** /*functions*/
 103:.\main.c      **** void Configure_DMA();
 104:.\main.c      **** //uint32 moving_average(uint32 *specflux);
 105:.\main.c      **** 
 106:.\main.c      **** /*ISR routine*/
 107:.\main.c      **** CY_ISR_PROTO(Buffer_complete);
 108:.\main.c      **** CY_ISR(Buffer_complete){
 108              		.loc 1 108 0
 109              		.cfi_startproc
 110              		@ args = 0, pretend = 0, frame = 0
 111              		@ frame_needed = 1, uses_anonymous_args = 0
 112              		@ link register save eliminated.
 113 0000 80B4     		push	{r7}
 114              		.cfi_def_cfa_offset 4
 115              		.cfi_offset 7, -4
 116 0002 00AF     		add	r7, sp, #0
 117              		.cfi_def_cfa_register 7
 109:.\main.c      ****     isr_BC_flag=1;
 118              		.loc 1 109 0
 119 0004 034B     		ldr	r3, .L2
ARM GAS  C:\Users\SCOTTC~1\AppData\Local\Temp\cc7Q0PuC.s 			page 5


 120 0006 0122     		movs	r2, #1
 121 0008 1A70     		strb	r2, [r3]
 110:.\main.c      **** }
 122              		.loc 1 110 0
 123 000a BD46     		mov	sp, r7
 124              		@ sp needed
 125 000c 5DF8047B 		ldr	r7, [sp], #4
 126 0010 7047     		bx	lr
 127              	.L3:
 128 0012 00BF     		.align	2
 129              	.L2:
 130 0014 1B000000 		.word	isr_BC_flag
 131              		.cfi_endproc
 132              	.LFE118:
 133              		.size	Buffer_complete, .-Buffer_complete
 134              		.section	.text.LPF_buffer_complete,"ax",%progbits
 135              		.align	2
 136              		.global	LPF_buffer_complete
 137              		.thumb
 138              		.thumb_func
 139              		.type	LPF_buffer_complete, %function
 140              	LPF_buffer_complete:
 141              	.LFB119:
 111:.\main.c      **** CY_ISR_PROTO(LPF_buffer_complete);
 112:.\main.c      **** CY_ISR(LPF_buffer_complete){
 142              		.loc 1 112 0
 143              		.cfi_startproc
 144              		@ args = 0, pretend = 0, frame = 0
 145              		@ frame_needed = 1, uses_anonymous_args = 0
 146 0000 80B5     		push	{r7, lr}
 147              		.cfi_def_cfa_offset 8
 148              		.cfi_offset 7, -8
 149              		.cfi_offset 14, -4
 150 0002 00AF     		add	r7, sp, #0
 151              		.cfi_def_cfa_register 7
 113:.\main.c      ****     isr_LPF_buffer_complete_flag=1;
 152              		.loc 1 113 0
 153 0004 044B     		ldr	r3, .L5
 154 0006 0122     		movs	r2, #1
 155 0008 1A70     		strb	r2, [r3]
 114:.\main.c      ****     CyDmaChEnable(DMA_4_Chan, 1);
 156              		.loc 1 114 0
 157 000a 044B     		ldr	r3, .L5+4
 158 000c 1B78     		ldrb	r3, [r3]	@ zero_extendqisi2
 159 000e 1846     		mov	r0, r3
 160 0010 0121     		movs	r1, #1
 161 0012 FFF7FEFF 		bl	CyDmaChEnable
 115:.\main.c      **** }
 162              		.loc 1 115 0
 163 0016 80BD     		pop	{r7, pc}
 164              	.L6:
 165              		.align	2
 166              	.L5:
 167 0018 1C000000 		.word	isr_LPF_buffer_complete_flag
 168 001c 00000000 		.word	DMA_4_Chan
 169              		.cfi_endproc
 170              	.LFE119:
ARM GAS  C:\Users\SCOTTC~1\AppData\Local\Temp\cc7Q0PuC.s 			page 6


 171              		.size	LPF_buffer_complete, .-LPF_buffer_complete
 172              		.section	.text.main,"ax",%progbits
 173              		.align	2
 174              		.global	main
 175              		.thumb
 176              		.thumb_func
 177              		.type	main, %function
 178              	main:
 179              	.LFB120:
 116:.\main.c      **** 
 117:.\main.c      **** 
 118:.\main.c      **** /*main*/
 119:.\main.c      **** void main(void)
 120:.\main.c      **** {    
 180              		.loc 1 120 0
 181              		.cfi_startproc
 182              		@ args = 0, pretend = 0, frame = 0
 183              		@ frame_needed = 1, uses_anonymous_args = 0
 184 0000 80B5     		push	{r7, lr}
 185              		.cfi_def_cfa_offset 8
 186              		.cfi_offset 7, -8
 187              		.cfi_offset 14, -4
 188 0002 00AF     		add	r7, sp, #0
 189              		.cfi_def_cfa_register 7
 121:.\main.c      **** 
 122:.\main.c      ****     
 123:.\main.c      ****  
 124:.\main.c      ****     /*Preliminary parts not important*/  
 125:.\main.c      ****     LCD_Char_1_Start();
 190              		.loc 1 125 0
 191 0004 FFF7FEFF 		bl	LCD_Char_1_Start
 126:.\main.c      ****     ADC_DelSig_1_Start();
 192              		.loc 1 126 0
 193 0008 FFF7FEFF 		bl	ADC_DelSig_1_Start
 127:.\main.c      ****     ADC_DelSig_1_StartConvert();
 194              		.loc 1 127 0
 195 000c FFF7FEFF 		bl	ADC_DelSig_1_StartConvert
 128:.\main.c      ****     Configure_DMA(); 
 196              		.loc 1 128 0
 197 0010 FFF7FEFF 		bl	Configure_DMA
 129:.\main.c      ****     isr_1_StartEx(Buffer_complete);
 198              		.loc 1 129 0
 199 0014 3348     		ldr	r0, .L10
 200 0016 FFF7FEFF 		bl	isr_1_StartEx
 130:.\main.c      ****     isr_2_StartEx(LPF_buffer_complete);
 201              		.loc 1 130 0
 202 001a 3348     		ldr	r0, .L10+4
 203 001c FFF7FEFF 		bl	isr_2_StartEx
 131:.\main.c      ****     ADC_DelSig_1_SetCoherency(ADC_DelSig_1_COHER_MID);   
 204              		.loc 1 131 0
 205 0020 0220     		movs	r0, #2
 206 0022 FFF7FEFF 		bl	ADC_DelSig_1_SetCoherency
 132:.\main.c      ****     
 133:.\main.c      ****     Filter_SetDalign(Filter_STAGEA_DALIGN,Filter_ENABLED);
 207              		.loc 1 133 0
 208 0026 0120     		movs	r0, #1
 209 0028 0121     		movs	r1, #1
ARM GAS  C:\Users\SCOTTC~1\AppData\Local\Temp\cc7Q0PuC.s 			page 7


 210 002a FFF7FEFF 		bl	Filter_SetDalign
 134:.\main.c      ****     Filter_SetDalign(Filter_HOLDA_DALIGN,Filter_ENABLED);
 211              		.loc 1 134 0
 212 002e 0420     		movs	r0, #4
 213 0030 0121     		movs	r1, #1
 214 0032 FFF7FEFF 		bl	Filter_SetDalign
 135:.\main.c      ****     Filter_SetCoherency(Filter_STAGEA_COHER,Filter_KEY_MID);
 215              		.loc 1 135 0
 216 0036 0320     		movs	r0, #3
 217 0038 0121     		movs	r1, #1
 218 003a FFF7FEFF 		bl	Filter_SetCoherency
 136:.\main.c      ****     Filter_SetCoherency(Filter_HOLDA_COHER,Filter_KEY_MID);
 219              		.loc 1 136 0
 220 003e 3020     		movs	r0, #48
 221 0040 0121     		movs	r1, #1
 222 0042 FFF7FEFF 		bl	Filter_SetCoherency
 137:.\main.c      ****     Filter_SetCoherency(Filter_CHANNEL_A,Filter_KEY_MID);  
 223              		.loc 1 137 0
 224 0046 0020     		movs	r0, #0
 225 0048 0121     		movs	r1, #1
 226 004a FFF7FEFF 		bl	Filter_SetCoherency
 138:.\main.c      ****     
 139:.\main.c      ****     Filter_SetDalign(Filter_STAGEB_DALIGN,Filter_ENABLED);
 227              		.loc 1 139 0
 228 004e 0220     		movs	r0, #2
 229 0050 0121     		movs	r1, #1
 230 0052 FFF7FEFF 		bl	Filter_SetDalign
 140:.\main.c      ****     Filter_SetDalign(Filter_HOLDB_DALIGN,Filter_ENABLED);
 231              		.loc 1 140 0
 232 0056 0820     		movs	r0, #8
 233 0058 0121     		movs	r1, #1
 234 005a FFF7FEFF 		bl	Filter_SetDalign
 141:.\main.c      ****     Filter_SetCoherency(Filter_STAGEB_COHER,Filter_KEY_MID);
 235              		.loc 1 141 0
 236 005e 0C20     		movs	r0, #12
 237 0060 0121     		movs	r1, #1
 238 0062 FFF7FEFF 		bl	Filter_SetCoherency
 142:.\main.c      ****     Filter_SetCoherency(Filter_HOLDB_COHER,Filter_KEY_MID);
 239              		.loc 1 142 0
 240 0066 C020     		movs	r0, #192
 241 0068 0121     		movs	r1, #1
 242 006a FFF7FEFF 		bl	Filter_SetCoherency
 143:.\main.c      ****     Filter_SetCoherency(Filter_CHANNEL_B,Filter_KEY_MID);
 243              		.loc 1 143 0
 244 006e 0120     		movs	r0, #1
 245 0070 0121     		movs	r1, #1
 246 0072 FFF7FEFF 		bl	Filter_SetCoherency
 144:.\main.c      **** 
 145:.\main.c      ****     CyGlobalIntEnable;
 247              		.loc 1 145 0
 248              	@ 145 ".\main.c" 1
 249 0076 62B6     		CPSIE   i
 250              	@ 0 "" 2
 146:.\main.c      **** 
 147:.\main.c      ****     Filter_Start();
 251              		.loc 1 147 0
 252              		.thumb
ARM GAS  C:\Users\SCOTTC~1\AppData\Local\Temp\cc7Q0PuC.s 			page 8


 253 0078 FFF7FEFF 		bl	Filter_Start
 148:.\main.c      **** 
 149:.\main.c      ****     /*Writes ADC values to ADC_samples array*/
 150:.\main.c      ****     next_state=0x00;
 254              		.loc 1 150 0
 255 007c 1B4B     		ldr	r3, .L10+8
 256 007e 0022     		movs	r2, #0
 257 0080 1A70     		strb	r2, [r3]
 151:.\main.c      ****     state=0x10;
 258              		.loc 1 151 0
 259 0082 1B4B     		ldr	r3, .L10+12
 260 0084 1022     		movs	r2, #16
 261 0086 1A70     		strb	r2, [r3]
 152:.\main.c      ****     first_time=1;
 262              		.loc 1 152 0
 263 0088 1A4B     		ldr	r3, .L10+16
 264 008a 0122     		movs	r2, #1
 265 008c 1A70     		strb	r2, [r3]
 266              	.L9:
 153:.\main.c      ****     while(1){
 154:.\main.c      ****     if (isr_BC_flag==1){        
 267              		.loc 1 154 0
 268 008e 1A4B     		ldr	r3, .L10+20
 269 0090 1B78     		ldrb	r3, [r3]
 270 0092 DBB2     		uxtb	r3, r3
 271 0094 012B     		cmp	r3, #1
 272 0096 24D1     		bne	.L8
 155:.\main.c      ****         arm_cfft_q15(&arm_cfft_sR_q15_len256, ADC_buffer1, 0, 1); 
 273              		.loc 1 155 0
 274 0098 1848     		ldr	r0, .L10+24
 275 009a 1949     		ldr	r1, .L10+28
 276 009c 0022     		movs	r2, #0
 277 009e 0123     		movs	r3, #1
 278 00a0 FFF7FEFF 		bl	arm_cfft_q15
 156:.\main.c      ****         arm_cmplx_mag_q15(ADC_buffer1, magoutput1, fftlength); 
 279              		.loc 1 156 0
 280 00a4 174B     		ldr	r3, .L10+32
 281 00a6 1B68     		ldr	r3, [r3]
 282 00a8 1548     		ldr	r0, .L10+28
 283 00aa 1749     		ldr	r1, .L10+36
 284 00ac 1A46     		mov	r2, r3
 285 00ae FFF7FEFF 		bl	arm_cmplx_mag_q15
 157:.\main.c      ****         CyDmaChEnable(DMA_2_Chan, 1);
 286              		.loc 1 157 0
 287 00b2 164B     		ldr	r3, .L10+40
 288 00b4 1B78     		ldrb	r3, [r3]	@ zero_extendqisi2
 289 00b6 1846     		mov	r0, r3
 290 00b8 0121     		movs	r1, #1
 291 00ba FFF7FEFF 		bl	CyDmaChEnable
 158:.\main.c      ****         arm_max_q15(magoutput1, fftlength, &maxValue, &testIndex);
 292              		.loc 1 158 0
 293 00be 114B     		ldr	r3, .L10+32
 294 00c0 1B68     		ldr	r3, [r3]
 295 00c2 1148     		ldr	r0, .L10+36
 296 00c4 1946     		mov	r1, r3
 297 00c6 124A     		ldr	r2, .L10+44
 298 00c8 124B     		ldr	r3, .L10+48
ARM GAS  C:\Users\SCOTTC~1\AppData\Local\Temp\cc7Q0PuC.s 			page 9


 299 00ca FFF7FEFF 		bl	arm_max_q15
 159:.\main.c      ****         
 160:.\main.c      ****         isr_BC_flag=0;
 300              		.loc 1 160 0
 301 00ce 0A4B     		ldr	r3, .L10+20
 302 00d0 0022     		movs	r2, #0
 303 00d2 1A70     		strb	r2, [r3]
 161:.\main.c      ****         isr_1_ClearPending();
 304              		.loc 1 161 0
 305 00d4 FFF7FEFF 		bl	isr_1_ClearPending
 162:.\main.c      ****         state=next_state;
 306              		.loc 1 162 0
 307 00d8 044B     		ldr	r3, .L10+8
 308 00da 1A78     		ldrb	r2, [r3]	@ zero_extendqisi2
 309 00dc 044B     		ldr	r3, .L10+12
 310 00de 1A70     		strb	r2, [r3]
 163:.\main.c      ****         
 164:.\main.c      **** //        if (first_time==1){
 165:.\main.c      **** //            first_time=0;
 166:.\main.c      **** //            magoutput2=magoutput1;
 167:.\main.c      **** //        }
 168:.\main.c      **** //        else if (second_time==1){
 169:.\main.c      **** //            second_time=0;
 170:.\main.c      **** //            for (i=0;i<buffersize/2;i++){
 171:.\main.c      **** //            sflux3=sflux3+(magoutput1-magoutput2);
 172:.\main.c      **** //            }
 173:.\main.c      **** //            magoutput2=magoutput1;
 174:.\main.c      **** //        }
 175:.\main.c      **** //        else if (third_time==1){
 176:.\main.c      **** //            third_time=0;
 177:.\main.c      **** //            for (i=0;i<buffersize/2;i++){
 178:.\main.c      **** //            sflux2=sflux2+(magoutput1-magoutput2);
 179:.\main.c      **** //            }
 180:.\main.c      **** //            magoutput2=magoutput1;
 181:.\main.c      **** //        }
 182:.\main.c      **** //        else {
 183:.\main.c      **** //            for (i=0;i<buffersize/2;i++){
 184:.\main.c      **** //            sflux1=sflux1+(magoutput1-magoutput2);
 185:.\main.c      **** //            }
 186:.\main.c      **** //            
 187:.\main.c      **** //            
 188:.\main.c      **** //            
 189:.\main.c      **** //            magoutput2=magoutput1;
 190:.\main.c      **** //            sflux3=sflux2;
 191:.\main.c      **** //            sflux2=sflux1;
 192:.\main.c      **** //            sflux1=0;
 193:.\main.c      **** //        }
 194:.\main.c      **** //            
 195:.\main.c      **** //        
 196:.\main.c      ****     }
 197:.\main.c      **** }
 311              		.loc 1 197 0
 312 00e0 D5E7     		b	.L9
 313              	.L8:
 314 00e2 D4E7     		b	.L9
 315              	.L11:
 316              		.align	2
ARM GAS  C:\Users\SCOTTC~1\AppData\Local\Temp\cc7Q0PuC.s 			page 10


 317              	.L10:
 318 00e4 00000000 		.word	Buffer_complete
 319 00e8 00000000 		.word	LPF_buffer_complete
 320 00ec 19000000 		.word	next_state
 321 00f0 18000000 		.word	state
 322 00f4 00000000 		.word	first_time
 323 00f8 1B000000 		.word	isr_BC_flag
 324 00fc 00000000 		.word	arm_cfft_sR_q15_len256
 325 0100 00000000 		.word	ADC_buffer1
 326 0104 00000000 		.word	fftlength
 327 0108 00000000 		.word	magoutput1
 328 010c 00000000 		.word	DMA_2_Chan
 329 0110 10000000 		.word	maxValue
 330 0114 14000000 		.word	testIndex
 331              		.cfi_endproc
 332              	.LFE120:
 333              		.size	main, .-main
 334              		.section	.text.Configure_DMA,"ax",%progbits
 335              		.align	2
 336              		.global	Configure_DMA
 337              		.thumb
 338              		.thumb_func
 339              		.type	Configure_DMA, %function
 340              	Configure_DMA:
 341              	.LFB121:
 198:.\main.c      **** }
 199:.\main.c      **** 
 200:.\main.c      **** void Configure_DMA(){
 342              		.loc 1 200 0
 343              		.cfi_startproc
 344              		@ args = 0, pretend = 0, frame = 0
 345              		@ frame_needed = 1, uses_anonymous_args = 0
 346 0000 80B5     		push	{r7, lr}
 347              		.cfi_def_cfa_offset 8
 348              		.cfi_offset 7, -8
 349              		.cfi_offset 14, -4
 350 0002 00AF     		add	r7, sp, #0
 351              		.cfi_def_cfa_register 7
 201:.\main.c      **** //    
 202:.\main.c      **** //ADC2Filter_DMA_Chan = ADC2Filter_DMA_DmaInitialize(ADC2Filter_DMA_BYTES_PER_BURST, ADC2Filter_DMA
 203:.\main.c      **** //    HI16(ADC2Filter_DMA_SRC_BASE), HI16(ADC2Filter_DMA_DST_BASE));
 204:.\main.c      **** //ADC2Filter_DMA_TD[0] = CyDmaTdAllocate();
 205:.\main.c      **** //CyDmaTdSetConfiguration(ADC2Filter_DMA_TD[0], 2, ADC2Filter_DMA_TD[0], ADC2Filter_DMA__TD_TERMOUT
 206:.\main.c      **** //CyDmaTdSetAddress(ADC2Filter_DMA_TD[0], LO16((uint32)ADC_DelSig_1_DEC_SAMP_PTR), LO16((uint32)Fil
 207:.\main.c      **** //CyDmaChSetInitialTd(ADC2Filter_DMA_Chan, ADC2Filter_DMA_TD[0]);
 208:.\main.c      **** //CyDmaChEnable(ADC2Filter_DMA_Chan, 1);
 209:.\main.c      **** 
 210:.\main.c      **** ADC2Filter_DMA_Chan = ADC2Filter_DMA_DmaInitialize(ADC2Filter_DMA_BYTES_PER_BURST, ADC2Filter_DMA_R
 352              		.loc 1 210 0
 353 0004 0220     		movs	r0, #2
 354 0006 0121     		movs	r1, #1
 355 0008 4FF48042 		mov	r2, #16384
 356 000c 4FF48043 		mov	r3, #16384
 357 0010 FFF7FEFF 		bl	ADC2Filter_DMA_DmaInitialize
 358 0014 0346     		mov	r3, r0
 359 0016 1A46     		mov	r2, r3
 360 0018 8A4B     		ldr	r3, .L13
ARM GAS  C:\Users\SCOTTC~1\AppData\Local\Temp\cc7Q0PuC.s 			page 11


 361 001a 1A70     		strb	r2, [r3]
 211:.\main.c      ****     HI16(ADC2Filter_DMA_SRC_BASE), HI16(ADC2Filter_DMA_DST_BASE));
 212:.\main.c      **** ADC2Filter_DMA_TD[0] = CyDmaTdAllocate();
 362              		.loc 1 212 0
 363 001c FFF7FEFF 		bl	CyDmaTdAllocate
 364 0020 0346     		mov	r3, r0
 365 0022 1A46     		mov	r2, r3
 366 0024 884B     		ldr	r3, .L13+4
 367 0026 1A70     		strb	r2, [r3]
 213:.\main.c      **** ADC2Filter_DMA_TD[1] = CyDmaTdAllocate();
 368              		.loc 1 213 0
 369 0028 FFF7FEFF 		bl	CyDmaTdAllocate
 370 002c 0346     		mov	r3, r0
 371 002e 1A46     		mov	r2, r3
 372 0030 854B     		ldr	r3, .L13+4
 373 0032 5A70     		strb	r2, [r3, #1]
 214:.\main.c      **** CyDmaTdSetConfiguration(ADC2Filter_DMA_TD[0], 2, ADC2Filter_DMA_TD[1], TD_AUTO_EXEC_NEXT);
 374              		.loc 1 214 0
 375 0034 844B     		ldr	r3, .L13+4
 376 0036 1A78     		ldrb	r2, [r3]	@ zero_extendqisi2
 377 0038 834B     		ldr	r3, .L13+4
 378 003a 5B78     		ldrb	r3, [r3, #1]	@ zero_extendqisi2
 379 003c 1046     		mov	r0, r2
 380 003e 0221     		movs	r1, #2
 381 0040 1A46     		mov	r2, r3
 382 0042 2023     		movs	r3, #32
 383 0044 FFF7FEFF 		bl	CyDmaTdSetConfiguration
 215:.\main.c      **** CyDmaTdSetConfiguration(ADC2Filter_DMA_TD[1], 2, ADC2Filter_DMA_TD[0], ADC2Filter_DMA__TD_TERMOUT_E
 384              		.loc 1 215 0
 385 0048 7F4B     		ldr	r3, .L13+4
 386 004a 5A78     		ldrb	r2, [r3, #1]	@ zero_extendqisi2
 387 004c 7E4B     		ldr	r3, .L13+4
 388 004e 1B78     		ldrb	r3, [r3]	@ zero_extendqisi2
 389 0050 1046     		mov	r0, r2
 390 0052 0221     		movs	r1, #2
 391 0054 1A46     		mov	r2, r3
 392 0056 0423     		movs	r3, #4
 393 0058 FFF7FEFF 		bl	CyDmaTdSetConfiguration
 216:.\main.c      **** CyDmaTdSetAddress(ADC2Filter_DMA_TD[0], LO16((uint32)ADC_DelSig_1_DEC_SAMP_PTR), LO16((uint32)Filte
 394              		.loc 1 216 0
 395 005c 7A4B     		ldr	r3, .L13+4
 396 005e 1B78     		ldrb	r3, [r3]	@ zero_extendqisi2
 397 0060 1846     		mov	r0, r3
 398 0062 44F61061 		movw	r1, #19984
 399 0066 4CF2A072 		movw	r2, #51104
 400 006a FFF7FEFF 		bl	CyDmaTdSetAddress
 217:.\main.c      **** CyDmaTdSetAddress(ADC2Filter_DMA_TD[1], LO16((uint32)ADC_DelSig_1_DEC_SAMP_PTR), LO16((uint32)Filte
 401              		.loc 1 217 0
 402 006e 764B     		ldr	r3, .L13+4
 403 0070 5B78     		ldrb	r3, [r3, #1]	@ zero_extendqisi2
 404 0072 1846     		mov	r0, r3
 405 0074 44F61061 		movw	r1, #19984
 406 0078 4CF2A472 		movw	r2, #51108
 407 007c FFF7FEFF 		bl	CyDmaTdSetAddress
 218:.\main.c      **** CyDmaChSetInitialTd(ADC2Filter_DMA_Chan, ADC2Filter_DMA_TD[0]);
 408              		.loc 1 218 0
 409 0080 704B     		ldr	r3, .L13
ARM GAS  C:\Users\SCOTTC~1\AppData\Local\Temp\cc7Q0PuC.s 			page 12


 410 0082 1A78     		ldrb	r2, [r3]	@ zero_extendqisi2
 411 0084 704B     		ldr	r3, .L13+4
 412 0086 1B78     		ldrb	r3, [r3]	@ zero_extendqisi2
 413 0088 1046     		mov	r0, r2
 414 008a 1946     		mov	r1, r3
 415 008c FFF7FEFF 		bl	CyDmaChSetInitialTd
 219:.\main.c      **** CyDmaChEnable(ADC2Filter_DMA_Chan, 1);
 416              		.loc 1 219 0
 417 0090 6C4B     		ldr	r3, .L13
 418 0092 1B78     		ldrb	r3, [r3]	@ zero_extendqisi2
 419 0094 1846     		mov	r0, r3
 420 0096 0121     		movs	r1, #1
 421 0098 FFF7FEFF 		bl	CyDmaChEnable
 220:.\main.c      **** 
 221:.\main.c      **** 
 222:.\main.c      **** /*Second buffer*/
 223:.\main.c      **** DMA_2_Chan = DMA_2_DmaInitialize(DMA_2_BYTES_PER_BURST, DMA_2_REQUEST_PER_BURST, 
 422              		.loc 1 223 0
 423 009c 0220     		movs	r0, #2
 424 009e 0021     		movs	r1, #0
 425 00a0 41F6FF72 		movw	r2, #8191
 426 00a4 41F6FF73 		movw	r3, #8191
 427 00a8 FFF7FEFF 		bl	DMA_2_DmaInitialize
 428 00ac 0346     		mov	r3, r0
 429 00ae 1A46     		mov	r2, r3
 430 00b0 664B     		ldr	r3, .L13+8
 431 00b2 1A70     		strb	r2, [r3]
 224:.\main.c      ****     HI16(DMA_2_SRC_BASE), HI16(DMA_2_DST_BASE));
 225:.\main.c      **** DMA_2_TD[0] = CyDmaTdAllocate();
 432              		.loc 1 225 0
 433 00b4 FFF7FEFF 		bl	CyDmaTdAllocate
 434 00b8 0346     		mov	r3, r0
 435 00ba 1A46     		mov	r2, r3
 436 00bc 644B     		ldr	r3, .L13+12
 437 00be 1A70     		strb	r2, [r3]
 226:.\main.c      **** CyDmaTdSetConfiguration(DMA_2_TD[0], buffersize, CY_DMA_DISABLE_TD /* DMA_2_TD[0]*/, DMA_2__TD_TERM
 438              		.loc 1 226 0
 439 00c0 634B     		ldr	r3, .L13+12
 440 00c2 1B78     		ldrb	r3, [r3]	@ zero_extendqisi2
 441 00c4 1846     		mov	r0, r3
 442 00c6 4FF40061 		mov	r1, #2048
 443 00ca FE22     		movs	r2, #254
 444 00cc 0723     		movs	r3, #7
 445 00ce FFF7FEFF 		bl	CyDmaTdSetConfiguration
 227:.\main.c      **** CyDmaTdSetAddress(DMA_2_TD[0], LO16((uint32)ADC_samples), LO16((uint32)Buffer_samples));
 446              		.loc 1 227 0
 447 00d2 5F4B     		ldr	r3, .L13+12
 448 00d4 1978     		ldrb	r1, [r3]	@ zero_extendqisi2
 449 00d6 5F4B     		ldr	r3, .L13+16
 450 00d8 9AB2     		uxth	r2, r3
 451 00da 5F4B     		ldr	r3, .L13+20
 452 00dc 9BB2     		uxth	r3, r3
 453 00de 0846     		mov	r0, r1
 454 00e0 1146     		mov	r1, r2
 455 00e2 1A46     		mov	r2, r3
 456 00e4 FFF7FEFF 		bl	CyDmaTdSetAddress
 228:.\main.c      **** CyDmaChSetInitialTd(DMA_2_Chan, DMA_2_TD[0]);
ARM GAS  C:\Users\SCOTTC~1\AppData\Local\Temp\cc7Q0PuC.s 			page 13


 457              		.loc 1 228 0
 458 00e8 584B     		ldr	r3, .L13+8
 459 00ea 1A78     		ldrb	r2, [r3]	@ zero_extendqisi2
 460 00ec 584B     		ldr	r3, .L13+12
 461 00ee 1B78     		ldrb	r3, [r3]	@ zero_extendqisi2
 462 00f0 1046     		mov	r0, r2
 463 00f2 1946     		mov	r1, r3
 464 00f4 FFF7FEFF 		bl	CyDmaChSetInitialTd
 229:.\main.c      **** CyDmaChEnable(DMA_2_Chan, 1);
 465              		.loc 1 229 0
 466 00f8 544B     		ldr	r3, .L13+8
 467 00fa 1B78     		ldrb	r3, [r3]	@ zero_extendqisi2
 468 00fc 1846     		mov	r0, r3
 469 00fe 0121     		movs	r1, #1
 470 0100 FFF7FEFF 		bl	CyDmaChEnable
 230:.\main.c      **** 
 231:.\main.c      **** /*First buffer*/
 232:.\main.c      **** DMA_1_Chan = DMA_1_DmaInitialize(DMA_1_BYTES_PER_BURST, DMA_1_REQUEST_PER_BURST, 
 471              		.loc 1 232 0
 472 0104 0220     		movs	r0, #2
 473 0106 0121     		movs	r1, #1
 474 0108 4FF48042 		mov	r2, #16384
 475 010c 41F6FF73 		movw	r3, #8191
 476 0110 FFF7FEFF 		bl	DMA_1_DmaInitialize
 477 0114 0346     		mov	r3, r0
 478 0116 1A46     		mov	r2, r3
 479 0118 504B     		ldr	r3, .L13+24
 480 011a 1A70     		strb	r2, [r3]
 233:.\main.c      ****     HI16(DMA_1_SRC_BASE), HI16(DMA_1_DST_BASE));
 234:.\main.c      **** DMA_1_TD[0] = CyDmaTdAllocate();
 481              		.loc 1 234 0
 482 011c FFF7FEFF 		bl	CyDmaTdAllocate
 483 0120 0346     		mov	r3, r0
 484 0122 1A46     		mov	r2, r3
 485 0124 4E4B     		ldr	r3, .L13+28
 486 0126 1A70     		strb	r2, [r3]
 235:.\main.c      **** CyDmaTdSetConfiguration(DMA_1_TD[0], buffersize,/* CY_DMA_DISABLE_TD*/ DMA_1_TD[0], DMA_1__TD_TERMO
 487              		.loc 1 235 0
 488 0128 4D4B     		ldr	r3, .L13+28
 489 012a 1A78     		ldrb	r2, [r3]	@ zero_extendqisi2
 490 012c 4C4B     		ldr	r3, .L13+28
 491 012e 1B78     		ldrb	r3, [r3]	@ zero_extendqisi2
 492 0130 1046     		mov	r0, r2
 493 0132 4FF40061 		mov	r1, #2048
 494 0136 1A46     		mov	r2, r3
 495 0138 0623     		movs	r3, #6
 496 013a FFF7FEFF 		bl	CyDmaTdSetConfiguration
 236:.\main.c      **** CyDmaTdSetAddress(DMA_1_TD[0], LO16((uint32)Filter_HOLDA_PTR), LO16((uint32)ADC_samples));
 497              		.loc 1 236 0
 498 013e 484B     		ldr	r3, .L13+28
 499 0140 1A78     		ldrb	r2, [r3]	@ zero_extendqisi2
 500 0142 444B     		ldr	r3, .L13+16
 501 0144 9BB2     		uxth	r3, r3
 502 0146 1046     		mov	r0, r2
 503 0148 4CF2A871 		movw	r1, #51112
 504 014c 1A46     		mov	r2, r3
 505 014e FFF7FEFF 		bl	CyDmaTdSetAddress
ARM GAS  C:\Users\SCOTTC~1\AppData\Local\Temp\cc7Q0PuC.s 			page 14


 237:.\main.c      **** CyDmaChSetInitialTd(DMA_1_Chan, DMA_1_TD[0]);
 506              		.loc 1 237 0
 507 0152 424B     		ldr	r3, .L13+24
 508 0154 1A78     		ldrb	r2, [r3]	@ zero_extendqisi2
 509 0156 424B     		ldr	r3, .L13+28
 510 0158 1B78     		ldrb	r3, [r3]	@ zero_extendqisi2
 511 015a 1046     		mov	r0, r2
 512 015c 1946     		mov	r1, r3
 513 015e FFF7FEFF 		bl	CyDmaChSetInitialTd
 238:.\main.c      **** CyDmaChEnable(DMA_1_Chan, 1);
 514              		.loc 1 238 0
 515 0162 3E4B     		ldr	r3, .L13+24
 516 0164 1B78     		ldrb	r3, [r3]	@ zero_extendqisi2
 517 0166 1846     		mov	r0, r3
 518 0168 0121     		movs	r1, #1
 519 016a FFF7FEFF 		bl	CyDmaChEnable
 239:.\main.c      **** 
 240:.\main.c      **** DMA_3_Chan = DMA_3_DmaInitialize(DMA_3_BYTES_PER_BURST, DMA_3_REQUEST_PER_BURST, 
 520              		.loc 1 240 0
 521 016e 0220     		movs	r0, #2
 522 0170 0121     		movs	r1, #1
 523 0172 4FF48042 		mov	r2, #16384
 524 0176 41F6FF73 		movw	r3, #8191
 525 017a FFF7FEFF 		bl	DMA_3_DmaInitialize
 526 017e 0346     		mov	r3, r0
 527 0180 1A46     		mov	r2, r3
 528 0182 384B     		ldr	r3, .L13+32
 529 0184 1A70     		strb	r2, [r3]
 241:.\main.c      ****     HI16(DMA_3_SRC_BASE), HI16(DMA_3_DST_BASE));
 242:.\main.c      **** DMA_3_TD[0] = CyDmaTdAllocate();
 530              		.loc 1 242 0
 531 0186 FFF7FEFF 		bl	CyDmaTdAllocate
 532 018a 0346     		mov	r3, r0
 533 018c 1A46     		mov	r2, r3
 534 018e 364B     		ldr	r3, .L13+36
 535 0190 1A70     		strb	r2, [r3]
 243:.\main.c      **** CyDmaTdSetConfiguration(DMA_3_TD[0], buffersize, DMA_3_TD[0], DMA_3__TD_TERMOUT_EN | TD_INC_DST_ADR
 536              		.loc 1 243 0
 537 0192 354B     		ldr	r3, .L13+36
 538 0194 1A78     		ldrb	r2, [r3]	@ zero_extendqisi2
 539 0196 344B     		ldr	r3, .L13+36
 540 0198 1B78     		ldrb	r3, [r3]	@ zero_extendqisi2
 541 019a 1046     		mov	r0, r2
 542 019c 4FF40061 		mov	r1, #2048
 543 01a0 1A46     		mov	r2, r3
 544 01a2 0623     		movs	r3, #6
 545 01a4 FFF7FEFF 		bl	CyDmaTdSetConfiguration
 244:.\main.c      **** CyDmaTdSetAddress(DMA_3_TD[0], LO16((uint32)Filter_HOLDB_PTR), LO16((uint32)LPF_samples));
 546              		.loc 1 244 0
 547 01a8 2F4B     		ldr	r3, .L13+36
 548 01aa 1A78     		ldrb	r2, [r3]	@ zero_extendqisi2
 549 01ac 2F4B     		ldr	r3, .L13+40
 550 01ae 9BB2     		uxth	r3, r3
 551 01b0 1046     		mov	r0, r2
 552 01b2 4CF2AC71 		movw	r1, #51116
 553 01b6 1A46     		mov	r2, r3
 554 01b8 FFF7FEFF 		bl	CyDmaTdSetAddress
ARM GAS  C:\Users\SCOTTC~1\AppData\Local\Temp\cc7Q0PuC.s 			page 15


 245:.\main.c      **** CyDmaChSetInitialTd(DMA_3_Chan, DMA_3_TD[0]);
 555              		.loc 1 245 0
 556 01bc 294B     		ldr	r3, .L13+32
 557 01be 1A78     		ldrb	r2, [r3]	@ zero_extendqisi2
 558 01c0 294B     		ldr	r3, .L13+36
 559 01c2 1B78     		ldrb	r3, [r3]	@ zero_extendqisi2
 560 01c4 1046     		mov	r0, r2
 561 01c6 1946     		mov	r1, r3
 562 01c8 FFF7FEFF 		bl	CyDmaChSetInitialTd
 246:.\main.c      **** CyDmaChEnable(DMA_3_Chan, 1);
 563              		.loc 1 246 0
 564 01cc 254B     		ldr	r3, .L13+32
 565 01ce 1B78     		ldrb	r3, [r3]	@ zero_extendqisi2
 566 01d0 1846     		mov	r0, r3
 567 01d2 0121     		movs	r1, #1
 568 01d4 FFF7FEFF 		bl	CyDmaChEnable
 247:.\main.c      **** 
 248:.\main.c      **** DMA_4_Chan = DMA_4_DmaInitialize(DMA_4_BYTES_PER_BURST, DMA_4_REQUEST_PER_BURST, 
 569              		.loc 1 248 0
 570 01d8 0220     		movs	r0, #2
 571 01da 0021     		movs	r1, #0
 572 01dc 41F6FF72 		movw	r2, #8191
 573 01e0 41F6FF73 		movw	r3, #8191
 574 01e4 FFF7FEFF 		bl	DMA_4_DmaInitialize
 575 01e8 0346     		mov	r3, r0
 576 01ea 1A46     		mov	r2, r3
 577 01ec 204B     		ldr	r3, .L13+44
 578 01ee 1A70     		strb	r2, [r3]
 249:.\main.c      ****     HI16(DMA_4_SRC_BASE), HI16(DMA_4_DST_BASE));
 250:.\main.c      **** DMA_4_TD[0] = CyDmaTdAllocate();
 579              		.loc 1 250 0
 580 01f0 FFF7FEFF 		bl	CyDmaTdAllocate
 581 01f4 0346     		mov	r3, r0
 582 01f6 1A46     		mov	r2, r3
 583 01f8 1E4B     		ldr	r3, .L13+48
 584 01fa 1A70     		strb	r2, [r3]
 251:.\main.c      **** CyDmaTdSetConfiguration(DMA_4_TD[0], buffersize, CY_DMA_DISABLE_TD /*DMA_4_TD[0]*/, DMA_4__TD_TERMO
 585              		.loc 1 251 0
 586 01fc 1D4B     		ldr	r3, .L13+48
 587 01fe 1B78     		ldrb	r3, [r3]	@ zero_extendqisi2
 588 0200 1846     		mov	r0, r3
 589 0202 4FF40061 		mov	r1, #2048
 590 0206 FE22     		movs	r2, #254
 591 0208 0723     		movs	r3, #7
 592 020a FFF7FEFF 		bl	CyDmaTdSetConfiguration
 252:.\main.c      **** CyDmaTdSetAddress(DMA_4_TD[0], LO16((uint32)LPF_samples), LO16((uint32)LPF_buffer));
 593              		.loc 1 252 0
 594 020e 194B     		ldr	r3, .L13+48
 595 0210 1978     		ldrb	r1, [r3]	@ zero_extendqisi2
 596 0212 164B     		ldr	r3, .L13+40
 597 0214 9AB2     		uxth	r2, r3
 598 0216 184B     		ldr	r3, .L13+52
 599 0218 9BB2     		uxth	r3, r3
 600 021a 0846     		mov	r0, r1
 601 021c 1146     		mov	r1, r2
 602 021e 1A46     		mov	r2, r3
 603 0220 FFF7FEFF 		bl	CyDmaTdSetAddress
ARM GAS  C:\Users\SCOTTC~1\AppData\Local\Temp\cc7Q0PuC.s 			page 16


 253:.\main.c      **** CyDmaChSetInitialTd(DMA_4_Chan, DMA_4_TD[0]);
 604              		.loc 1 253 0
 605 0224 124B     		ldr	r3, .L13+44
 606 0226 1A78     		ldrb	r2, [r3]	@ zero_extendqisi2
 607 0228 124B     		ldr	r3, .L13+48
 608 022a 1B78     		ldrb	r3, [r3]	@ zero_extendqisi2
 609 022c 1046     		mov	r0, r2
 610 022e 1946     		mov	r1, r3
 611 0230 FFF7FEFF 		bl	CyDmaChSetInitialTd
 254:.\main.c      **** CyDmaChEnable(DMA_4_Chan, 1);
 612              		.loc 1 254 0
 613 0234 0E4B     		ldr	r3, .L13+44
 614 0236 1B78     		ldrb	r3, [r3]	@ zero_extendqisi2
 615 0238 1846     		mov	r0, r3
 616 023a 0121     		movs	r1, #1
 617 023c FFF7FEFF 		bl	CyDmaChEnable
 255:.\main.c      **** 
 256:.\main.c      **** }...
 618              		.loc 1 256 0
 619 0240 80BD     		pop	{r7, pc}
 620              	.L14:
 621 0242 00BF     		.align	2
 622              	.L13:
 623 0244 00000000 		.word	ADC2Filter_DMA_Chan
 624 0248 00000000 		.word	ADC2Filter_DMA_TD
 625 024c 00000000 		.word	DMA_2_Chan
 626 0250 00000000 		.word	DMA_2_TD
 627 0254 00000000 		.word	ADC_samples
 628 0258 00000000 		.word	Buffer_samples
 629 025c 00000000 		.word	DMA_1_Chan
 630 0260 00000000 		.word	DMA_1_TD
 631 0264 00000000 		.word	DMA_3_Chan
 632 0268 00000000 		.word	DMA_3_TD
 633 026c 00000000 		.word	LPF_samples
 634 0270 00000000 		.word	DMA_4_Chan
 635 0274 00000000 		.word	DMA_4_TD
 636 0278 00000000 		.word	LPF_buffer
 637              		.cfi_endproc
 638              	.LFE121:
 639              		.size	Configure_DMA, .-Configure_DMA
 640              		.text
 641              	.Letext0:
 642              		.file 2 "c:\\program files\\cypress\\psoc creator\\3.2\\psoc creator\\import\\gnu\\arm\\4.8.4\\arm
 643              		.file 3 "c:\\program files\\cypress\\psoc creator\\3.2\\psoc creator\\import\\gnu\\arm\\4.8.4\\arm
 644              		.file 4 "Generated_Source\\PSoC5/cytypes.h"
 645              		.file 5 "..\\..\\CMSIS_project\\CMSIS_project.cydsn\\CMSISfile\\CMSIS\\Include/arm_math.h"
 646              		.file 6 "..\\..\\CMSIS_project\\CMSIS_project.cydsn\\CMSISfile\\CMSIS\\Include/core_cm3.h"
 647              		.file 7 "..\\..\\CMSIS_project\\CMSIS_project.cydsn\\CMSISfile\\CMSIS\\Include/arm_const_structs.h
 648              		.section	.debug_info,"",%progbits
 649              	.Ldebug_info0:
 650 0000 3F050000 		.4byte	0x53f
 651 0004 0400     		.2byte	0x4
 652 0006 00000000 		.4byte	.Ldebug_abbrev0
 653 000a 04       		.byte	0x4
 654 000b 01       		.uleb128 0x1
 655 000c E5000000 		.4byte	.LASF81
 656 0010 01       		.byte	0x1
ARM GAS  C:\Users\SCOTTC~1\AppData\Local\Temp\cc7Q0PuC.s 			page 17


 657 0011 AE030000 		.4byte	.LASF82
 658 0015 C1030000 		.4byte	.LASF83
 659 0019 00000000 		.4byte	.Ldebug_ranges0+0
 660 001d 00000000 		.4byte	0
 661 0021 00000000 		.4byte	.Ldebug_line0
 662 0025 02       		.uleb128 0x2
 663 0026 01       		.byte	0x1
 664 0027 06       		.byte	0x6
 665 0028 59020000 		.4byte	.LASF0
 666 002c 02       		.uleb128 0x2
 667 002d 01       		.byte	0x1
 668 002e 08       		.byte	0x8
 669 002f 31020000 		.4byte	.LASF1
 670 0033 03       		.uleb128 0x3
 671 0034 2B040000 		.4byte	.LASF3
 672 0038 02       		.byte	0x2
 673 0039 25       		.byte	0x25
 674 003a 3E000000 		.4byte	0x3e
 675 003e 02       		.uleb128 0x2
 676 003f 02       		.byte	0x2
 677 0040 05       		.byte	0x5
 678 0041 CD000000 		.4byte	.LASF2
 679 0045 03       		.uleb128 0x3
 680 0046 C2000000 		.4byte	.LASF4
 681 004a 02       		.byte	0x2
 682 004b 26       		.byte	0x26
 683 004c 50000000 		.4byte	0x50
 684 0050 02       		.uleb128 0x2
 685 0051 02       		.byte	0x2
 686 0052 07       		.byte	0x7
 687 0053 E8020000 		.4byte	.LASF5
 688 0057 03       		.uleb128 0x3
 689 0058 B7030000 		.4byte	.LASF6
 690 005c 02       		.byte	0x2
 691 005d 37       		.byte	0x37
 692 005e 62000000 		.4byte	0x62
 693 0062 02       		.uleb128 0x2
 694 0063 04       		.byte	0x4
 695 0064 05       		.byte	0x5
 696 0065 EA010000 		.4byte	.LASF7
 697 0069 02       		.uleb128 0x2
 698 006a 04       		.byte	0x4
 699 006b 07       		.byte	0x7
 700 006c 39030000 		.4byte	.LASF8
 701 0070 02       		.uleb128 0x2
 702 0071 08       		.byte	0x8
 703 0072 05       		.byte	0x5
 704 0073 AF010000 		.4byte	.LASF9
 705 0077 02       		.uleb128 0x2
 706 0078 08       		.byte	0x8
 707 0079 07       		.byte	0x7
 708 007a 65020000 		.4byte	.LASF10
 709 007e 04       		.uleb128 0x4
 710 007f 04       		.byte	0x4
 711 0080 05       		.byte	0x5
 712 0081 696E7400 		.ascii	"int\000"
 713 0085 02       		.uleb128 0x2
ARM GAS  C:\Users\SCOTTC~1\AppData\Local\Temp\cc7Q0PuC.s 			page 18


 714 0086 04       		.byte	0x4
 715 0087 07       		.byte	0x7
 716 0088 7C020000 		.4byte	.LASF11
 717 008c 03       		.uleb128 0x3
 718 008d 25030000 		.4byte	.LASF12
 719 0091 03       		.byte	0x3
 720 0092 35       		.byte	0x35
 721 0093 33000000 		.4byte	0x33
 722 0097 03       		.uleb128 0x3
 723 0098 0F030000 		.4byte	.LASF13
 724 009c 03       		.byte	0x3
 725 009d 36       		.byte	0x36
 726 009e 45000000 		.4byte	0x45
 727 00a2 03       		.uleb128 0x3
 728 00a3 1D030000 		.4byte	.LASF14
 729 00a7 03       		.byte	0x3
 730 00a8 41       		.byte	0x41
 731 00a9 57000000 		.4byte	0x57
 732 00ad 03       		.uleb128 0x3
 733 00ae 88010000 		.4byte	.LASF15
 734 00b2 04       		.byte	0x4
 735 00b3 A1       		.byte	0xa1
 736 00b4 2C000000 		.4byte	0x2c
 737 00b8 03       		.uleb128 0x3
 738 00b9 61010000 		.4byte	.LASF16
 739 00bd 04       		.byte	0x4
 740 00be A2       		.byte	0xa2
 741 00bf 50000000 		.4byte	0x50
 742 00c3 03       		.uleb128 0x3
 743 00c4 2D030000 		.4byte	.LASF17
 744 00c8 04       		.byte	0x4
 745 00c9 A3       		.byte	0xa3
 746 00ca 69000000 		.4byte	0x69
 747 00ce 03       		.uleb128 0x3
 748 00cf 82010000 		.4byte	.LASF18
 749 00d3 04       		.byte	0x4
 750 00d4 A5       		.byte	0xa5
 751 00d5 3E000000 		.4byte	0x3e
 752 00d9 02       		.uleb128 0x2
 753 00da 04       		.byte	0x4
 754 00db 04       		.byte	0x4
 755 00dc 95010000 		.4byte	.LASF19
 756 00e0 02       		.uleb128 0x2
 757 00e1 08       		.byte	0x8
 758 00e2 04       		.byte	0x4
 759 00e3 63030000 		.4byte	.LASF20
 760 00e7 02       		.uleb128 0x2
 761 00e8 01       		.byte	0x1
 762 00e9 08       		.byte	0x8
 763 00ea DC010000 		.4byte	.LASF21
 764 00ee 05       		.uleb128 0x5
 765 00ef 34030000 		.4byte	.LASF22
 766 00f3 04       		.byte	0x4
 767 00f4 4B01     		.2byte	0x14b
 768 00f6 FA000000 		.4byte	0xfa
 769 00fa 06       		.uleb128 0x6
 770 00fb AD000000 		.4byte	0xad
ARM GAS  C:\Users\SCOTTC~1\AppData\Local\Temp\cc7Q0PuC.s 			page 19


 771 00ff 02       		.uleb128 0x2
 772 0100 04       		.byte	0x4
 773 0101 07       		.byte	0x7
 774 0102 48000000 		.4byte	.LASF23
 775 0106 02       		.uleb128 0x2
 776 0107 08       		.byte	0x8
 777 0108 04       		.byte	0x4
 778 0109 A1000000 		.4byte	.LASF24
 779 010d 05       		.uleb128 0x5
 780 010e 28000000 		.4byte	.LASF25
 781 0112 05       		.byte	0x5
 782 0113 8101     		.2byte	0x181
 783 0115 8C000000 		.4byte	0x8c
 784 0119 07       		.uleb128 0x7
 785 011a 04       		.byte	0x4
 786 011b 0D010000 		.4byte	0x10d
 787 011f 08       		.uleb128 0x8
 788 0120 10       		.byte	0x10
 789 0121 05       		.byte	0x5
 790 0122 AD08     		.2byte	0x8ad
 791 0124 5D010000 		.4byte	0x15d
 792 0128 09       		.uleb128 0x9
 793 0129 8E010000 		.4byte	.LASF26
 794 012d 05       		.byte	0x5
 795 012e AF08     		.2byte	0x8af
 796 0130 97000000 		.4byte	0x97
 797 0134 00       		.byte	0
 798 0135 09       		.uleb128 0x9
 799 0136 A6010000 		.4byte	.LASF27
 800 013a 05       		.byte	0x5
 801 013b B008     		.2byte	0x8b0
 802 013d 5D010000 		.4byte	0x15d
 803 0141 04       		.byte	0x4
 804 0142 09       		.uleb128 0x9
 805 0143 75010000 		.4byte	.LASF28
 806 0147 05       		.byte	0x5
 807 0148 B108     		.2byte	0x8b1
 808 014a 68010000 		.4byte	0x168
 809 014e 08       		.byte	0x8
 810 014f 09       		.uleb128 0x9
 811 0150 68000000 		.4byte	.LASF29
 812 0154 05       		.byte	0x5
 813 0155 B208     		.2byte	0x8b2
 814 0157 97000000 		.4byte	0x97
 815 015b 0C       		.byte	0xc
 816 015c 00       		.byte	0
 817 015d 07       		.uleb128 0x7
 818 015e 04       		.byte	0x4
 819 015f 63010000 		.4byte	0x163
 820 0163 0A       		.uleb128 0xa
 821 0164 0D010000 		.4byte	0x10d
 822 0168 07       		.uleb128 0x7
 823 0169 04       		.byte	0x4
 824 016a 6E010000 		.4byte	0x16e
 825 016e 0A       		.uleb128 0xa
 826 016f 97000000 		.4byte	0x97
 827 0173 05       		.uleb128 0x5
ARM GAS  C:\Users\SCOTTC~1\AppData\Local\Temp\cc7Q0PuC.s 			page 20


 828 0174 75000000 		.4byte	.LASF30
 829 0178 05       		.byte	0x5
 830 0179 B308     		.2byte	0x8b3
 831 017b 1F010000 		.4byte	0x11f
 832 017f 0A       		.uleb128 0xa
 833 0180 73010000 		.4byte	0x173
 834 0184 0B       		.uleb128 0xb
 835 0185 AD000000 		.4byte	.LASF31
 836 0189 01       		.byte	0x1
 837 018a 6C       		.byte	0x6c
 838 018b 00000000 		.4byte	.LFB118
 839 018f 18000000 		.4byte	.LFE118-.LFB118
 840 0193 01       		.uleb128 0x1
 841 0194 9C       		.byte	0x9c
 842 0195 0C       		.uleb128 0xc
 843 0196 C8010000 		.4byte	.LASF32
 844 019a 01       		.byte	0x1
 845 019b 70       		.byte	0x70
 846 019c 00000000 		.4byte	.LFB119
 847 01a0 20000000 		.4byte	.LFE119-.LFB119
 848 01a4 01       		.uleb128 0x1
 849 01a5 9C       		.byte	0x9c
 850 01a6 0C       		.uleb128 0xc
 851 01a7 18030000 		.4byte	.LASF33
 852 01ab 01       		.byte	0x1
 853 01ac 77       		.byte	0x77
 854 01ad 00000000 		.4byte	.LFB120
 855 01b1 18010000 		.4byte	.LFE120-.LFB120
 856 01b5 01       		.uleb128 0x1
 857 01b6 9C       		.byte	0x9c
 858 01b7 0D       		.uleb128 0xd
 859 01b8 4B020000 		.4byte	.LASF84
 860 01bc 01       		.byte	0x1
 861 01bd C8       		.byte	0xc8
 862 01be 00000000 		.4byte	.LFB121
 863 01c2 7C020000 		.4byte	.LFE121-.LFB121
 864 01c6 01       		.uleb128 0x1
 865 01c7 9C       		.byte	0x9c
 866 01c8 0E       		.uleb128 0xe
 867 01c9 08020000 		.4byte	.LASF34
 868 01cd 01       		.byte	0x1
 869 01ce 4F       		.byte	0x4f
 870 01cf C3000000 		.4byte	0xc3
 871 01d3 05       		.uleb128 0x5
 872 01d4 03       		.byte	0x3
 873 01d5 00000000 		.4byte	fftlength
 874 01d9 0F       		.uleb128 0xf
 875 01da 6900     		.ascii	"i\000"
 876 01dc 01       		.byte	0x1
 877 01dd 50       		.byte	0x50
 878 01de C3000000 		.4byte	0xc3
 879 01e2 05       		.uleb128 0x5
 880 01e3 03       		.byte	0x3
 881 01e4 00000000 		.4byte	i
 882 01e8 0E       		.uleb128 0xe
 883 01e9 A8030000 		.4byte	.LASF35
 884 01ed 01       		.byte	0x1
ARM GAS  C:\Users\SCOTTC~1\AppData\Local\Temp\cc7Q0PuC.s 			page 21


 885 01ee 51       		.byte	0x51
 886 01ef B8000000 		.4byte	0xb8
 887 01f3 05       		.uleb128 0x5
 888 01f4 03       		.byte	0x3
 889 01f5 04000000 		.4byte	count
 890 01f9 0E       		.uleb128 0xe
 891 01fa 00000000 		.4byte	.LASF36
 892 01fe 01       		.byte	0x1
 893 01ff 52       		.byte	0x52
 894 0200 B8000000 		.4byte	0xb8
 895 0204 05       		.uleb128 0x5
 896 0205 03       		.byte	0x3
 897 0206 06000000 		.4byte	end1
 898 020a 0E       		.uleb128 0xe
 899 020b 05000000 		.4byte	.LASF37
 900 020f 01       		.byte	0x1
 901 0210 52       		.byte	0x52
 902 0211 B8000000 		.4byte	0xb8
 903 0215 05       		.uleb128 0x5
 904 0216 03       		.byte	0x3
 905 0217 08000000 		.4byte	end2
 906 021b 0E       		.uleb128 0xe
 907 021c 0A000000 		.4byte	.LASF38
 908 0220 01       		.byte	0x1
 909 0221 52       		.byte	0x52
 910 0222 B8000000 		.4byte	0xb8
 911 0226 05       		.uleb128 0x5
 912 0227 03       		.byte	0x3
 913 0228 0A000000 		.4byte	end3
 914 022c 0E       		.uleb128 0xe
 915 022d 0F000000 		.4byte	.LASF39
 916 0231 01       		.byte	0x1
 917 0232 52       		.byte	0x52
 918 0233 B8000000 		.4byte	0xb8
 919 0237 05       		.uleb128 0x5
 920 0238 03       		.byte	0x3
 921 0239 0C000000 		.4byte	end4
 922 023d 0E       		.uleb128 0xe
 923 023e 14000000 		.4byte	.LASF40
 924 0242 01       		.byte	0x1
 925 0243 52       		.byte	0x52
 926 0244 B8000000 		.4byte	0xb8
 927 0248 05       		.uleb128 0x5
 928 0249 03       		.byte	0x3
 929 024a 0E000000 		.4byte	end5
 930 024e 0E       		.uleb128 0xe
 931 024f F3010000 		.4byte	.LASF41
 932 0253 01       		.byte	0x1
 933 0254 53       		.byte	0x53
 934 0255 0D010000 		.4byte	0x10d
 935 0259 05       		.uleb128 0x5
 936 025a 03       		.byte	0x3
 937 025b 10000000 		.4byte	maxValue
 938 025f 0E       		.uleb128 0xe
 939 0260 A6020000 		.4byte	.LASF42
 940 0264 01       		.byte	0x1
 941 0265 54       		.byte	0x54
ARM GAS  C:\Users\SCOTTC~1\AppData\Local\Temp\cc7Q0PuC.s 			page 22


 942 0266 C3000000 		.4byte	0xc3
 943 026a 05       		.uleb128 0x5
 944 026b 03       		.byte	0x3
 945 026c 14000000 		.4byte	testIndex
 946 0270 0E       		.uleb128 0xe
 947 0271 2E000000 		.4byte	.LASF43
 948 0275 01       		.byte	0x1
 949 0276 55       		.byte	0x55
 950 0277 AD000000 		.4byte	0xad
 951 027b 05       		.uleb128 0x5
 952 027c 03       		.byte	0x3
 953 027d 18000000 		.4byte	state
 954 0281 0E       		.uleb128 0xe
 955 0282 34000000 		.4byte	.LASF44
 956 0286 01       		.byte	0x1
 957 0287 56       		.byte	0x56
 958 0288 AD000000 		.4byte	0xad
 959 028c 05       		.uleb128 0x5
 960 028d 03       		.byte	0x3
 961 028e 19000000 		.4byte	next_state
 962 0292 0E       		.uleb128 0xe
 963 0293 12020000 		.4byte	.LASF45
 964 0297 01       		.byte	0x1
 965 0298 57       		.byte	0x57
 966 0299 AD000000 		.4byte	0xad
 967 029d 05       		.uleb128 0x5
 968 029e 03       		.byte	0x3
 969 029f 1A000000 		.4byte	onset
 970 02a3 0E       		.uleb128 0xe
 971 02a4 1F040000 		.4byte	.LASF46
 972 02a8 01       		.byte	0x1
 973 02a9 63       		.byte	0x63
 974 02aa FA000000 		.4byte	0xfa
 975 02ae 05       		.uleb128 0x5
 976 02af 03       		.byte	0x3
 977 02b0 1B000000 		.4byte	isr_BC_flag
 978 02b4 0E       		.uleb128 0xe
 979 02b5 89020000 		.4byte	.LASF47
 980 02b9 01       		.byte	0x1
 981 02ba 64       		.byte	0x64
 982 02bb FA000000 		.4byte	0xfa
 983 02bf 05       		.uleb128 0x5
 984 02c0 03       		.byte	0x3
 985 02c1 1C000000 		.4byte	isr_LPF_buffer_complete_flag
 986 02c5 10       		.uleb128 0x10
 987 02c6 58040000 		.4byte	.LASF48
 988 02ca 06       		.byte	0x6
 989 02cb 5506     		.2byte	0x655
 990 02cd D1020000 		.4byte	0x2d1
 991 02d1 06       		.uleb128 0x6
 992 02d2 A2000000 		.4byte	0xa2
 993 02d6 11       		.uleb128 0x11
 994 02d7 7C030000 		.4byte	.LASF49
 995 02db 07       		.byte	0x7
 996 02dc 49       		.byte	0x49
 997 02dd 7F010000 		.4byte	0x17f
 998 02e1 12       		.uleb128 0x12
ARM GAS  C:\Users\SCOTTC~1\AppData\Local\Temp\cc7Q0PuC.s 			page 23


 999 02e2 BD010000 		.4byte	.LASF50
 1000 02e6 01       		.byte	0x1
 1001 02e7 0E       		.byte	0xe
 1002 02e8 AD000000 		.4byte	0xad
 1003 02ec 05       		.uleb128 0x5
 1004 02ed 03       		.byte	0x3
 1005 02ee 00000000 		.4byte	DMA_1_Chan
 1006 02f2 13       		.uleb128 0x13
 1007 02f3 AD000000 		.4byte	0xad
 1008 02f7 02030000 		.4byte	0x302
 1009 02fb 14       		.uleb128 0x14
 1010 02fc FF000000 		.4byte	0xff
 1011 0300 00       		.byte	0
 1012 0301 00       		.byte	0
 1013 0302 12       		.uleb128 0x12
 1014 0303 3F000000 		.4byte	.LASF51
 1015 0307 01       		.byte	0x1
 1016 0308 0F       		.byte	0xf
 1017 0309 F2020000 		.4byte	0x2f2
 1018 030d 05       		.uleb128 0x5
 1019 030e 03       		.byte	0x3
 1020 030f 00000000 		.4byte	DMA_1_TD
 1021 0313 12       		.uleb128 0x12
 1022 0314 51000000 		.4byte	.LASF52
 1023 0318 01       		.byte	0x1
 1024 0319 11       		.byte	0x11
 1025 031a AD000000 		.4byte	0xad
 1026 031e 05       		.uleb128 0x5
 1027 031f 03       		.byte	0x3
 1028 0320 00000000 		.4byte	DMA_2_Chan
 1029 0324 12       		.uleb128 0x12
 1030 0325 E1010000 		.4byte	.LASF53
 1031 0329 01       		.byte	0x1
 1032 032a 12       		.byte	0x12
 1033 032b F2020000 		.4byte	0x2f2
 1034 032f 05       		.uleb128 0x5
 1035 0330 03       		.byte	0x3
 1036 0331 00000000 		.4byte	DMA_2_TD
 1037 0335 12       		.uleb128 0x12
 1038 0336 65040000 		.4byte	.LASF54
 1039 033a 01       		.byte	0x1
 1040 033b 14       		.byte	0x14
 1041 033c AD000000 		.4byte	0xad
 1042 0340 05       		.uleb128 0x5
 1043 0341 03       		.byte	0x3
 1044 0342 00000000 		.4byte	ADC2Filter_DMA_Chan
 1045 0346 13       		.uleb128 0x13
 1046 0347 AD000000 		.4byte	0xad
 1047 034b 56030000 		.4byte	0x356
 1048 034f 14       		.uleb128 0x14
 1049 0350 FF000000 		.4byte	0xff
 1050 0354 01       		.byte	0x1
 1051 0355 00       		.byte	0
 1052 0356 12       		.uleb128 0x12
 1053 0357 6A030000 		.4byte	.LASF55
 1054 035b 01       		.byte	0x1
 1055 035c 15       		.byte	0x15
ARM GAS  C:\Users\SCOTTC~1\AppData\Local\Temp\cc7Q0PuC.s 			page 24


 1056 035d 46030000 		.4byte	0x346
 1057 0361 05       		.uleb128 0x5
 1058 0362 03       		.byte	0x3
 1059 0363 00000000 		.4byte	ADC2Filter_DMA_TD
 1060 0367 12       		.uleb128 0x12
 1061 0368 93030000 		.4byte	.LASF56
 1062 036c 01       		.byte	0x1
 1063 036d 17       		.byte	0x17
 1064 036e AD000000 		.4byte	0xad
 1065 0372 05       		.uleb128 0x5
 1066 0373 03       		.byte	0x3
 1067 0374 00000000 		.4byte	DMA_3_Chan
 1068 0378 12       		.uleb128 0x12
 1069 0379 FB020000 		.4byte	.LASF57
 1070 037d 01       		.byte	0x1
 1071 037e 18       		.byte	0x18
 1072 037f F2020000 		.4byte	0x2f2
 1073 0383 05       		.uleb128 0x5
 1074 0384 03       		.byte	0x3
 1075 0385 00000000 		.4byte	DMA_3_TD
 1076 0389 12       		.uleb128 0x12
 1077 038a 9B010000 		.4byte	.LASF58
 1078 038e 01       		.byte	0x1
 1079 038f 1A       		.byte	0x1a
 1080 0390 AD000000 		.4byte	0xad
 1081 0394 05       		.uleb128 0x5
 1082 0395 03       		.byte	0x3
 1083 0396 00000000 		.4byte	DMA_4_Chan
 1084 039a 12       		.uleb128 0x12
 1085 039b 43040000 		.4byte	.LASF59
 1086 039f 01       		.byte	0x1
 1087 03a0 1B       		.byte	0x1b
 1088 03a1 F2020000 		.4byte	0x2f2
 1089 03a5 05       		.uleb128 0x5
 1090 03a6 03       		.byte	0x3
 1091 03a7 00000000 		.4byte	DMA_4_TD
 1092 03ab 13       		.uleb128 0x13
 1093 03ac CE000000 		.4byte	0xce
 1094 03b0 BC030000 		.4byte	0x3bc
 1095 03b4 15       		.uleb128 0x15
 1096 03b5 FF000000 		.4byte	0xff
 1097 03b9 FF03     		.2byte	0x3ff
 1098 03bb 00       		.byte	0
 1099 03bc 12       		.uleb128 0x12
 1100 03bd FC010000 		.4byte	.LASF60
 1101 03c1 01       		.byte	0x1
 1102 03c2 44       		.byte	0x44
 1103 03c3 AB030000 		.4byte	0x3ab
 1104 03c7 05       		.uleb128 0x5
 1105 03c8 03       		.byte	0x3
 1106 03c9 00000000 		.4byte	ADC_buffer1
 1107 03cd 12       		.uleb128 0x12
 1108 03ce 4B030000 		.4byte	.LASF61
 1109 03d2 01       		.byte	0x1
 1110 03d3 45       		.byte	0x45
 1111 03d4 AB030000 		.4byte	0x3ab
 1112 03d8 05       		.uleb128 0x5
ARM GAS  C:\Users\SCOTTC~1\AppData\Local\Temp\cc7Q0PuC.s 			page 25


 1113 03d9 03       		.byte	0x3
 1114 03da 00000000 		.4byte	ADC_buffer2
 1115 03de 12       		.uleb128 0x12
 1116 03df 57030000 		.4byte	.LASF62
 1117 03e3 01       		.byte	0x1
 1118 03e4 46       		.byte	0x46
 1119 03e5 AB030000 		.4byte	0x3ab
 1120 03e9 05       		.uleb128 0x5
 1121 03ea 03       		.byte	0x3
 1122 03eb 00000000 		.4byte	ADC_buffer3
 1123 03ef 12       		.uleb128 0x12
 1124 03f0 3F020000 		.4byte	.LASF63
 1125 03f4 01       		.byte	0x1
 1126 03f5 47       		.byte	0x47
 1127 03f6 AB030000 		.4byte	0x3ab
 1128 03fa 05       		.uleb128 0x5
 1129 03fb 03       		.byte	0x3
 1130 03fc 00000000 		.4byte	LPF_samples
 1131 0400 12       		.uleb128 0x12
 1132 0401 04030000 		.4byte	.LASF64
 1133 0405 01       		.byte	0x1
 1134 0406 48       		.byte	0x48
 1135 0407 AB030000 		.4byte	0x3ab
 1136 040b 05       		.uleb128 0x5
 1137 040c 03       		.byte	0x3
 1138 040d 00000000 		.4byte	LPF_buffer
 1139 0411 12       		.uleb128 0x12
 1140 0412 19000000 		.4byte	.LASF65
 1141 0416 01       		.byte	0x1
 1142 0417 49       		.byte	0x49
 1143 0418 AB030000 		.4byte	0x3ab
 1144 041c 05       		.uleb128 0x5
 1145 041d 03       		.byte	0x3
 1146 041e 00000000 		.4byte	Buffer_samples
 1147 0422 12       		.uleb128 0x12
 1148 0423 9E030000 		.4byte	.LASF66
 1149 0427 01       		.byte	0x1
 1150 0428 4A       		.byte	0x4a
 1151 0429 AB030000 		.4byte	0x3ab
 1152 042d 05       		.uleb128 0x5
 1153 042e 03       		.byte	0x3
 1154 042f 00000000 		.4byte	adcBuffer
 1155 0433 12       		.uleb128 0x12
 1156 0434 5C000000 		.4byte	.LASF67
 1157 0438 01       		.byte	0x1
 1158 0439 4B       		.byte	0x4b
 1159 043a AB030000 		.4byte	0x3ab
 1160 043e 05       		.uleb128 0x5
 1161 043f 03       		.byte	0x3
 1162 0440 00000000 		.4byte	ADC_samples
 1163 0444 13       		.uleb128 0x13
 1164 0445 0D010000 		.4byte	0x10d
 1165 0449 55040000 		.4byte	0x455
 1166 044d 15       		.uleb128 0x15
 1167 044e FF000000 		.4byte	0xff
 1168 0452 FF01     		.2byte	0x1ff
 1169 0454 00       		.byte	0
ARM GAS  C:\Users\SCOTTC~1\AppData\Local\Temp\cc7Q0PuC.s 			page 26


 1170 0455 12       		.uleb128 0x12
 1171 0456 8B000000 		.4byte	.LASF68
 1172 045a 01       		.byte	0x1
 1173 045b 4C       		.byte	0x4c
 1174 045c 44040000 		.4byte	0x444
 1175 0460 05       		.uleb128 0x5
 1176 0461 03       		.byte	0x3
 1177 0462 00000000 		.4byte	magoutput1
 1178 0466 12       		.uleb128 0x12
 1179 0467 96000000 		.4byte	.LASF69
 1180 046b 01       		.byte	0x1
 1181 046c 4D       		.byte	0x4d
 1182 046d 44040000 		.4byte	0x444
 1183 0471 05       		.uleb128 0x5
 1184 0472 03       		.byte	0x3
 1185 0473 00000000 		.4byte	magoutput2
 1186 0477 12       		.uleb128 0x12
 1187 0478 BD000000 		.4byte	.LASF70
 1188 047c 01       		.byte	0x1
 1189 047d 4E       		.byte	0x4e
 1190 047e 19010000 		.4byte	0x119
 1191 0482 05       		.uleb128 0x5
 1192 0483 03       		.byte	0x3
 1193 0484 00000000 		.4byte	swap
 1194 0488 13       		.uleb128 0x13
 1195 0489 C3000000 		.4byte	0xc3
 1196 048d 98040000 		.4byte	0x498
 1197 0491 14       		.uleb128 0x14
 1198 0492 FF000000 		.4byte	0xff
 1199 0496 07       		.byte	0x7
 1200 0497 00       		.byte	0
 1201 0498 12       		.uleb128 0x12
 1202 0499 68010000 		.4byte	.LASF71
 1203 049d 01       		.byte	0x1
 1204 049e 58       		.byte	0x58
 1205 049f 88040000 		.4byte	0x488
 1206 04a3 05       		.uleb128 0x5
 1207 04a4 03       		.byte	0x3
 1208 04a5 00000000 		.4byte	SpectralFlux
 1209 04a9 12       		.uleb128 0x12
 1210 04aa CC020000 		.4byte	.LASF72
 1211 04ae 01       		.byte	0x1
 1212 04af 59       		.byte	0x59
 1213 04b0 C3000000 		.4byte	0xc3
 1214 04b4 05       		.uleb128 0x5
 1215 04b5 03       		.byte	0x3
 1216 04b6 00000000 		.4byte	SpectralFlux3
 1217 04ba 12       		.uleb128 0x12
 1218 04bb BE020000 		.4byte	.LASF73
 1219 04bf 01       		.byte	0x1
 1220 04c0 5A       		.byte	0x5a
 1221 04c1 C3000000 		.4byte	0xc3
 1222 04c5 05       		.uleb128 0x5
 1223 04c6 03       		.byte	0x3
 1224 04c7 00000000 		.4byte	SpectralFlux2
 1225 04cb 12       		.uleb128 0x12
 1226 04cc B0020000 		.4byte	.LASF74
ARM GAS  C:\Users\SCOTTC~1\AppData\Local\Temp\cc7Q0PuC.s 			page 27


 1227 04d0 01       		.byte	0x1
 1228 04d1 5B       		.byte	0x5b
 1229 04d2 C3000000 		.4byte	0xc3
 1230 04d6 05       		.uleb128 0x5
 1231 04d7 03       		.byte	0x3
 1232 04d8 00000000 		.4byte	SpectralFlux1
 1233 04dc 12       		.uleb128 0x12
 1234 04dd D7000000 		.4byte	.LASF75
 1235 04e1 01       		.byte	0x1
 1236 04e2 5C       		.byte	0x5c
 1237 04e3 B8000000 		.4byte	0xb8
 1238 04e7 05       		.uleb128 0x5
 1239 04e8 03       		.byte	0x3
 1240 04e9 00000000 		.4byte	uppersrcaddr2
 1241 04ed 12       		.uleb128 0x12
 1242 04ee DA020000 		.4byte	.LASF76
 1243 04f2 01       		.byte	0x1
 1244 04f3 5D       		.byte	0x5d
 1245 04f4 B8000000 		.4byte	0xb8
 1246 04f8 05       		.uleb128 0x5
 1247 04f9 03       		.byte	0x3
 1248 04fa 00000000 		.4byte	lowersrcaddr2
 1249 04fe 12       		.uleb128 0x12
 1250 04ff 18020000 		.4byte	.LASF77
 1251 0503 01       		.byte	0x1
 1252 0504 5E       		.byte	0x5e
 1253 0505 B8000000 		.4byte	0xb8
 1254 0509 05       		.uleb128 0x5
 1255 050a 03       		.byte	0x3
 1256 050b 00000000 		.4byte	upperdstaddr2
 1257 050f 12       		.uleb128 0x12
 1258 0510 35040000 		.4byte	.LASF78
 1259 0514 01       		.byte	0x1
 1260 0515 5F       		.byte	0x5f
 1261 0516 B8000000 		.4byte	0xb8
 1262 051a 05       		.uleb128 0x5
 1263 051b 03       		.byte	0x3
 1264 051c 00000000 		.4byte	lowerdstaddr2
 1265 0520 12       		.uleb128 0x12
 1266 0521 4C040000 		.4byte	.LASF79
 1267 0525 01       		.byte	0x1
 1268 0526 60       		.byte	0x60
 1269 0527 C3000000 		.4byte	0xc3
 1270 052b 05       		.uleb128 0x5
 1271 052c 03       		.byte	0x3
 1272 052d 00000000 		.4byte	mvngaverage
 1273 0531 12       		.uleb128 0x12
 1274 0532 26020000 		.4byte	.LASF80
 1275 0536 01       		.byte	0x1
 1276 0537 61       		.byte	0x61
 1277 0538 AD000000 		.4byte	0xad
 1278 053c 05       		.uleb128 0x5
 1279 053d 03       		.byte	0x3
 1280 053e 00000000 		.4byte	first_time
 1281 0542 00       		.byte	0
 1282              		.section	.debug_abbrev,"",%progbits
 1283              	.Ldebug_abbrev0:
ARM GAS  C:\Users\SCOTTC~1\AppData\Local\Temp\cc7Q0PuC.s 			page 28


 1284 0000 01       		.uleb128 0x1
 1285 0001 11       		.uleb128 0x11
 1286 0002 01       		.byte	0x1
 1287 0003 25       		.uleb128 0x25
 1288 0004 0E       		.uleb128 0xe
 1289 0005 13       		.uleb128 0x13
 1290 0006 0B       		.uleb128 0xb
 1291 0007 03       		.uleb128 0x3
 1292 0008 0E       		.uleb128 0xe
 1293 0009 1B       		.uleb128 0x1b
 1294 000a 0E       		.uleb128 0xe
 1295 000b 55       		.uleb128 0x55
 1296 000c 17       		.uleb128 0x17
 1297 000d 11       		.uleb128 0x11
 1298 000e 01       		.uleb128 0x1
 1299 000f 10       		.uleb128 0x10
 1300 0010 17       		.uleb128 0x17
 1301 0011 00       		.byte	0
 1302 0012 00       		.byte	0
 1303 0013 02       		.uleb128 0x2
 1304 0014 24       		.uleb128 0x24
 1305 0015 00       		.byte	0
 1306 0016 0B       		.uleb128 0xb
 1307 0017 0B       		.uleb128 0xb
 1308 0018 3E       		.uleb128 0x3e
 1309 0019 0B       		.uleb128 0xb
 1310 001a 03       		.uleb128 0x3
 1311 001b 0E       		.uleb128 0xe
 1312 001c 00       		.byte	0
 1313 001d 00       		.byte	0
 1314 001e 03       		.uleb128 0x3
 1315 001f 16       		.uleb128 0x16
 1316 0020 00       		.byte	0
 1317 0021 03       		.uleb128 0x3
 1318 0022 0E       		.uleb128 0xe
 1319 0023 3A       		.uleb128 0x3a
 1320 0024 0B       		.uleb128 0xb
 1321 0025 3B       		.uleb128 0x3b
 1322 0026 0B       		.uleb128 0xb
 1323 0027 49       		.uleb128 0x49
 1324 0028 13       		.uleb128 0x13
 1325 0029 00       		.byte	0
 1326 002a 00       		.byte	0
 1327 002b 04       		.uleb128 0x4
 1328 002c 24       		.uleb128 0x24
 1329 002d 00       		.byte	0
 1330 002e 0B       		.uleb128 0xb
 1331 002f 0B       		.uleb128 0xb
 1332 0030 3E       		.uleb128 0x3e
 1333 0031 0B       		.uleb128 0xb
 1334 0032 03       		.uleb128 0x3
 1335 0033 08       		.uleb128 0x8
 1336 0034 00       		.byte	0
 1337 0035 00       		.byte	0
 1338 0036 05       		.uleb128 0x5
 1339 0037 16       		.uleb128 0x16
 1340 0038 00       		.byte	0
ARM GAS  C:\Users\SCOTTC~1\AppData\Local\Temp\cc7Q0PuC.s 			page 29


 1341 0039 03       		.uleb128 0x3
 1342 003a 0E       		.uleb128 0xe
 1343 003b 3A       		.uleb128 0x3a
 1344 003c 0B       		.uleb128 0xb
 1345 003d 3B       		.uleb128 0x3b
 1346 003e 05       		.uleb128 0x5
 1347 003f 49       		.uleb128 0x49
 1348 0040 13       		.uleb128 0x13
 1349 0041 00       		.byte	0
 1350 0042 00       		.byte	0
 1351 0043 06       		.uleb128 0x6
 1352 0044 35       		.uleb128 0x35
 1353 0045 00       		.byte	0
 1354 0046 49       		.uleb128 0x49
 1355 0047 13       		.uleb128 0x13
 1356 0048 00       		.byte	0
 1357 0049 00       		.byte	0
 1358 004a 07       		.uleb128 0x7
 1359 004b 0F       		.uleb128 0xf
 1360 004c 00       		.byte	0
 1361 004d 0B       		.uleb128 0xb
 1362 004e 0B       		.uleb128 0xb
 1363 004f 49       		.uleb128 0x49
 1364 0050 13       		.uleb128 0x13
 1365 0051 00       		.byte	0
 1366 0052 00       		.byte	0
 1367 0053 08       		.uleb128 0x8
 1368 0054 13       		.uleb128 0x13
 1369 0055 01       		.byte	0x1
 1370 0056 0B       		.uleb128 0xb
 1371 0057 0B       		.uleb128 0xb
 1372 0058 3A       		.uleb128 0x3a
 1373 0059 0B       		.uleb128 0xb
 1374 005a 3B       		.uleb128 0x3b
 1375 005b 05       		.uleb128 0x5
 1376 005c 01       		.uleb128 0x1
 1377 005d 13       		.uleb128 0x13
 1378 005e 00       		.byte	0
 1379 005f 00       		.byte	0
 1380 0060 09       		.uleb128 0x9
 1381 0061 0D       		.uleb128 0xd
 1382 0062 00       		.byte	0
 1383 0063 03       		.uleb128 0x3
 1384 0064 0E       		.uleb128 0xe
 1385 0065 3A       		.uleb128 0x3a
 1386 0066 0B       		.uleb128 0xb
 1387 0067 3B       		.uleb128 0x3b
 1388 0068 05       		.uleb128 0x5
 1389 0069 49       		.uleb128 0x49
 1390 006a 13       		.uleb128 0x13
 1391 006b 38       		.uleb128 0x38
 1392 006c 0B       		.uleb128 0xb
 1393 006d 00       		.byte	0
 1394 006e 00       		.byte	0
 1395 006f 0A       		.uleb128 0xa
 1396 0070 26       		.uleb128 0x26
 1397 0071 00       		.byte	0
ARM GAS  C:\Users\SCOTTC~1\AppData\Local\Temp\cc7Q0PuC.s 			page 30


 1398 0072 49       		.uleb128 0x49
 1399 0073 13       		.uleb128 0x13
 1400 0074 00       		.byte	0
 1401 0075 00       		.byte	0
 1402 0076 0B       		.uleb128 0xb
 1403 0077 2E       		.uleb128 0x2e
 1404 0078 00       		.byte	0
 1405 0079 3F       		.uleb128 0x3f
 1406 007a 19       		.uleb128 0x19
 1407 007b 03       		.uleb128 0x3
 1408 007c 0E       		.uleb128 0xe
 1409 007d 3A       		.uleb128 0x3a
 1410 007e 0B       		.uleb128 0xb
 1411 007f 3B       		.uleb128 0x3b
 1412 0080 0B       		.uleb128 0xb
 1413 0081 27       		.uleb128 0x27
 1414 0082 19       		.uleb128 0x19
 1415 0083 11       		.uleb128 0x11
 1416 0084 01       		.uleb128 0x1
 1417 0085 12       		.uleb128 0x12
 1418 0086 06       		.uleb128 0x6
 1419 0087 40       		.uleb128 0x40
 1420 0088 18       		.uleb128 0x18
 1421 0089 9742     		.uleb128 0x2117
 1422 008b 19       		.uleb128 0x19
 1423 008c 00       		.byte	0
 1424 008d 00       		.byte	0
 1425 008e 0C       		.uleb128 0xc
 1426 008f 2E       		.uleb128 0x2e
 1427 0090 00       		.byte	0
 1428 0091 3F       		.uleb128 0x3f
 1429 0092 19       		.uleb128 0x19
 1430 0093 03       		.uleb128 0x3
 1431 0094 0E       		.uleb128 0xe
 1432 0095 3A       		.uleb128 0x3a
 1433 0096 0B       		.uleb128 0xb
 1434 0097 3B       		.uleb128 0x3b
 1435 0098 0B       		.uleb128 0xb
 1436 0099 27       		.uleb128 0x27
 1437 009a 19       		.uleb128 0x19
 1438 009b 11       		.uleb128 0x11
 1439 009c 01       		.uleb128 0x1
 1440 009d 12       		.uleb128 0x12
 1441 009e 06       		.uleb128 0x6
 1442 009f 40       		.uleb128 0x40
 1443 00a0 18       		.uleb128 0x18
 1444 00a1 9642     		.uleb128 0x2116
 1445 00a3 19       		.uleb128 0x19
 1446 00a4 00       		.byte	0
 1447 00a5 00       		.byte	0
 1448 00a6 0D       		.uleb128 0xd
 1449 00a7 2E       		.uleb128 0x2e
 1450 00a8 00       		.byte	0
 1451 00a9 3F       		.uleb128 0x3f
 1452 00aa 19       		.uleb128 0x19
 1453 00ab 03       		.uleb128 0x3
 1454 00ac 0E       		.uleb128 0xe
ARM GAS  C:\Users\SCOTTC~1\AppData\Local\Temp\cc7Q0PuC.s 			page 31


 1455 00ad 3A       		.uleb128 0x3a
 1456 00ae 0B       		.uleb128 0xb
 1457 00af 3B       		.uleb128 0x3b
 1458 00b0 0B       		.uleb128 0xb
 1459 00b1 11       		.uleb128 0x11
 1460 00b2 01       		.uleb128 0x1
 1461 00b3 12       		.uleb128 0x12
 1462 00b4 06       		.uleb128 0x6
 1463 00b5 40       		.uleb128 0x40
 1464 00b6 18       		.uleb128 0x18
 1465 00b7 9642     		.uleb128 0x2116
 1466 00b9 19       		.uleb128 0x19
 1467 00ba 00       		.byte	0
 1468 00bb 00       		.byte	0
 1469 00bc 0E       		.uleb128 0xe
 1470 00bd 34       		.uleb128 0x34
 1471 00be 00       		.byte	0
 1472 00bf 03       		.uleb128 0x3
 1473 00c0 0E       		.uleb128 0xe
 1474 00c1 3A       		.uleb128 0x3a
 1475 00c2 0B       		.uleb128 0xb
 1476 00c3 3B       		.uleb128 0x3b
 1477 00c4 0B       		.uleb128 0xb
 1478 00c5 49       		.uleb128 0x49
 1479 00c6 13       		.uleb128 0x13
 1480 00c7 02       		.uleb128 0x2
 1481 00c8 18       		.uleb128 0x18
 1482 00c9 00       		.byte	0
 1483 00ca 00       		.byte	0
 1484 00cb 0F       		.uleb128 0xf
 1485 00cc 34       		.uleb128 0x34
 1486 00cd 00       		.byte	0
 1487 00ce 03       		.uleb128 0x3
 1488 00cf 08       		.uleb128 0x8
 1489 00d0 3A       		.uleb128 0x3a
 1490 00d1 0B       		.uleb128 0xb
 1491 00d2 3B       		.uleb128 0x3b
 1492 00d3 0B       		.uleb128 0xb
 1493 00d4 49       		.uleb128 0x49
 1494 00d5 13       		.uleb128 0x13
 1495 00d6 02       		.uleb128 0x2
 1496 00d7 18       		.uleb128 0x18
 1497 00d8 00       		.byte	0
 1498 00d9 00       		.byte	0
 1499 00da 10       		.uleb128 0x10
 1500 00db 34       		.uleb128 0x34
 1501 00dc 00       		.byte	0
 1502 00dd 03       		.uleb128 0x3
 1503 00de 0E       		.uleb128 0xe
 1504 00df 3A       		.uleb128 0x3a
 1505 00e0 0B       		.uleb128 0xb
 1506 00e1 3B       		.uleb128 0x3b
 1507 00e2 05       		.uleb128 0x5
 1508 00e3 49       		.uleb128 0x49
 1509 00e4 13       		.uleb128 0x13
 1510 00e5 3F       		.uleb128 0x3f
 1511 00e6 19       		.uleb128 0x19
ARM GAS  C:\Users\SCOTTC~1\AppData\Local\Temp\cc7Q0PuC.s 			page 32


 1512 00e7 3C       		.uleb128 0x3c
 1513 00e8 19       		.uleb128 0x19
 1514 00e9 00       		.byte	0
 1515 00ea 00       		.byte	0
 1516 00eb 11       		.uleb128 0x11
 1517 00ec 34       		.uleb128 0x34
 1518 00ed 00       		.byte	0
 1519 00ee 03       		.uleb128 0x3
 1520 00ef 0E       		.uleb128 0xe
 1521 00f0 3A       		.uleb128 0x3a
 1522 00f1 0B       		.uleb128 0xb
 1523 00f2 3B       		.uleb128 0x3b
 1524 00f3 0B       		.uleb128 0xb
 1525 00f4 49       		.uleb128 0x49
 1526 00f5 13       		.uleb128 0x13
 1527 00f6 3F       		.uleb128 0x3f
 1528 00f7 19       		.uleb128 0x19
 1529 00f8 3C       		.uleb128 0x3c
 1530 00f9 19       		.uleb128 0x19
 1531 00fa 00       		.byte	0
 1532 00fb 00       		.byte	0
 1533 00fc 12       		.uleb128 0x12
 1534 00fd 34       		.uleb128 0x34
 1535 00fe 00       		.byte	0
 1536 00ff 03       		.uleb128 0x3
 1537 0100 0E       		.uleb128 0xe
 1538 0101 3A       		.uleb128 0x3a
 1539 0102 0B       		.uleb128 0xb
 1540 0103 3B       		.uleb128 0x3b
 1541 0104 0B       		.uleb128 0xb
 1542 0105 49       		.uleb128 0x49
 1543 0106 13       		.uleb128 0x13
 1544 0107 3F       		.uleb128 0x3f
 1545 0108 19       		.uleb128 0x19
 1546 0109 02       		.uleb128 0x2
 1547 010a 18       		.uleb128 0x18
 1548 010b 00       		.byte	0
 1549 010c 00       		.byte	0
 1550 010d 13       		.uleb128 0x13
 1551 010e 01       		.uleb128 0x1
 1552 010f 01       		.byte	0x1
 1553 0110 49       		.uleb128 0x49
 1554 0111 13       		.uleb128 0x13
 1555 0112 01       		.uleb128 0x1
 1556 0113 13       		.uleb128 0x13
 1557 0114 00       		.byte	0
 1558 0115 00       		.byte	0
 1559 0116 14       		.uleb128 0x14
 1560 0117 21       		.uleb128 0x21
 1561 0118 00       		.byte	0
 1562 0119 49       		.uleb128 0x49
 1563 011a 13       		.uleb128 0x13
 1564 011b 2F       		.uleb128 0x2f
 1565 011c 0B       		.uleb128 0xb
 1566 011d 00       		.byte	0
 1567 011e 00       		.byte	0
 1568 011f 15       		.uleb128 0x15
ARM GAS  C:\Users\SCOTTC~1\AppData\Local\Temp\cc7Q0PuC.s 			page 33


 1569 0120 21       		.uleb128 0x21
 1570 0121 00       		.byte	0
 1571 0122 49       		.uleb128 0x49
 1572 0123 13       		.uleb128 0x13
 1573 0124 2F       		.uleb128 0x2f
 1574 0125 05       		.uleb128 0x5
 1575 0126 00       		.byte	0
 1576 0127 00       		.byte	0
 1577 0128 00       		.byte	0
 1578              		.section	.debug_aranges,"",%progbits
 1579 0000 34000000 		.4byte	0x34
 1580 0004 0200     		.2byte	0x2
 1581 0006 00000000 		.4byte	.Ldebug_info0
 1582 000a 04       		.byte	0x4
 1583 000b 00       		.byte	0
 1584 000c 0000     		.2byte	0
 1585 000e 0000     		.2byte	0
 1586 0010 00000000 		.4byte	.LFB118
 1587 0014 18000000 		.4byte	.LFE118-.LFB118
 1588 0018 00000000 		.4byte	.LFB119
 1589 001c 20000000 		.4byte	.LFE119-.LFB119
 1590 0020 00000000 		.4byte	.LFB120
 1591 0024 18010000 		.4byte	.LFE120-.LFB120
 1592 0028 00000000 		.4byte	.LFB121
 1593 002c 7C020000 		.4byte	.LFE121-.LFB121
 1594 0030 00000000 		.4byte	0
 1595 0034 00000000 		.4byte	0
 1596              		.section	.debug_ranges,"",%progbits
 1597              	.Ldebug_ranges0:
 1598 0000 00000000 		.4byte	.LFB118
 1599 0004 18000000 		.4byte	.LFE118
 1600 0008 00000000 		.4byte	.LFB119
 1601 000c 20000000 		.4byte	.LFE119
 1602 0010 00000000 		.4byte	.LFB120
 1603 0014 18010000 		.4byte	.LFE120
 1604 0018 00000000 		.4byte	.LFB121
 1605 001c 7C020000 		.4byte	.LFE121
 1606 0020 00000000 		.4byte	0
 1607 0024 00000000 		.4byte	0
 1608              		.section	.debug_line,"",%progbits
 1609              	.Ldebug_line0:
 1610 0000 32020000 		.section	.debug_str,"MS",%progbits,1
 1610      0200A201 
 1610      00000201 
 1610      FB0E0D00 
 1610      01010101 
 1611              	.LASF36:
 1612 0000 656E6431 		.ascii	"end1\000"
 1612      00
 1613              	.LASF37:
 1614 0005 656E6432 		.ascii	"end2\000"
 1614      00
 1615              	.LASF38:
 1616 000a 656E6433 		.ascii	"end3\000"
 1616      00
 1617              	.LASF39:
 1618 000f 656E6434 		.ascii	"end4\000"
ARM GAS  C:\Users\SCOTTC~1\AppData\Local\Temp\cc7Q0PuC.s 			page 34


 1618      00
 1619              	.LASF40:
 1620 0014 656E6435 		.ascii	"end5\000"
 1620      00
 1621              	.LASF65:
 1622 0019 42756666 		.ascii	"Buffer_samples\000"
 1622      65725F73 
 1622      616D706C 
 1622      657300
 1623              	.LASF25:
 1624 0028 7131355F 		.ascii	"q15_t\000"
 1624      7400
 1625              	.LASF43:
 1626 002e 73746174 		.ascii	"state\000"
 1626      6500
 1627              	.LASF44:
 1628 0034 6E657874 		.ascii	"next_state\000"
 1628      5F737461 
 1628      746500
 1629              	.LASF51:
 1630 003f 444D415F 		.ascii	"DMA_1_TD\000"
 1630      315F5444 
 1630      00
 1631              	.LASF23:
 1632 0048 73697A65 		.ascii	"sizetype\000"
 1632      74797065 
 1632      00
 1633              	.LASF52:
 1634 0051 444D415F 		.ascii	"DMA_2_Chan\000"
 1634      325F4368 
 1634      616E00
 1635              	.LASF67:
 1636 005c 4144435F 		.ascii	"ADC_samples\000"
 1636      73616D70 
 1636      6C657300 
 1637              	.LASF29:
 1638 0068 62697452 		.ascii	"bitRevLength\000"
 1638      65764C65 
 1638      6E677468 
 1638      00
 1639              	.LASF30:
 1640 0075 61726D5F 		.ascii	"arm_cfft_instance_q15\000"
 1640      63666674 
 1640      5F696E73 
 1640      74616E63 
 1640      655F7131 
 1641              	.LASF68:
 1642 008b 6D61676F 		.ascii	"magoutput1\000"
 1642      75747075 
 1642      743100
 1643              	.LASF69:
 1644 0096 6D61676F 		.ascii	"magoutput2\000"
 1644      75747075 
 1644      743200
 1645              	.LASF24:
 1646 00a1 6C6F6E67 		.ascii	"long double\000"
 1646      20646F75 
ARM GAS  C:\Users\SCOTTC~1\AppData\Local\Temp\cc7Q0PuC.s 			page 35


 1646      626C6500 
 1647              	.LASF31:
 1648 00ad 42756666 		.ascii	"Buffer_complete\000"
 1648      65725F63 
 1648      6F6D706C 
 1648      65746500 
 1649              	.LASF70:
 1650 00bd 73776170 		.ascii	"swap\000"
 1650      00
 1651              	.LASF4:
 1652 00c2 5F5F7569 		.ascii	"__uint16_t\000"
 1652      6E743136 
 1652      5F7400
 1653              	.LASF2:
 1654 00cd 73686F72 		.ascii	"short int\000"
 1654      7420696E 
 1654      7400
 1655              	.LASF75:
 1656 00d7 75707065 		.ascii	"uppersrcaddr2\000"
 1656      72737263 
 1656      61646472 
 1656      3200
 1657              	.LASF81:
 1658 00e5 474E5520 		.ascii	"GNU C 4.8.4 20140526 (release) [ARM/embedded-4_8-br"
 1658      4320342E 
 1658      382E3420 
 1658      32303134 
 1658      30353236 
 1659 0118 616E6368 		.ascii	"anch revision 211358] -mcpu=cortex-m3 -mthumb -g -O"
 1659      20726576 
 1659      6973696F 
 1659      6E203231 
 1659      31333538 
 1660 014b 30202D66 		.ascii	"0 -ffunction-sections\000"
 1660      66756E63 
 1660      74696F6E 
 1660      2D736563 
 1660      74696F6E 
 1661              	.LASF16:
 1662 0161 75696E74 		.ascii	"uint16\000"
 1662      313600
 1663              	.LASF71:
 1664 0168 53706563 		.ascii	"SpectralFlux\000"
 1664      7472616C 
 1664      466C7578 
 1664      00
 1665              	.LASF28:
 1666 0175 70426974 		.ascii	"pBitRevTable\000"
 1666      52657654 
 1666      61626C65 
 1666      00
 1667              	.LASF18:
 1668 0182 696E7431 		.ascii	"int16\000"
 1668      3600
 1669              	.LASF15:
 1670 0188 75696E74 		.ascii	"uint8\000"
 1670      3800
ARM GAS  C:\Users\SCOTTC~1\AppData\Local\Temp\cc7Q0PuC.s 			page 36


 1671              	.LASF26:
 1672 018e 6666744C 		.ascii	"fftLen\000"
 1672      656E00
 1673              	.LASF19:
 1674 0195 666C6F61 		.ascii	"float\000"
 1674      7400
 1675              	.LASF58:
 1676 019b 444D415F 		.ascii	"DMA_4_Chan\000"
 1676      345F4368 
 1676      616E00
 1677              	.LASF27:
 1678 01a6 70547769 		.ascii	"pTwiddle\000"
 1678      64646C65 
 1678      00
 1679              	.LASF9:
 1680 01af 6C6F6E67 		.ascii	"long long int\000"
 1680      206C6F6E 
 1680      6720696E 
 1680      7400
 1681              	.LASF50:
 1682 01bd 444D415F 		.ascii	"DMA_1_Chan\000"
 1682      315F4368 
 1682      616E00
 1683              	.LASF32:
 1684 01c8 4C50465F 		.ascii	"LPF_buffer_complete\000"
 1684      62756666 
 1684      65725F63 
 1684      6F6D706C 
 1684      65746500 
 1685              	.LASF21:
 1686 01dc 63686172 		.ascii	"char\000"
 1686      00
 1687              	.LASF53:
 1688 01e1 444D415F 		.ascii	"DMA_2_TD\000"
 1688      325F5444 
 1688      00
 1689              	.LASF7:
 1690 01ea 6C6F6E67 		.ascii	"long int\000"
 1690      20696E74 
 1690      00
 1691              	.LASF41:
 1692 01f3 6D617856 		.ascii	"maxValue\000"
 1692      616C7565 
 1692      00
 1693              	.LASF60:
 1694 01fc 4144435F 		.ascii	"ADC_buffer1\000"
 1694      62756666 
 1694      65723100 
 1695              	.LASF34:
 1696 0208 6666746C 		.ascii	"fftlength\000"
 1696      656E6774 
 1696      6800
 1697              	.LASF45:
 1698 0212 6F6E7365 		.ascii	"onset\000"
 1698      7400
 1699              	.LASF77:
 1700 0218 75707065 		.ascii	"upperdstaddr2\000"
ARM GAS  C:\Users\SCOTTC~1\AppData\Local\Temp\cc7Q0PuC.s 			page 37


 1700      72647374 
 1700      61646472 
 1700      3200
 1701              	.LASF80:
 1702 0226 66697273 		.ascii	"first_time\000"
 1702      745F7469 
 1702      6D6500
 1703              	.LASF1:
 1704 0231 756E7369 		.ascii	"unsigned char\000"
 1704      676E6564 
 1704      20636861 
 1704      7200
 1705              	.LASF63:
 1706 023f 4C50465F 		.ascii	"LPF_samples\000"
 1706      73616D70 
 1706      6C657300 
 1707              	.LASF84:
 1708 024b 436F6E66 		.ascii	"Configure_DMA\000"
 1708      69677572 
 1708      655F444D 
 1708      4100
 1709              	.LASF0:
 1710 0259 7369676E 		.ascii	"signed char\000"
 1710      65642063 
 1710      68617200 
 1711              	.LASF10:
 1712 0265 6C6F6E67 		.ascii	"long long unsigned int\000"
 1712      206C6F6E 
 1712      6720756E 
 1712      7369676E 
 1712      65642069 
 1713              	.LASF11:
 1714 027c 756E7369 		.ascii	"unsigned int\000"
 1714      676E6564 
 1714      20696E74 
 1714      00
 1715              	.LASF47:
 1716 0289 6973725F 		.ascii	"isr_LPF_buffer_complete_flag\000"
 1716      4C50465F 
 1716      62756666 
 1716      65725F63 
 1716      6F6D706C 
 1717              	.LASF42:
 1718 02a6 74657374 		.ascii	"testIndex\000"
 1718      496E6465 
 1718      7800
 1719              	.LASF74:
 1720 02b0 53706563 		.ascii	"SpectralFlux1\000"
 1720      7472616C 
 1720      466C7578 
 1720      3100
 1721              	.LASF73:
 1722 02be 53706563 		.ascii	"SpectralFlux2\000"
 1722      7472616C 
 1722      466C7578 
 1722      3200
 1723              	.LASF72:
ARM GAS  C:\Users\SCOTTC~1\AppData\Local\Temp\cc7Q0PuC.s 			page 38


 1724 02cc 53706563 		.ascii	"SpectralFlux3\000"
 1724      7472616C 
 1724      466C7578 
 1724      3300
 1725              	.LASF76:
 1726 02da 6C6F7765 		.ascii	"lowersrcaddr2\000"
 1726      72737263 
 1726      61646472 
 1726      3200
 1727              	.LASF5:
 1728 02e8 73686F72 		.ascii	"short unsigned int\000"
 1728      7420756E 
 1728      7369676E 
 1728      65642069 
 1728      6E7400
 1729              	.LASF57:
 1730 02fb 444D415F 		.ascii	"DMA_3_TD\000"
 1730      335F5444 
 1730      00
 1731              	.LASF64:
 1732 0304 4C50465F 		.ascii	"LPF_buffer\000"
 1732      62756666 
 1732      657200
 1733              	.LASF13:
 1734 030f 75696E74 		.ascii	"uint16_t\000"
 1734      31365F74 
 1734      00
 1735              	.LASF33:
 1736 0318 6D61696E 		.ascii	"main\000"
 1736      00
 1737              	.LASF14:
 1738 031d 696E7433 		.ascii	"int32_t\000"
 1738      325F7400 
 1739              	.LASF12:
 1740 0325 696E7431 		.ascii	"int16_t\000"
 1740      365F7400 
 1741              	.LASF17:
 1742 032d 75696E74 		.ascii	"uint32\000"
 1742      333200
 1743              	.LASF22:
 1744 0334 72656738 		.ascii	"reg8\000"
 1744      00
 1745              	.LASF8:
 1746 0339 6C6F6E67 		.ascii	"long unsigned int\000"
 1746      20756E73 
 1746      69676E65 
 1746      6420696E 
 1746      7400
 1747              	.LASF61:
 1748 034b 4144435F 		.ascii	"ADC_buffer2\000"
 1748      62756666 
 1748      65723200 
 1749              	.LASF62:
 1750 0357 4144435F 		.ascii	"ADC_buffer3\000"
 1750      62756666 
 1750      65723300 
 1751              	.LASF20:
ARM GAS  C:\Users\SCOTTC~1\AppData\Local\Temp\cc7Q0PuC.s 			page 39


 1752 0363 646F7562 		.ascii	"double\000"
 1752      6C6500
 1753              	.LASF55:
 1754 036a 41444332 		.ascii	"ADC2Filter_DMA_TD\000"
 1754      46696C74 
 1754      65725F44 
 1754      4D415F54 
 1754      4400
 1755              	.LASF49:
 1756 037c 61726D5F 		.ascii	"arm_cfft_sR_q15_len256\000"
 1756      63666674 
 1756      5F73525F 
 1756      7131355F 
 1756      6C656E32 
 1757              	.LASF56:
 1758 0393 444D415F 		.ascii	"DMA_3_Chan\000"
 1758      335F4368 
 1758      616E00
 1759              	.LASF66:
 1760 039e 61646342 		.ascii	"adcBuffer\000"
 1760      75666665 
 1760      7200
 1761              	.LASF35:
 1762 03a8 636F756E 		.ascii	"count\000"
 1762      7400
 1763              	.LASF82:
 1764 03ae 2E5C6D61 		.ascii	".\\main.c\000"
 1764      696E2E63 
 1764      00
 1765              	.LASF6:
 1766 03b7 5F5F696E 		.ascii	"__int32_t\000"
 1766      7433325F 
 1766      7400
 1767              	.LASF83:
 1768 03c1 5C5C766D 		.ascii	"\\\\vmware-host\\Shared Folders\\scottcarlson On My"
 1768      77617265 
 1768      2D686F73 
 1768      745C5368 
 1768      61726564 
 1769 03f0 204D6163 		.ascii	" Mac\\Code\\PSoC_Creator\\Design01\\Design01.cydsn\000"
 1769      5C436F64 
 1769      655C5053 
 1769      6F435F43 
 1769      72656174 
 1770              	.LASF46:
 1771 041f 6973725F 		.ascii	"isr_BC_flag\000"
 1771      42435F66 
 1771      6C616700 
 1772              	.LASF3:
 1773 042b 5F5F696E 		.ascii	"__int16_t\000"
 1773      7431365F 
 1773      7400
 1774              	.LASF78:
 1775 0435 6C6F7765 		.ascii	"lowerdstaddr2\000"
 1775      72647374 
 1775      61646472 
 1775      3200
ARM GAS  C:\Users\SCOTTC~1\AppData\Local\Temp\cc7Q0PuC.s 			page 40


 1776              	.LASF59:
 1777 0443 444D415F 		.ascii	"DMA_4_TD\000"
 1777      345F5444 
 1777      00
 1778              	.LASF79:
 1779 044c 6D766E67 		.ascii	"mvngaverage\000"
 1779      61766572 
 1779      61676500 
 1780              	.LASF48:
 1781 0458 49544D5F 		.ascii	"ITM_RxBuffer\000"
 1781      52784275 
 1781      66666572 
 1781      00
 1782              	.LASF54:
 1783 0465 41444332 		.ascii	"ADC2Filter_DMA_Chan\000"
 1783      46696C74 
 1783      65725F44 
 1783      4D415F43 
 1783      68616E00 
 1784              		.ident	"GCC: (GNU Tools for ARM Embedded Processors) 4.8.4 20140526 (release) [ARM/embedded-4_8-br
